#
# There is insufficient memory for the Java Runtime Environment to continue.
# Native memory allocation (malloc) failed to allocate 32784 bytes. Error detail: Chunk::new
# Possible reasons:
#   The system is out of physical RAM or swap space
#   This process is running with CompressedOops enabled, and the Java Heap may be blocking the growth of the native heap
# Possible solutions:
#   Reduce memory load on the system
#   Increase physical memory or swap space
#   Check if swap backing store is full
#   Decrease Java heap size (-Xmx/-Xms)
#   Decrease number of Java threads
#   Decrease Java thread stack sizes (-Xss)
#   Set larger code cache with -XX:ReservedCodeCacheSize=
#   JVM is running with Unscaled Compressed Oops mode in which the Java heap is
#     placed in the first 4GB address space. The Java Heap base address is the
#     maximum limit for the native heap growth. Please use -XX:HeapBaseMinAddress
#     to set the Java Heap base and to place the Java Heap above 4GB virtual address.
# This output file may be truncated or incomplete.
#
#  Out of Memory Error (arena.cpp:168), pid=9016, tid=8488
#
# JRE version: OpenJDK Runtime Environment Temurin-21.0.10+7 (21.0.10+7) (build 21.0.10+7-LTS)
# Java VM: OpenJDK 64-Bit Server VM Temurin-21.0.10+7 (21.0.10+7-LTS, mixed mode, sharing, tiered, compressed oops, compressed class ptrs, g1 gc, windows-amd64)
# No core dump will be written. Minidumps are not enabled by default on client versions of Windows
#

---------------  S U M M A R Y ------------

Command Line: --add-opens=java.base/java.lang=ALL-UNNAMED --add-opens=java.base/java.lang.invoke=ALL-UNNAMED --add-opens=java.base/java.util=ALL-UNNAMED --add-opens=java.prefs/java.util.prefs=ALL-UNNAMED --add-exports=jdk.compiler/com.sun.tools.javac.api=ALL-UNNAMED --add-exports=jdk.compiler/com.sun.tools.javac.util=ALL-UNNAMED --add-opens=java.base/java.util=ALL-UNNAMED --add-opens=java.prefs/java.util.prefs=ALL-UNNAMED --add-opens=java.base/java.nio.charset=ALL-UNNAMED --add-opens=java.base/java.net=ALL-UNNAMED --add-opens=java.base/java.util.concurrent=ALL-UNNAMED --add-opens=java.base/java.util.concurrent.atomic=ALL-UNNAMED --add-opens=java.xml/javax.xml.namespace=ALL-UNNAMED --add-opens=java.base/java.time=ALL-UNNAMED -Xmx2048m -Dfile.encoding=UTF-8 -Duser.country=US -Duser.language=en -Duser.variant -javaagent:C:\Users\bac\.gradle\wrapper\dists\gradle-9.1.0-bin\9agqghryom9wkf8r80qlhnts3\gradle-9.1.0\lib\agents\gradle-instrumentation-agent-9.1.0.jar org.gradle.launcher.daemon.bootstrap.GradleDaemon 9.1.0

Host: AMD Ryzen 5 5600H with Radeon Graphics         , 12 cores, 13G,  Windows 11 , 64 bit Build 26100 (10.0.26100.8246)
Time: Fri Apr 24 20:45:39 2026 SE Asia Standard Time elapsed time: 11.315055 seconds (0d 0h 0m 11s)

---------------  T H R E A D  ---------------

Current thread (0x000001c57e73a280):  JavaThread "C2 CompilerThread0" daemon [_thread_in_native, id=8488, stack(0x0000002ff8d00000,0x0000002ff8e00000) (1024K)]


Current CompileTask:
C2:11315 3234 %     4       com.google.common.io.LineBuffer::add @ 47 (204 bytes)

Stack: [0x0000002ff8d00000,0x0000002ff8e00000]
Native frames: (J=compiled Java code, j=interpreted, Vv=VM code, C=native code)
V  [jvm.dll+0x6d7a39]
V  [jvm.dll+0x8b4b26]
V  [jvm.dll+0x8b70de]
V  [jvm.dll+0x8b77c3]
V  [jvm.dll+0x284346]
V  [jvm.dll+0xc66ed]
V  [jvm.dll+0xc6c31]
V  [jvm.dll+0xc6815]
V  [jvm.dll+0x6b2b0c]
V  [jvm.dll+0x5fe4cf]
V  [jvm.dll+0x255b17]
V  [jvm.dll+0x24dc0b]
V  [jvm.dll+0x24ba42]
V  [jvm.dll+0x1cb34e]
V  [jvm.dll+0x25b85d]
V  [jvm.dll+0x259dea]
V  [jvm.dll+0x3f857e]
V  [jvm.dll+0x85f59d]
V  [jvm.dll+0x6d626d]
C  [ucrtbase.dll+0x37b0]
C  [KERNEL32.DLL+0x2e8d7]
C  [ntdll.dll+0x8c3fc]


---------------  P R O C E S S  ---------------

Threads class SMR info:
_java_thread_list=0x000001c5562a3110, length=25, elements={
0x000001c575b2faf0, 0x000001c57e72d160, 0x000001c57e72fbd0, 0x000001c57e730630,
0x000001c57e7330a0, 0x000001c57e733b00, 0x000001c57e7370e0, 0x000001c57e73a280,
0x000001c57e73dd20, 0x000001c57e9c7710, 0x000001c57ea772e0, 0x000001c5550230c0,
0x000001c5551319a0, 0x000001c5551785f0, 0x000001c5552d3a10, 0x000001c55509b5b0,
0x000001c55509bc40, 0x000001c55509a200, 0x000001c555099b70, 0x000001c55509a890,
0x000001c55509af20, 0x000001c5550987c0, 0x000001c555098e50, 0x000001c5550994e0,
0x000001c5566d3030
}

Java Threads: ( => current thread )
  0x000001c575b2faf0 JavaThread "main"                              [_thread_blocked, id=4968, stack(0x0000002ff7f00000,0x0000002ff8000000) (1024K)]
  0x000001c57e72d160 JavaThread "Reference Handler"          daemon [_thread_blocked, id=888, stack(0x0000002ff8700000,0x0000002ff8800000) (1024K)]
  0x000001c57e72fbd0 JavaThread "Finalizer"                  daemon [_thread_blocked, id=29108, stack(0x0000002ff8800000,0x0000002ff8900000) (1024K)]
  0x000001c57e730630 JavaThread "Signal Dispatcher"          daemon [_thread_blocked, id=14268, stack(0x0000002ff8900000,0x0000002ff8a00000) (1024K)]
  0x000001c57e7330a0 JavaThread "Attach Listener"            daemon [_thread_blocked, id=2900, stack(0x0000002ff8a00000,0x0000002ff8b00000) (1024K)]
  0x000001c57e733b00 JavaThread "Service Thread"             daemon [_thread_blocked, id=21224, stack(0x0000002ff8b00000,0x0000002ff8c00000) (1024K)]
  0x000001c57e7370e0 JavaThread "Monitor Deflation Thread"   daemon [_thread_blocked, id=24116, stack(0x0000002ff8c00000,0x0000002ff8d00000) (1024K)]
=>0x000001c57e73a280 JavaThread "C2 CompilerThread0"         daemon [_thread_in_native, id=8488, stack(0x0000002ff8d00000,0x0000002ff8e00000) (1024K)]
  0x000001c57e73dd20 JavaThread "C1 CompilerThread0"         daemon [_thread_blocked, id=29904, stack(0x0000002ff8e00000,0x0000002ff8f00000) (1024K)]
  0x000001c57e9c7710 JavaThread "Common-Cleaner"             daemon [_thread_blocked, id=28480, stack(0x0000002ff8f00000,0x0000002ff9000000) (1024K)]
  0x000001c57ea772e0 JavaThread "Notification Thread"        daemon [_thread_blocked, id=29964, stack(0x0000002ff9000000,0x0000002ff9100000) (1024K)]
  0x000001c5550230c0 JavaThread "Daemon health stats"               [_thread_blocked, id=22036, stack(0x0000002ff9900000,0x0000002ff9a00000) (1024K)]
  0x000001c5551319a0 JavaThread "Incoming local TCP Connector on port 50118"        [_thread_in_native, id=17656, stack(0x0000002ff9a00000,0x0000002ff9b00000) (1024K)]
  0x000001c5551785f0 JavaThread "Daemon periodic checks"            [_thread_blocked, id=7492, stack(0x0000002ff9100000,0x0000002ff9200000) (1024K)]
  0x000001c5552d3a10 JavaThread "Daemon"                            [_thread_blocked, id=3060, stack(0x0000002ff9b00000,0x0000002ff9c00000) (1024K)]
  0x000001c55509b5b0 JavaThread "Handler for socket connection from /127.0.0.1:50118 to /127.0.0.1:50119"        [_thread_in_native, id=30312, stack(0x0000002ff9c00000,0x0000002ff9d00000) (1024K)]
  0x000001c55509bc40 JavaThread "Cancel handler"                    [_thread_blocked, id=25988, stack(0x0000002ff9d00000,0x0000002ff9e00000) (1024K)]
  0x000001c55509a200 JavaThread "Daemon worker"                     [_thread_in_Java, id=2544, stack(0x0000002ff9e00000,0x0000002ff9f00000) (1024K)]
  0x000001c555099b70 JavaThread "Asynchronous log dispatcher for DefaultDaemonConnection: socket connection from /127.0.0.1:50118 to /127.0.0.1:50119"        [_thread_blocked, id=14856, stack(0x0000002ff9f00000,0x0000002ffa000000) (1024K)]
  0x000001c55509a890 JavaThread "Stdin handler"                     [_thread_blocked, id=23420, stack(0x0000002ffa000000,0x0000002ffa100000) (1024K)]
  0x000001c55509af20 JavaThread "Daemon client event forwarder"        [_thread_blocked, id=27408, stack(0x0000002ffa100000,0x0000002ffa200000) (1024K)]
  0x000001c5550987c0 JavaThread "Cache worker for journal cache (C:\Users\bac\.gradle\caches\journal-1)"        [_thread_blocked, id=4112, stack(0x0000002ffa200000,0x0000002ffa300000) (1024K)]
  0x000001c555098e50 JavaThread "File lock request listener"        [_thread_in_native, id=28012, stack(0x0000002ffa300000,0x0000002ffa400000) (1024K)]
  0x000001c5550994e0 JavaThread "Cache worker for file hash cache (C:\Users\bac\.gradle\caches\9.1.0\fileHashes)"        [_thread_blocked, id=29248, stack(0x0000002ffa400000,0x0000002ffa500000) (1024K)]
  0x000001c5566d3030 JavaThread "C2 CompilerThread1"         daemon [_thread_in_vm, id=29004, stack(0x0000002ffa900000,0x0000002ffaa00000) (1024K)]
Total: 25

Other Threads:
  0x000001c57e70fe60 VMThread "VM Thread"                           [id=29316, stack(0x0000002ff8600000,0x0000002ff8700000) (1024K)]
  0x000001c57e6ff1b0 WatcherThread "VM Periodic Task Thread"        [id=2228, stack(0x0000002ff8500000,0x0000002ff8600000) (1024K)]
  0x000001c575b89b40 WorkerThread "GC Thread#0"                     [id=10728, stack(0x0000002ff8000000,0x0000002ff8100000) (1024K)]
  0x000001c57eb0f5f0 WorkerThread "GC Thread#1"                     [id=18308, stack(0x0000002ff9300000,0x0000002ff9400000) (1024K)]
  0x000001c57ece6270 WorkerThread "GC Thread#2"                     [id=7736, stack(0x0000002ff9400000,0x0000002ff9500000) (1024K)]
  0x000001c57ece6620 WorkerThread "GC Thread#3"                     [id=24608, stack(0x0000002ff9500000,0x0000002ff9600000) (1024K)]
  0x000001c57eaa80a0 WorkerThread "GC Thread#4"                     [id=2236, stack(0x0000002ff9600000,0x0000002ff9700000) (1024K)]
  0x000001c554350cf0 WorkerThread "GC Thread#5"                     [id=28888, stack(0x0000002ff9200000,0x0000002ff9300000) (1024K)]
  0x000001c554471fb0 WorkerThread "GC Thread#6"                     [id=30228, stack(0x0000002ff9700000,0x0000002ff9800000) (1024K)]
  0x000001c554475850 WorkerThread "GC Thread#7"                     [id=8900, stack(0x0000002ff9800000,0x0000002ff9900000) (1024K)]
  0x000001c555e86340 WorkerThread "GC Thread#8"                     [id=29224, stack(0x0000002ffa500000,0x0000002ffa600000) (1024K)]
  0x000001c555e84970 WorkerThread "GC Thread#9"                     [id=28724, stack(0x0000002ffa600000,0x0000002ffa700000) (1024K)]
  0x000001c575b9aa40 ConcurrentGCThread "G1 Main Marker"            [id=22668, stack(0x0000002ff8100000,0x0000002ff8200000) (1024K)]
  0x000001c575b9b460 WorkerThread "G1 Conc#0"                       [id=29264, stack(0x0000002ff8200000,0x0000002ff8300000) (1024K)]
  0x000001c555e84d20 WorkerThread "G1 Conc#1"                       [id=5008, stack(0x0000002ffa700000,0x0000002ffa800000) (1024K)]
  0x000001c555e85480 WorkerThread "G1 Conc#2"                       [id=5744, stack(0x0000002ffa800000,0x0000002ffa900000) (1024K)]
  0x000001c57e5cdd00 ConcurrentGCThread "G1 Refine#0"               [id=9580, stack(0x0000002ff8300000,0x0000002ff8400000) (1024K)]
  0x000001c57e5ce790 ConcurrentGCThread "G1 Service"                [id=22656, stack(0x0000002ff8400000,0x0000002ff8500000) (1024K)]
Total: 18

Threads with active compile tasks:
C2 CompilerThread0  11353 3234 %     4       com.google.common.io.LineBuffer::add @ 47 (204 bytes)
C2 CompilerThread1  11353 3254       4       java.lang.invoke.MemberName::getInvocationType (56 bytes)
Total: 2

VM state: not at safepoint (normal execution)

VM Mutex/Monitor currently owned by a thread: None

Heap address: 0x0000000080000000, size: 2048 MB, Compressed Oops mode: 32-bit

CDS archive(s) mapped at: [0x000001c50f000000-0x000001c50fba0000-0x000001c50fba0000), size 12189696, SharedBaseAddress: 0x000001c50f000000, ArchiveRelocationMode: 1.
Compressed class space mapped at: 0x000001c510000000-0x000001c550000000, reserved size: 1073741824
Narrow klass base: 0x000001c50f000000, Narrow klass shift: 0, Narrow klass range: 0x100000000

GC Precious Log:
 CardTable entry size: 512
 Card Set container configuration: InlinePtr #cards 5 size 8 Array Of Cards #cards 12 size 40 Howl #buckets 4 coarsen threshold 1843 Howl Bitmap #cards 512 size 80 coarsen threshold 460 Card regions per heap region 1 cards per card region 2048
 CPUs: 12 total, 12 available
 Memory: 14188M
 Large Page Support: Disabled
 NUMA Support: Disabled
 Compressed Oops: Enabled (32-bit)
 Heap Region Size: 1M
 Heap Min Capacity: 8M
 Heap Initial Capacity: 222M
 Heap Max Capacity: 2G
 Pre-touch: Disabled
 Parallel Workers: 10
 Concurrent Workers: 3
 Concurrent Refinement Workers: 10
 Periodic GC: Disabled

Heap:
 garbage-first heap   total 78848K, used 42589K [0x0000000080000000, 0x0000000100000000)
  region size 1024K, 32 young (32768K), 11 survivors (11264K)
 Metaspace       used 23158K, committed 24000K, reserved 1114112K
  class space    used 3289K, committed 3712K, reserved 1048576K

Heap Regions: E=young(eden), S=young(survivor), O=old, HS=humongous(starts), HC=humongous(continues), CS=collection set, F=free, TAMS=top-at-mark-start, PB=parsable bottom
|   0|0x0000000080000000, 0x0000000080100000, 0x0000000080100000|100%|HS|  |TAMS 0x0000000080000000| PB 0x0000000080000000| Complete 
|   1|0x0000000080100000, 0x0000000080200000, 0x0000000080200000|100%|HC|  |TAMS 0x0000000080100000| PB 0x0000000080100000| Complete 
|   2|0x0000000080200000, 0x0000000080300000, 0x0000000080300000|100%|HC|  |TAMS 0x0000000080200000| PB 0x0000000080200000| Complete 
|   3|0x0000000080300000, 0x0000000080400000, 0x0000000080400000|100%| O|  |TAMS 0x0000000080300000| PB 0x0000000080300000| Untracked 
|   4|0x0000000080400000, 0x0000000080500000, 0x0000000080500000|100%| O|  |TAMS 0x0000000080400000| PB 0x0000000080400000| Untracked 
|   5|0x0000000080500000, 0x0000000080600000, 0x0000000080600000|100%| O|  |TAMS 0x0000000080500000| PB 0x0000000080500000| Untracked 
|   6|0x0000000080600000, 0x0000000080700000, 0x0000000080700000|100%|HS|  |TAMS 0x0000000080600000| PB 0x0000000080600000| Complete 
|   7|0x0000000080700000, 0x0000000080700000, 0x0000000080800000|  0%| F|  |TAMS 0x0000000080700000| PB 0x0000000080700000| Untracked 
|   8|0x0000000080800000, 0x0000000080900000, 0x0000000080900000|100%| O|  |TAMS 0x0000000080800000| PB 0x0000000080800000| Untracked 
|   9|0x0000000080900000, 0x0000000080a00000, 0x0000000080a00000|100%| O|  |TAMS 0x0000000080900000| PB 0x0000000080900000| Untracked 
|  10|0x0000000080a00000, 0x0000000080b00000, 0x0000000080b00000|100%| O|  |TAMS 0x0000000080a00000| PB 0x0000000080a00000| Untracked 
|  11|0x0000000080b00000, 0x0000000080c00000, 0x0000000080c00000|100%| O|  |TAMS 0x0000000080b00000| PB 0x0000000080b00000| Untracked 
|  12|0x0000000080c00000, 0x0000000080c97708, 0x0000000080d00000| 59%| O|Cm|TAMS 0x0000000080c00000| PB 0x0000000080c00000| Complete 
|  13|0x0000000080d00000, 0x0000000080d00000, 0x0000000080e00000|  0%| F|  |TAMS 0x0000000080d00000| PB 0x0000000080d00000| Untracked 
|  14|0x0000000080e00000, 0x0000000080e00000, 0x0000000080f00000|  0%| F|  |TAMS 0x0000000080e00000| PB 0x0000000080e00000| Untracked 
|  15|0x0000000080f00000, 0x0000000080f00000, 0x0000000081000000|  0%| F|  |TAMS 0x0000000080f00000| PB 0x0000000080f00000| Untracked 
|  16|0x0000000081000000, 0x0000000081000000, 0x0000000081100000|  0%| F|  |TAMS 0x0000000081000000| PB 0x0000000081000000| Untracked 
|  17|0x0000000081100000, 0x0000000081100000, 0x0000000081200000|  0%| F|  |TAMS 0x0000000081100000| PB 0x0000000081100000| Untracked 
|  18|0x0000000081200000, 0x0000000081200000, 0x0000000081300000|  0%| F|  |TAMS 0x0000000081200000| PB 0x0000000081200000| Untracked 
|  19|0x0000000081300000, 0x0000000081300000, 0x0000000081400000|  0%| F|  |TAMS 0x0000000081300000| PB 0x0000000081300000| Untracked 
|  20|0x0000000081400000, 0x0000000081400000, 0x0000000081500000|  0%| F|  |TAMS 0x0000000081400000| PB 0x0000000081400000| Untracked 
|  21|0x0000000081500000, 0x0000000081500000, 0x0000000081600000|  0%| F|  |TAMS 0x0000000081500000| PB 0x0000000081500000| Untracked 
|  22|0x0000000081600000, 0x0000000081600000, 0x0000000081700000|  0%| F|  |TAMS 0x0000000081600000| PB 0x0000000081600000| Untracked 
|  23|0x0000000081700000, 0x0000000081700000, 0x0000000081800000|  0%| F|  |TAMS 0x0000000081700000| PB 0x0000000081700000| Untracked 
|  24|0x0000000081800000, 0x0000000081800000, 0x0000000081900000|  0%| F|  |TAMS 0x0000000081800000| PB 0x0000000081800000| Untracked 
|  25|0x0000000081900000, 0x0000000081900000, 0x0000000081a00000|  0%| F|  |TAMS 0x0000000081900000| PB 0x0000000081900000| Untracked 
|  26|0x0000000081a00000, 0x0000000081a00000, 0x0000000081b00000|  0%| F|  |TAMS 0x0000000081a00000| PB 0x0000000081a00000| Untracked 
|  27|0x0000000081b00000, 0x0000000081b00000, 0x0000000081c00000|  0%| F|  |TAMS 0x0000000081b00000| PB 0x0000000081b00000| Untracked 
|  28|0x0000000081c00000, 0x0000000081c00000, 0x0000000081d00000|  0%| F|  |TAMS 0x0000000081c00000| PB 0x0000000081c00000| Untracked 
|  29|0x0000000081d00000, 0x0000000081d00000, 0x0000000081e00000|  0%| F|  |TAMS 0x0000000081d00000| PB 0x0000000081d00000| Untracked 
|  30|0x0000000081e00000, 0x0000000081e00000, 0x0000000081f00000|  0%| F|  |TAMS 0x0000000081e00000| PB 0x0000000081e00000| Untracked 
|  31|0x0000000081f00000, 0x0000000081f00000, 0x0000000082000000|  0%| F|  |TAMS 0x0000000081f00000| PB 0x0000000081f00000| Untracked 
|  32|0x0000000082000000, 0x0000000082000000, 0x0000000082100000|  0%| F|  |TAMS 0x0000000082000000| PB 0x0000000082000000| Untracked 
|  33|0x0000000082100000, 0x0000000082100000, 0x0000000082200000|  0%| F|  |TAMS 0x0000000082100000| PB 0x0000000082100000| Untracked 
|  34|0x0000000082200000, 0x0000000082200000, 0x0000000082300000|  0%| F|  |TAMS 0x0000000082200000| PB 0x0000000082200000| Untracked 
|  35|0x0000000082300000, 0x0000000082300000, 0x0000000082400000|  0%| F|  |TAMS 0x0000000082300000| PB 0x0000000082300000| Untracked 
|  36|0x0000000082400000, 0x0000000082400000, 0x0000000082500000|  0%| F|  |TAMS 0x0000000082400000| PB 0x0000000082400000| Untracked 
|  37|0x0000000082500000, 0x0000000082500000, 0x0000000082600000|  0%| F|  |TAMS 0x0000000082500000| PB 0x0000000082500000| Untracked 
|  38|0x0000000082600000, 0x0000000082600000, 0x0000000082700000|  0%| F|  |TAMS 0x0000000082600000| PB 0x0000000082600000| Untracked 
|  39|0x0000000082700000, 0x0000000082700000, 0x0000000082800000|  0%| F|  |TAMS 0x0000000082700000| PB 0x0000000082700000| Untracked 
|  40|0x0000000082800000, 0x0000000082800000, 0x0000000082900000|  0%| F|  |TAMS 0x0000000082800000| PB 0x0000000082800000| Untracked 
|  41|0x0000000082900000, 0x0000000082900000, 0x0000000082a00000|  0%| F|  |TAMS 0x0000000082900000| PB 0x0000000082900000| Untracked 
|  42|0x0000000082a00000, 0x0000000082a00000, 0x0000000082b00000|  0%| F|  |TAMS 0x0000000082a00000| PB 0x0000000082a00000| Untracked 
|  43|0x0000000082b00000, 0x0000000082b00000, 0x0000000082c00000|  0%| F|  |TAMS 0x0000000082b00000| PB 0x0000000082b00000| Untracked 
|  44|0x0000000082c00000, 0x0000000082c00000, 0x0000000082d00000|  0%| F|  |TAMS 0x0000000082c00000| PB 0x0000000082c00000| Untracked 
|  45|0x0000000082d00000, 0x0000000082d80000, 0x0000000082e00000| 50%| E|  |TAMS 0x0000000082d00000| PB 0x0000000082d00000| Complete 
|  46|0x0000000082e00000, 0x0000000082f00000, 0x0000000082f00000|100%| E|CS|TAMS 0x0000000082e00000| PB 0x0000000082e00000| Complete 
|  47|0x0000000082f00000, 0x0000000083000000, 0x0000000083000000|100%| E|CS|TAMS 0x0000000082f00000| PB 0x0000000082f00000| Complete 
|  48|0x0000000083000000, 0x0000000083100000, 0x0000000083100000|100%| E|CS|TAMS 0x0000000083000000| PB 0x0000000083000000| Complete 
|  49|0x0000000083100000, 0x0000000083200000, 0x0000000083200000|100%| E|CS|TAMS 0x0000000083100000| PB 0x0000000083100000| Complete 
|  50|0x0000000083200000, 0x0000000083300000, 0x0000000083300000|100%| E|CS|TAMS 0x0000000083200000| PB 0x0000000083200000| Complete 
|  51|0x0000000083300000, 0x0000000083400000, 0x0000000083400000|100%| E|CS|TAMS 0x0000000083300000| PB 0x0000000083300000| Complete 
|  52|0x0000000083400000, 0x0000000083500000, 0x0000000083500000|100%| E|CS|TAMS 0x0000000083400000| PB 0x0000000083400000| Complete 
|  53|0x0000000083500000, 0x0000000083600000, 0x0000000083600000|100%| E|CS|TAMS 0x0000000083500000| PB 0x0000000083500000| Complete 
|  54|0x0000000083600000, 0x0000000083700000, 0x0000000083700000|100%| E|CS|TAMS 0x0000000083600000| PB 0x0000000083600000| Complete 
|  55|0x0000000083700000, 0x0000000083800000, 0x0000000083800000|100%| E|CS|TAMS 0x0000000083700000| PB 0x0000000083700000| Complete 
|  56|0x0000000083800000, 0x0000000083900000, 0x0000000083900000|100%| E|CS|TAMS 0x0000000083800000| PB 0x0000000083800000| Complete 
|  57|0x0000000083900000, 0x0000000083a00000, 0x0000000083a00000|100%| E|CS|TAMS 0x0000000083900000| PB 0x0000000083900000| Complete 
|  58|0x0000000083a00000, 0x0000000083b00000, 0x0000000083b00000|100%| E|CS|TAMS 0x0000000083a00000| PB 0x0000000083a00000| Complete 
|  59|0x0000000083b00000, 0x0000000083c00000, 0x0000000083c00000|100%| E|CS|TAMS 0x0000000083b00000| PB 0x0000000083b00000| Complete 
|  60|0x0000000083c00000, 0x0000000083d00000, 0x0000000083d00000|100%| E|CS|TAMS 0x0000000083c00000| PB 0x0000000083c00000| Complete 
|  61|0x0000000083d00000, 0x0000000083e00000, 0x0000000083e00000|100%| E|CS|TAMS 0x0000000083d00000| PB 0x0000000083d00000| Complete 
|  62|0x0000000083e00000, 0x0000000083f00000, 0x0000000083f00000|100%| E|CS|TAMS 0x0000000083e00000| PB 0x0000000083e00000| Complete 
|  63|0x0000000083f00000, 0x0000000084000000, 0x0000000084000000|100%| E|CS|TAMS 0x0000000083f00000| PB 0x0000000083f00000| Complete 
|  64|0x0000000084000000, 0x0000000084100000, 0x0000000084100000|100%| E|CS|TAMS 0x0000000084000000| PB 0x0000000084000000| Complete 
| 122|0x0000000087a00000, 0x0000000087b00000, 0x0000000087b00000|100%| S|CS|TAMS 0x0000000087a00000| PB 0x0000000087a00000| Complete 
| 123|0x0000000087b00000, 0x0000000087c00000, 0x0000000087c00000|100%| S|CS|TAMS 0x0000000087b00000| PB 0x0000000087b00000| Complete 
| 124|0x0000000087c00000, 0x0000000087d00000, 0x0000000087d00000|100%| S|CS|TAMS 0x0000000087c00000| PB 0x0000000087c00000| Complete 
| 125|0x0000000087d00000, 0x0000000087e00000, 0x0000000087e00000|100%| S|CS|TAMS 0x0000000087d00000| PB 0x0000000087d00000| Complete 
| 126|0x0000000087e00000, 0x0000000087f00000, 0x0000000087f00000|100%| S|CS|TAMS 0x0000000087e00000| PB 0x0000000087e00000| Complete 
| 127|0x0000000087f00000, 0x0000000088000000, 0x0000000088000000|100%| S|CS|TAMS 0x0000000087f00000| PB 0x0000000087f00000| Complete 
| 128|0x0000000088000000, 0x0000000088100000, 0x0000000088100000|100%| S|CS|TAMS 0x0000000088000000| PB 0x0000000088000000| Complete 
| 129|0x0000000088100000, 0x0000000088200000, 0x0000000088200000|100%| S|CS|TAMS 0x0000000088100000| PB 0x0000000088100000| Complete 
| 130|0x0000000088200000, 0x0000000088300000, 0x0000000088300000|100%| S|CS|TAMS 0x0000000088200000| PB 0x0000000088200000| Complete 
| 131|0x0000000088300000, 0x0000000088400000, 0x0000000088400000|100%| S|CS|TAMS 0x0000000088300000| PB 0x0000000088300000| Complete 
| 132|0x0000000088400000, 0x0000000088500000, 0x0000000088500000|100%| S|CS|TAMS 0x0000000088400000| PB 0x0000000088400000| Complete 
| 221|0x000000008dd00000, 0x000000008de00000, 0x000000008de00000|100%| E|  |TAMS 0x000000008dd00000| PB 0x000000008dd00000| Complete 

Card table byte_map: [0x000001c579680000,0x000001c579a80000] _byte_map_base: 0x000001c579280000

Marking Bits: (CMBitMap*) 0x000001c575b8a160
 Bits: [0x000001c579a80000, 0x000001c57ba80000)

Polling page: 0x000001c573d70000

Metaspace:

Usage:
  Non-class:     19.40 MB used.
      Class:      3.21 MB used.
       Both:     22.62 MB used.

Virtual space:
  Non-class space:       64.00 MB reserved,      19.81 MB ( 31%) committed,  1 nodes.
      Class space:        1.00 GB reserved,       3.62 MB ( <1%) committed,  1 nodes.
             Both:        1.06 GB reserved,      23.44 MB (  2%) committed. 

Chunk freelists:
   Non-Class:  11.77 MB
       Class:  12.23 MB
        Both:  24.00 MB

MaxMetaspaceSize: unlimited
CompressedClassSpaceSize: 1.00 GB
Initial GC threshold: 21.00 MB
Current GC threshold: 35.12 MB
CDS: on
 - commit_granule_bytes: 65536.
 - commit_granule_words: 8192.
 - virtual_space_node_default_size: 8388608.
 - enlarge_chunks_in_place: 1.
 - use_allocation_guard: 0.


Internal statistics:

num_allocs_failed_limit: 3.
num_arena_births: 1142.
num_arena_deaths: 0.
num_vsnodes_births: 2.
num_vsnodes_deaths: 0.
num_space_committed: 375.
num_space_uncommitted: 0.
num_chunks_returned_to_freelist: 3.
num_chunks_taken_from_freelist: 2121.
num_chunk_merges: 3.
num_chunk_splits: 1374.
num_chunks_enlarged: 862.
num_inconsistent_stats: 0.

CodeHeap 'non-profiled nmethods': size=120000Kb used=1767Kb max_used=1767Kb free=118232Kb
 bounds [0x000001c507ad0000, 0x000001c507d40000, 0x000001c50f000000]
CodeHeap 'profiled nmethods': size=120000Kb used=6402Kb max_used=6402Kb free=113597Kb
 bounds [0x000001c500000000, 0x000001c500650000, 0x000001c507530000]
CodeHeap 'non-nmethods': size=5760Kb used=1425Kb max_used=1465Kb free=4334Kb
 bounds [0x000001c507530000, 0x000001c5077a0000, 0x000001c507ad0000]
CodeCache: size=245760Kb, used=9594Kb, max_used=9634Kb, free=236163Kb
 total_blobs=3836, nmethods=3252, adapters=488, full_count=0
Compilation: enabled, stopped_count=0, restarted_count=0

Compilation events (20 events):
Event: 11.281 Thread 0x000001c57e73dd20 3236       3       com.google.common.base.AbstractIterator::<init> (12 bytes)
Event: 11.281 Thread 0x000001c57e73dd20 nmethod 3236 0x000001c500636d10 code [0x000001c500636ec0, 0x000001c500637090]
Event: 11.281 Thread 0x000001c57e73dd20 3238       1       com.google.common.collect.ImmutableMapEntry::isReusable (2 bytes)
Event: 11.282 Thread 0x000001c57e73dd20 nmethod 3238 0x000001c507c84490 code [0x000001c507c84620, 0x000001c507c846e8]
Event: 11.282 Thread 0x000001c57e73dd20 3239       3       com.google.common.collect.RegularImmutableMap::checkNoConflictInKeyBucket (85 bytes)
Event: 11.282 Thread 0x000001c57e73dd20 nmethod 3239 0x000001c500637190 code [0x000001c500637480, 0x000001c5006382e0]
Event: 11.282 Thread 0x000001c57e73dd20 3242       3       com.google.common.collect.ImmutableMapEntry::<init> (12 bytes)
Event: 11.283 Thread 0x000001c57e73dd20 nmethod 3242 0x000001c500638890 code [0x000001c500638a60, 0x000001c500638d68]
Event: 11.283 Thread 0x000001c57e73dd20 3240       3       com.google.common.collect.RegularImmutableMap::makeImmutable (44 bytes)
Event: 11.283 Thread 0x000001c57e73dd20 nmethod 3240 0x000001c500638e90 code [0x000001c5006390a0, 0x000001c500639900]
Event: 11.283 Thread 0x000001c57e73dd20 3241       1       com.google.common.collect.ImmutableMapEntry::getNextInKeyBucket (2 bytes)
Event: 11.283 Thread 0x000001c57e73dd20 nmethod 3241 0x000001c507c84790 code [0x000001c507c84920, 0x000001c507c849f0]
Event: 11.283 Thread 0x000001c57e73dd20 3244       3       com.google.common.collect.ImmutableMapEntry$NonTerminalImmutableMapEntry::<init> (12 bytes)
Event: 11.283 Thread 0x000001c57e73dd20 nmethod 3244 0x000001c500639b10 code [0x000001c500639ce0, 0x000001c50063a0c8]
Event: 11.283 Thread 0x000001c57e73dd20 3243       1       com.google.common.collect.ImmutableMapEntry$NonTerminalImmutableMapEntry::getNextInKeyBucket (5 bytes)
Event: 11.283 Thread 0x000001c57e73dd20 nmethod 3243 0x000001c507c84a90 code [0x000001c507c84c20, 0x000001c507c84ce8]
Event: 11.291 Thread 0x000001c57e73a280 nmethod 3229% 0x000001c507c84d90 code [0x000001c507c84f40, 0x000001c507c85418]
Event: 11.291 Thread 0x000001c57e73a280 3237       4       java.util.ArrayDeque::add (7 bytes)
Event: 11.294 Thread 0x000001c57e73a280 nmethod 3237 0x000001c507c85610 code [0x000001c507c857c0, 0x000001c507c85a20]
Event: 11.294 Thread 0x000001c57e73a280 3234 %     4       com.google.common.io.LineBuffer::add @ 47 (204 bytes)

GC Heap History (8 events):
Event: 0.683 GC heap before
{Heap before GC invocations=0 (full 0):
 garbage-first heap   total 227328K, used 22528K [0x0000000080000000, 0x0000000100000000)
  region size 1024K, 23 young (23552K), 0 survivors (0K)
 Metaspace       used 1042K, committed 1152K, reserved 1114112K
  class space    used 81K, committed 128K, reserved 1048576K
}
Event: 0.704 GC heap after
{Heap after GC invocations=1 (full 0):
 garbage-first heap   total 227328K, used 1891K [0x0000000080000000, 0x0000000100000000)
  region size 1024K, 2 young (2048K), 2 survivors (2048K)
 Metaspace       used 1042K, committed 1152K, reserved 1114112K
  class space    used 81K, committed 128K, reserved 1048576K
}
Event: 1.755 GC heap before
{Heap before GC invocations=1 (full 0):
 garbage-first heap   total 227328K, used 40803K [0x0000000080000000, 0x0000000100000000)
  region size 1024K, 38 young (38912K), 2 survivors (2048K)
 Metaspace       used 4516K, committed 4736K, reserved 1114112K
  class space    used 582K, committed 704K, reserved 1048576K
}
Event: 1.760 GC heap after
{Heap after GC invocations=2 (full 0):
 garbage-first heap   total 227328K, used 10857K [0x0000000080000000, 0x0000000100000000)
  region size 1024K, 5 young (5120K), 5 survivors (5120K)
 Metaspace       used 4516K, committed 4736K, reserved 1114112K
  class space    used 582K, committed 704K, reserved 1048576K
}
Event: 2.854 GC heap before
{Heap before GC invocations=2 (full 0):
 garbage-first heap   total 227328K, used 64105K [0x0000000080000000, 0x0000000100000000)
  region size 1024K, 55 young (56320K), 5 survivors (5120K)
 Metaspace       used 5989K, committed 6208K, reserved 1114112K
  class space    used 802K, committed 896K, reserved 1048576K
}
Event: 2.861 GC heap after
{Heap after GC invocations=3 (full 0):
 garbage-first heap   total 227328K, used 17736K [0x0000000080000000, 0x0000000100000000)
  region size 1024K, 6 young (6144K), 6 survivors (6144K)
 Metaspace       used 5989K, committed 6208K, reserved 1114112K
  class space    used 802K, committed 896K, reserved 1048576K
}
Event: 9.872 GC heap before
{Heap before GC invocations=3 (full 0):
 garbage-first heap   total 227328K, used 102728K [0x0000000080000000, 0x0000000100000000)
  region size 1024K, 89 young (91136K), 6 survivors (6144K)
 Metaspace       used 20827K, committed 21504K, reserved 1114112K
  class space    used 2906K, committed 3264K, reserved 1048576K
}
Event: 9.896 GC heap after
{Heap after GC invocations=4 (full 0):
 garbage-first heap   total 227328K, used 23133K [0x0000000080000000, 0x0000000100000000)
  region size 1024K, 11 young (11264K), 11 survivors (11264K)
 Metaspace       used 20827K, committed 21504K, reserved 1114112K
  class space    used 2906K, committed 3264K, reserved 1048576K
}

Dll operation events (14 events):
Event: 0.014 Loaded shared library C:\Users\bac\.antigravity\extensions\redhat.java-1.54.0-win32-x64\jre\21.0.10-win32-x86_64\bin\java.dll
Event: 0.140 Loaded shared library C:\Users\bac\.antigravity\extensions\redhat.java-1.54.0-win32-x64\jre\21.0.10-win32-x86_64\bin\zip.dll
Event: 0.168 Loaded shared library C:\Users\bac\.antigravity\extensions\redhat.java-1.54.0-win32-x64\jre\21.0.10-win32-x86_64\bin\instrument.dll
Event: 0.175 Loaded shared library C:\Users\bac\.antigravity\extensions\redhat.java-1.54.0-win32-x64\jre\21.0.10-win32-x86_64\bin\net.dll
Event: 0.180 Loaded shared library C:\Users\bac\.antigravity\extensions\redhat.java-1.54.0-win32-x64\jre\21.0.10-win32-x86_64\bin\nio.dll
Event: 0.189 Loaded shared library C:\Users\bac\.antigravity\extensions\redhat.java-1.54.0-win32-x64\jre\21.0.10-win32-x86_64\bin\zip.dll
Event: 0.635 Loaded shared library C:\Users\bac\.antigravity\extensions\redhat.java-1.54.0-win32-x64\jre\21.0.10-win32-x86_64\bin\jimage.dll
Event: 0.945 Loaded shared library C:\Users\bac\.antigravity\extensions\redhat.java-1.54.0-win32-x64\jre\21.0.10-win32-x86_64\bin\verify.dll
Event: 1.010 Loaded shared library C:\Users\bac\.gradle\native\1def1411415f61bf3af743bc5b6707747c0891f09f0c88961ee8f79bc544acac\windows-amd64\native-platform.dll
Event: 1.027 Loaded shared library C:\Users\bac\.gradle\native\0.2.8\x86_64-windows-gnu\gradle-fileevents.dll
Event: 2.898 Loaded shared library C:\Users\bac\.antigravity\extensions\redhat.java-1.54.0-win32-x64\jre\21.0.10-win32-x86_64\bin\management.dll
Event: 2.903 Loaded shared library C:\Users\bac\.antigravity\extensions\redhat.java-1.54.0-win32-x64\jre\21.0.10-win32-x86_64\bin\management_ext.dll
Event: 3.285 Loaded shared library C:\Users\bac\.antigravity\extensions\redhat.java-1.54.0-win32-x64\jre\21.0.10-win32-x86_64\bin\extnet.dll
Event: 3.722 Loaded shared library C:\Users\bac\.antigravity\extensions\redhat.java-1.54.0-win32-x64\jre\21.0.10-win32-x86_64\bin\sunmscapi.dll

Deoptimization events (20 events):
Event: 11.045 Thread 0x000001c55509a200 Uncommon trap: trap_request=0xffffff45 fr.pc=0x000001c507c6ceac relative=0x00000000000001cc
Event: 11.045 Thread 0x000001c55509a200 Uncommon trap: reason=unstable_if action=reinterpret pc=0x000001c507c6ceac method=java.util.HashMap.getNode(Ljava/lang/Object;)Ljava/util/HashMap$Node; @ 131 c2
Event: 11.045 Thread 0x000001c55509a200 DEOPT PACKING pc=0x000001c507c6ceac sp=0x0000002ff9efb300
Event: 11.045 Thread 0x000001c55509a200 DEOPT UNPACKING pc=0x000001c507584422 sp=0x0000002ff9efb220 mode 2
Event: 11.045 Thread 0x000001c55509a200 Uncommon trap: trap_request=0xffffff45 fr.pc=0x000001c507c68480 relative=0x0000000000000760
Event: 11.045 Thread 0x000001c55509a200 Uncommon trap: reason=unstable_if action=reinterpret pc=0x000001c507c68480 method=java.util.HashMap.putVal(ILjava/lang/Object;Ljava/lang/Object;ZZ)Ljava/lang/Object; @ 206 c2
Event: 11.045 Thread 0x000001c55509a200 DEOPT PACKING pc=0x000001c507c68480 sp=0x0000002ff9efb240
Event: 11.045 Thread 0x000001c55509a200 DEOPT UNPACKING pc=0x000001c507584422 sp=0x0000002ff9efb1c8 mode 2
Event: 11.045 Thread 0x000001c55509a200 Uncommon trap: trap_request=0xffffff45 fr.pc=0x000001c507c42898 relative=0x00000000000002b8
Event: 11.045 Thread 0x000001c55509a200 Uncommon trap: reason=unstable_if action=reinterpret pc=0x000001c507c42898 method=java.util.HashMap.getNode(Ljava/lang/Object;)Ljava/util/HashMap$Node; @ 131 c2
Event: 11.045 Thread 0x000001c55509a200 DEOPT PACKING pc=0x000001c507c42898 sp=0x0000002ff9efb2a0
Event: 11.045 Thread 0x000001c55509a200 DEOPT UNPACKING pc=0x000001c507584422 sp=0x0000002ff9efb220 mode 2
Event: 11.207 Thread 0x000001c55509a200 Uncommon trap: trap_request=0xffffff45 fr.pc=0x000001c507c27978 relative=0x0000000000000cd8
Event: 11.207 Thread 0x000001c55509a200 Uncommon trap: reason=unstable_if action=reinterpret pc=0x000001c507c27978 method=jdk.internal.org.objectweb.asm.SymbolTable.addType(Ljava/lang/String;)I @ 33 c2
Event: 11.207 Thread 0x000001c55509a200 DEOPT PACKING pc=0x000001c507c27978 sp=0x0000002ff9efa570
Event: 11.207 Thread 0x000001c55509a200 DEOPT UNPACKING pc=0x000001c507584422 sp=0x0000002ff9efa4a8 mode 2
Event: 11.207 Thread 0x000001c55509a200 Uncommon trap: trap_request=0xffffff45 fr.pc=0x000001c507bee95c relative=0x000000000000037c
Event: 11.207 Thread 0x000001c55509a200 Uncommon trap: reason=unstable_if action=reinterpret pc=0x000001c507bee95c method=jdk.internal.org.objectweb.asm.SymbolTable.addType(Ljava/lang/String;)I @ 33 c2
Event: 11.207 Thread 0x000001c55509a200 DEOPT PACKING pc=0x000001c507bee95c sp=0x0000002ff9efa5b0
Event: 11.207 Thread 0x000001c55509a200 DEOPT UNPACKING pc=0x000001c507584422 sp=0x0000002ff9efa538 mode 2

Classes loaded (20 events):
Event: 8.817 Loading class java/io/ObjectStreamConstants done
Event: 8.818 Loading class java/io/ObjectOutputStream done
Event: 8.822 Loading class java/io/ObjectInputStream
Event: 8.823 Loading class java/io/ObjectInput
Event: 8.823 Loading class java/io/ObjectInput done
Event: 8.824 Loading class java/io/ObjectInputStream done
Event: 9.570 Loading class java/lang/invoke/BoundMethodHandle$Species_LLLLLLLLLLLLLLLLLLLLLLLL
Event: 9.570 Loading class java/lang/invoke/BoundMethodHandle$Species_LLLLLLLLLLLLLLLLLLLLLLLL done
Event: 10.971 Loading class javax/xml/parsers/ParserConfigurationException
Event: 10.973 Loading class javax/xml/parsers/ParserConfigurationException done
Event: 10.973 Loading class org/xml/sax/SAXException
Event: 10.973 Loading class org/xml/sax/SAXException done
Event: 10.973 Loading class javax/xml/xpath/XPathExpressionException
Event: 10.973 Loading class javax/xml/xpath/XPathException
Event: 10.973 Loading class javax/xml/xpath/XPathException done
Event: 10.973 Loading class javax/xml/xpath/XPathExpressionException done
Event: 10.973 Loading class org/xml/sax/ErrorHandler
Event: 10.973 Loading class org/xml/sax/ErrorHandler done
Event: 10.981 Loading class java/nio/file/AtomicMoveNotSupportedException
Event: 10.981 Loading class java/nio/file/AtomicMoveNotSupportedException done

Classes unloaded (0 events):
No events

Classes redefined (0 events):
No events

Internal exceptions (20 events):
Event: 7.914 Thread 0x000001c55509a200 Exception <a 'java/lang/NoSuchMethodError'{0x000000008a09d370}: 'java.lang.Object java.lang.invoke.DirectMethodHandle$Holder.invokeStatic(java.lang.Object, java.lang.Object, java.lang.Object, java.lang.Object, java.lang.Object, java.lang.Object, java.lang.Object, java.lang.Object, java.lang.Object, java.lang.Object, java.lang.Object, java.lang.Object, java.lang.Object, java.lang.Object, java.lang.Object, java.lang.Object, java.lang.Object, java.lang.Object, java.lang.Object)'> (0x000000008a09d370) 
thrown 
Event: 7.931 Thread 0x000001c55509a200 Exception <a 'java/lang/NoSuchMethodError'{0x000000008a0c9018}: 'java.lang.Object java.lang.invoke.DirectMethodHandle$Holder.invokeStatic(java.lang.Object, java.lang.Object, java.lang.Object, java.lang.Object, java.lang.Object, java.lang.Object, java.lang.Object, java.lang.Object, java.lang.Object, java.lang.Object, java.lang.Object, java.lang.Object, java.lang.Object, java.lang.Object, java.lang.Object, java.lang.Object, java.lang.Object, java.lang.Object, java.lang.Object, java.lang.Object)'> (0x00000000
Event: 7.936 Thread 0x000001c55509a200 Exception <a 'java/lang/NoSuchMethodError'{0x000000008a0f5718}: 'java.lang.Object java.lang.invoke.DirectMethodHandle$Holder.invokeStatic(java.lang.Object, java.lang.Object, java.lang.Object, java.lang.Object, java.lang.Object, java.lang.Object, java.lang.Object, java.lang.Object, java.lang.Object, java.lang.Object, java.lang.Object, java.lang.Object, java.lang.Object, java.lang.Object, java.lang.Object, java.lang.Object, java.lang.Object, java.lang.Object, java.lang.Object, java.lang.Object, java.lang.Obj
Event: 7.946 Thread 0x000001c55509a200 Exception <a 'java/lang/NoSuchMethodError'{0x0000000089f233a0}: 'java.lang.Object java.lang.invoke.DirectMethodHandle$Holder.invokeStatic(java.lang.Object, java.lang.Object, java.lang.Object, java.lang.Object, java.lang.Object, java.lang.Object, java.lang.Object, java.lang.Object, java.lang.Object, java.lang.Object, java.lang.Object, java.lang.Object, java.lang.Object, java.lang.Object, java.lang.Object, java.lang.Object, java.lang.Object, java.lang.Object, java.lang.Object, java.lang.Object, java.lang.Obj
Event: 7.949 Thread 0x000001c55509a200 Exception <a 'java/lang/NoSuchMethodError'{0x0000000089f51698}: 'java.lang.Object java.lang.invoke.DirectMethodHandle$Holder.invokeStatic(java.lang.Object, java.lang.Object, java.lang.Object, java.lang.Object, java.lang.Object, java.lang.Object, java.lang.Object, java.lang.Object, java.lang.Object, java.lang.Object, java.lang.Object, java.lang.Object, java.lang.Object, java.lang.Object, java.lang.Object, java.lang.Object, java.lang.Object, java.lang.Object, java.lang.Object, java.lang.Object, java.lang.Obj
Event: 7.954 Thread 0x000001c55509a200 Exception <a 'java/lang/NoSuchMethodError'{0x0000000089f80b70}: 'java.lang.Object java.lang.invoke.DirectMethodHandle$Holder.invokeStatic(java.lang.Object, java.lang.Object, java.lang.Object, java.lang.Object, java.lang.Object, java.lang.Object, java.lang.Object, java.lang.Object, java.lang.Object, java.lang.Object, java.lang.Object, java.lang.Object, java.lang.Object, java.lang.Object, java.lang.Object, java.lang.Object, java.lang.Object, java.lang.Object, java.lang.Object, java.lang.Object, java.lang.Obj
Event: 7.958 Thread 0x000001c55509a200 Exception <a 'java/lang/NoSuchMethodError'{0x0000000089fb0950}: 'java.lang.Object java.lang.invoke.DirectMethodHandle$Holder.invokeStatic(java.lang.Object, java.lang.Object, java.lang.Object, java.lang.Object, java.lang.Object, java.lang.Object, java.lang.Object, java.lang.Object, java.lang.Object, java.lang.Object, java.lang.Object, java.lang.Object, java.lang.Object, java.lang.Object, java.lang.Object, java.lang.Object, java.lang.Object, java.lang.Object, java.lang.Object, java.lang.Object, java.lang.Obj
Event: 7.961 Thread 0x000001c55509a200 Exception <a 'java/lang/NoSuchMethodError'{0x0000000089fe20c8}: 'java.lang.Object java.lang.invoke.DirectMethodHandle$Holder.invokeStatic(java.lang.Object, java.lang.Object, java.lang.Object, java.lang.Object, java.lang.Object, java.lang.Object, java.lang.Object, java.lang.Object, java.lang.Object, java.lang.Object, java.lang.Object, java.lang.Object, java.lang.Object, java.lang.Object, java.lang.Object, java.lang.Object, java.lang.Object, java.lang.Object, java.lang.Object, java.lang.Object, java.lang.Obj
Event: 8.498 Thread 0x000001c55509a200 Exception <a 'java/lang/NoSuchMethodError'{0x00000000894217d0}: 'int java.lang.invoke.DirectMethodHandle$Holder.invokeStaticInit(java.lang.Object, java.lang.Object, java.lang.Object)'> (0x00000000894217d0) 
thrown [s\src\hotspot\share\interpreter\linkResolver.cpp, line 773]
Event: 8.765 Thread 0x000001c55509a200 Exception <a 'java/lang/IncompatibleClassChangeError'{0x0000000088f38830}: Found class java.lang.Object, but interface was expected> (0x0000000088f38830) 
thrown [s\src\hotspot\share\interpreter\linkResolver.cpp, line 840]
Event: 8.771 Thread 0x000001c55509a200 Exception <a 'java/lang/NoSuchMethodError'{0x0000000088f67e30}: 'java.lang.Object java.lang.invoke.DirectMethodHandle$Holder.newInvokeSpecial(java.lang.Object, java.lang.Object, java.lang.Object, java.lang.Object, java.lang.Object, java.lang.Object, java.lang.Object, java.lang.Object, java.lang.Object, java.lang.Object)'> (0x0000000088f67e30) 
thrown [s\src\hotspot\share\interpreter\linkResolver.cpp, line 773]
Event: 9.384 Thread 0x000001c55509a200 Exception <a 'java/lang/NoSuchMethodError'{0x0000000088b9f0e8}: 'java.lang.Object java.lang.invoke.DirectMethodHandle$Holder.invokeVirtual(java.lang.Object, java.lang.Object, java.lang.Object, java.lang.Object, java.lang.Object, java.lang.Object, java.lang.Object, java.lang.Object, java.lang.Object, java.lang.Object, java.lang.Object)'> (0x0000000088b9f0e8) 
thrown [s\src\hotspot\share\interpreter\linkResolver.cpp, line 773]
Event: 9.397 Thread 0x000001c55509a200 Exception <a 'java/lang/NoSuchMethodError'{0x0000000088a3bb58}: 'java.lang.Object java.lang.invoke.DirectMethodHandle$Holder.invokeVirtual(java.lang.Object, java.lang.Object, java.lang.Object, java.lang.Object, java.lang.Object, java.lang.Object, java.lang.Object, java.lang.Object, java.lang.Object, java.lang.Object, java.lang.Object, java.lang.Object, java.lang.Object, java.lang.Object, java.lang.Object, java.lang.Object, java.lang.Object, java.lang.Object, java.lang.Object, java.lang.Object, java.lang.Ob
Event: 9.398 Thread 0x000001c55509a200 Exception <a 'java/lang/NoSuchMethodError'{0x0000000088a48360}: 'java.lang.Object java.lang.invoke.DelegatingMethodHandle$Holder.reinvoke_L(java.lang.Object, java.lang.Object, java.lang.Object, java.lang.Object, java.lang.Object, java.lang.Object, java.lang.Object, java.lang.Object, java.lang.Object, java.lang.Object, java.lang.Object, java.lang.Object, java.lang.Object, java.lang.Object, java.lang.Object, java.lang.Object, java.lang.Object, java.lang.Object, java.lang.Object, java.lang.Object, java.lang.O
Event: 9.571 Thread 0x000001c55509a200 Exception <a 'java/lang/NoSuchMethodError'{0x0000000088917b30}: 'java.lang.Object java.lang.invoke.DirectMethodHandle$Holder.invokeStatic(java.lang.Object, java.lang.Object, java.lang.Object, java.lang.Object, java.lang.Object, java.lang.Object, java.lang.Object, java.lang.Object, java.lang.Object, java.lang.Object, java.lang.Object, java.lang.Object, java.lang.Object, java.lang.Object, java.lang.Object, java.lang.Object, java.lang.Object, java.lang.Object, java.lang.Object, java.lang.Object, java.lang.Obj
Event: 9.589 Thread 0x000001c55509a200 Exception <a 'java/lang/NoSuchMethodError'{0x000000008896f750}: 'int java.lang.invoke.DirectMethodHandle$Holder.invokeStatic(java.lang.Object, java.lang.Object, java.lang.Object, java.lang.Object)'> (0x000000008896f750) 
thrown [s\src\hotspot\share\interpreter\linkResolver.cpp, line 773]
Event: 9.842 Thread 0x000001c55509a200 Exception <a 'java/lang/NoSuchMethodError'{0x00000000887e60a8}: 'void java.lang.invoke.DirectMethodHandle$Holder.invokeVirtual(java.lang.Object, java.lang.Object, java.lang.Object, java.lang.Object, java.lang.Object)'> (0x00000000887e60a8) 
thrown [s\src\hotspot\share\interpreter\linkResolver.cpp, line 773]
Event: 10.914 Thread 0x000001c55509a200 Exception <a 'java/lang/NoSuchMethodError'{0x0000000083ba9b58}: 'java.lang.Object java.lang.invoke.DirectMethodHandle$Holder.invokeVirtual(java.lang.Object, java.lang.Object, java.lang.Object, java.lang.Object, java.lang.Object, java.lang.Object, java.lang.Object, java.lang.Object, java.lang.Object, java.lang.Object, java.lang.Object, java.lang.Object, java.lang.Object, java.lang.Object, java.lang.Object, java.lang.Object, java.lang.Object, java.lang.Object, java.lang.Object, java.lang.Object, java.lang.Ob
Event: 11.001 Thread 0x000001c55509a200 Exception <a 'java/lang/NoSuchMethodError'{0x0000000083981e98}: 'java.lang.Object java.lang.invoke.DirectMethodHandle$Holder.invokeSpecial(java.lang.Object, java.lang.Object, java.lang.Object, java.lang.Object, java.lang.Object, java.lang.Object, java.lang.Object, java.lang.Object, java.lang.Object, java.lang.Object, java.lang.Object, java.lang.Object, java.lang.Object, java.lang.Object, java.lang.Object, java.lang.Object, java.lang.Object, java.lang.Object, java.lang.Object, java.lang.Object, java.lang.Ob
Event: 11.066 Thread 0x000001c55509a200 Exception <a 'java/lang/NoSuchMethodError'{0x0000000083600848}: 'java.lang.Object java.lang.invoke.DirectMethodHandle$Holder.newInvokeSpecial(java.lang.Object, java.lang.Object, java.lang.Object, java.lang.Object, java.lang.Object, java.lang.Object, java.lang.Object)'> (0x0000000083600848) 
thrown [s\src\hotspot\share\interpreter\linkResolver.cpp, line 773]

ZGC Phase Switch (0 events):
No events

VM Operations (20 events):
Event: 5.086 Executing non-safepoint VM operation: HandshakeAllThreads (Deoptimize)
Event: 5.086 Executing non-safepoint VM operation: HandshakeAllThreads (Deoptimize) done
Event: 6.087 Executing safepoint VM operation: Cleanup
Event: 6.090 Executing safepoint VM operation: Cleanup done
Event: 7.090 Executing safepoint VM operation: Cleanup
Event: 7.090 Executing safepoint VM operation: Cleanup done
Event: 7.972 Executing non-safepoint VM operation: HandshakeAllThreads (Deoptimize)
Event: 7.972 Executing non-safepoint VM operation: HandshakeAllThreads (Deoptimize) done
Event: 7.974 Executing non-safepoint VM operation: HandshakeAllThreads (Deoptimize)
Event: 7.974 Executing non-safepoint VM operation: HandshakeAllThreads (Deoptimize) done
Event: 8.973 Executing safepoint VM operation: Cleanup
Event: 8.980 Executing safepoint VM operation: Cleanup done
Event: 9.872 Executing safepoint VM operation: CollectForMetadataAllocation (Metadata GC Threshold)
Event: 9.896 Executing safepoint VM operation: CollectForMetadataAllocation (Metadata GC Threshold) done
Event: 10.068 Executing safepoint VM operation: G1PauseRemark
Event: 10.076 Executing safepoint VM operation: G1PauseRemark done
Event: 10.077 Executing safepoint VM operation: G1PauseCleanup
Event: 10.097 Executing safepoint VM operation: G1PauseCleanup done
Event: 11.098 Executing safepoint VM operation: Cleanup
Event: 11.098 Executing safepoint VM operation: Cleanup done

Memory protections (0 events):
No events

Nmethod flushes (0 events):
No events

Events (20 events):
Event: 2.819 Thread 0x000001c57e73dd20 Thread added: 0x000001c5541a4480
Event: 2.968 Thread 0x000001c575b2faf0 Thread added: 0x000001c5550230c0
Event: 3.501 Thread 0x000001c575b2faf0 Thread added: 0x000001c5551319a0
Event: 3.663 Thread 0x000001c5541a4480 Thread exited: 0x000001c5541a4480
Event: 3.668 Thread 0x000001c575b2faf0 Thread added: 0x000001c5551785f0
Event: 3.776 Thread 0x000001c5551319a0 Thread added: 0x000001c5552d3a10
Event: 3.783 Thread 0x000001c5552d3a10 Thread added: 0x000001c55509b5b0
Event: 3.896 Thread 0x000001c5552d3a10 Thread added: 0x000001c55509bc40
Event: 3.934 Thread 0x000001c5552d3a10 Thread added: 0x000001c55509a200
Event: 3.951 Thread 0x000001c55509a200 Thread added: 0x000001c555099b70
Event: 3.957 Thread 0x000001c55509a200 Thread added: 0x000001c55509a890
Event: 3.965 Thread 0x000001c55509a200 Thread added: 0x000001c55509af20
Event: 5.087 Thread 0x000001c55509a200 Thread added: 0x000001c5550987c0
Event: 5.136 Thread 0x000001c55509a200 Thread added: 0x000001c555098e50
Event: 6.252 Thread 0x000001c55509a200 Thread added: 0x000001c5550994e0
Event: 6.337 Thread 0x000001c57e73dd20 Thread added: 0x000001c5554f9e30
Event: 6.638 Thread 0x000001c5554f9e30 Thread exited: 0x000001c5554f9e30
Event: 7.945 Thread 0x000001c57e73dd20 Thread added: 0x000001c556700e60
Event: 8.992 Thread 0x000001c556700e60 Thread exited: 0x000001c556700e60
Event: 11.073 Thread 0x000001c57e73dd20 Thread added: 0x000001c5566d3030


Dynamic libraries:
0x00007ff7c9b50000 - 0x00007ff7c9b5e000 	C:\Users\bac\.antigravity\extensions\redhat.java-1.54.0-win32-x64\jre\21.0.10-win32-x86_64\bin\java.exe
0x00007ffeca6c0000 - 0x00007ffeca927000 	C:\WINDOWS\SYSTEM32\ntdll.dll
0x00007ffec9870000 - 0x00007ffec9939000 	C:\WINDOWS\System32\KERNEL32.DLL
0x00007ffec7cb0000 - 0x00007ffec80a4000 	C:\WINDOWS\System32\KERNELBASE.dll
0x00007ffec7110000 - 0x00007ffec725b000 	C:\WINDOWS\System32\ucrtbase.dll
0x00007ffe80850000 - 0x00007ffe80868000 	C:\Users\bac\.antigravity\extensions\redhat.java-1.54.0-win32-x64\jre\21.0.10-win32-x86_64\bin\jli.dll
0x00007ffe80830000 - 0x00007ffe8084e000 	C:\Users\bac\.antigravity\extensions\redhat.java-1.54.0-win32-x64\jre\21.0.10-win32-x86_64\bin\VCRUNTIME140.dll
0x00007ffeca180000 - 0x00007ffeca345000 	C:\WINDOWS\System32\USER32.dll
0x00007ffec8360000 - 0x00007ffec8387000 	C:\WINDOWS\System32\win32u.dll
0x00007ffec8da0000 - 0x00007ffec8dcb000 	C:\WINDOWS\System32\GDI32.dll
0x00007ffeb8980000 - 0x00007ffeb8c13000 	C:\WINDOWS\WinSxS\amd64_microsoft.windows.common-controls_6595b64144ccf1df_6.0.26100.8115_none_3e075c82e3354f9c\COMCTL32.dll
0x00007ffec7310000 - 0x00007ffec743b000 	C:\WINDOWS\System32\gdi32full.dll
0x00007ffec7260000 - 0x00007ffec7303000 	C:\WINDOWS\System32\msvcp_win.dll
0x00007ffec94b0000 - 0x00007ffec9559000 	C:\WINDOWS\System32\msvcrt.dll
0x00007ffec93d0000 - 0x00007ffec9402000 	C:\WINDOWS\System32\IMM32.DLL
0x00007ffea18d0000 - 0x00007ffea18dc000 	C:\Users\bac\.antigravity\extensions\redhat.java-1.54.0-win32-x64\jre\21.0.10-win32-x86_64\bin\vcruntime140_1.dll
0x00007ffe5c2e0000 - 0x00007ffe5c36d000 	C:\Users\bac\.antigravity\extensions\redhat.java-1.54.0-win32-x64\jre\21.0.10-win32-x86_64\bin\msvcp140.dll
0x00007ffdc3920000 - 0x00007ffdc46c1000 	C:\Users\bac\.antigravity\extensions\redhat.java-1.54.0-win32-x64\jre\21.0.10-win32-x86_64\bin\server\jvm.dll
0x00007ffeca450000 - 0x00007ffeca506000 	C:\WINDOWS\System32\ADVAPI32.dll
0x00007ffec9bf0000 - 0x00007ffec9c97000 	C:\WINDOWS\System32\sechost.dll
0x00007ffeca530000 - 0x00007ffeca648000 	C:\WINDOWS\System32\RPCRT4.dll
0x00007ffec9410000 - 0x00007ffec9490000 	C:\WINDOWS\System32\WS2_32.dll
0x00007ffec6e10000 - 0x00007ffec6e6e000 	C:\WINDOWS\SYSTEM32\POWRPROF.dll
0x00007ffec0200000 - 0x00007ffec0236000 	C:\WINDOWS\SYSTEM32\WINMM.dll
0x00007ffec0240000 - 0x00007ffec024b000 	C:\WINDOWS\SYSTEM32\VERSION.dll
0x00007ffec6df0000 - 0x00007ffec6e04000 	C:\WINDOWS\SYSTEM32\UMPDC.dll
0x00007ffec5d20000 - 0x00007ffec5d3b000 	C:\WINDOWS\SYSTEM32\kernel.appcore.dll
0x00007ffea1890000 - 0x00007ffea189a000 	C:\Users\bac\.antigravity\extensions\redhat.java-1.54.0-win32-x64\jre\21.0.10-win32-x86_64\bin\jimage.dll
0x00007ffebc190000 - 0x00007ffebc3d2000 	C:\WINDOWS\SYSTEM32\DBGHELP.DLL
0x00007ffec9040000 - 0x00007ffec93c2000 	C:\WINDOWS\System32\combase.dll
0x00007ffec9aa0000 - 0x00007ffec9b78000 	C:\WINDOWS\System32\OLEAUT32.dll
0x00007ffeb9b30000 - 0x00007ffeb9b6b000 	C:\WINDOWS\SYSTEM32\dbgcore.DLL
0x00007ffec80b0000 - 0x00007ffec8155000 	C:\WINDOWS\System32\bcryptPrimitives.dll
0x00007ffec2a40000 - 0x00007ffec2a4f000 	C:\Users\bac\.antigravity\extensions\redhat.java-1.54.0-win32-x64\jre\21.0.10-win32-x86_64\bin\instrument.dll
0x00007ffe7eec0000 - 0x00007ffe7eee0000 	C:\Users\bac\.antigravity\extensions\redhat.java-1.54.0-win32-x64\jre\21.0.10-win32-x86_64\bin\java.dll
0x00007ffec8630000 - 0x00007ffec8d97000 	C:\WINDOWS\System32\SHELL32.dll
0x00007ffec81f0000 - 0x00007ffec835a000 	C:\WINDOWS\System32\wintypes.dll
0x00007ffec7440000 - 0x00007ffec7ca8000 	C:\WINDOWS\System32\windows.storage.dll
0x00007ffeca350000 - 0x00007ffeca448000 	C:\WINDOWS\System32\SHCORE.dll
0x00007ffec9b80000 - 0x00007ffec9be6000 	C:\WINDOWS\System32\shlwapi.dll
0x00007ffec6eb0000 - 0x00007ffec6ed9000 	C:\WINDOWS\SYSTEM32\profapi.dll
0x00007ffe7d830000 - 0x00007ffe7d848000 	C:\Users\bac\.antigravity\extensions\redhat.java-1.54.0-win32-x64\jre\21.0.10-win32-x86_64\bin\zip.dll
0x00007ffe88310000 - 0x00007ffe88320000 	C:\Users\bac\.antigravity\extensions\redhat.java-1.54.0-win32-x64\jre\21.0.10-win32-x86_64\bin\net.dll
0x00007ffec06d0000 - 0x00007ffec07fd000 	C:\WINDOWS\SYSTEM32\WINHTTP.dll
0x00007ffec6290000 - 0x00007ffec62fc000 	C:\WINDOWS\system32\mswsock.dll
0x00007ffe7c780000 - 0x00007ffe7c796000 	C:\Users\bac\.antigravity\extensions\redhat.java-1.54.0-win32-x64\jre\21.0.10-win32-x86_64\bin\nio.dll
0x00007ffea8b00000 - 0x00007ffea8b10000 	C:\Users\bac\.antigravity\extensions\redhat.java-1.54.0-win32-x64\jre\21.0.10-win32-x86_64\bin\verify.dll
0x00007ffea88b0000 - 0x00007ffea88d7000 	C:\Users\bac\.gradle\native\1def1411415f61bf3af743bc5b6707747c0891f09f0c88961ee8f79bc544acac\windows-amd64\native-platform.dll
0x00007ffe76cb0000 - 0x00007ffe76d27000 	C:\Users\bac\.gradle\native\0.2.8\x86_64-windows-gnu\gradle-fileevents.dll
0x00007ffea8ba0000 - 0x00007ffea8baa000 	C:\Users\bac\.antigravity\extensions\redhat.java-1.54.0-win32-x64\jre\21.0.10-win32-x86_64\bin\management.dll
0x00007ffea8b90000 - 0x00007ffea8b9c000 	C:\Users\bac\.antigravity\extensions\redhat.java-1.54.0-win32-x64\jre\21.0.10-win32-x86_64\bin\management_ext.dll
0x00007ffec97d0000 - 0x00007ffec97d8000 	C:\WINDOWS\System32\PSAPI.DLL
0x00007ffec5720000 - 0x00007ffec5752000 	C:\WINDOWS\SYSTEM32\IPHLPAPI.DLL
0x00007ffec9030000 - 0x00007ffec903a000 	C:\WINDOWS\System32\NSI.dll
0x00007ffe90c50000 - 0x00007ffe90c59000 	C:\Users\bac\.antigravity\extensions\redhat.java-1.54.0-win32-x64\jre\21.0.10-win32-x86_64\bin\extnet.dll
0x00007ffec6570000 - 0x00007ffec658b000 	C:\WINDOWS\SYSTEM32\CRYPTSP.dll
0x00007ffec5c80000 - 0x00007ffec5cb9000 	C:\WINDOWS\system32\rsaenh.dll
0x00007ffec6340000 - 0x00007ffec6373000 	C:\WINDOWS\SYSTEM32\USERENV.dll
0x00007ffec6e80000 - 0x00007ffec6eaa000 	C:\WINDOWS\SYSTEM32\bcrypt.dll
0x00007ffec6590000 - 0x00007ffec659c000 	C:\WINDOWS\SYSTEM32\CRYPTBASE.dll
0x00007ffe90c60000 - 0x00007ffe90c6e000 	C:\Users\bac\.antigravity\extensions\redhat.java-1.54.0-win32-x64\jre\21.0.10-win32-x86_64\bin\sunmscapi.dll
0x00007ffec6f90000 - 0x00007ffec7107000 	C:\WINDOWS\System32\CRYPT32.dll
0x00007ffec6790000 - 0x00007ffec67c0000 	C:\WINDOWS\SYSTEM32\ncrypt.dll
0x00007ffec6740000 - 0x00007ffec677f000 	C:\WINDOWS\SYSTEM32\NTASN1.dll
0x00007ffe90b30000 - 0x00007ffe90b38000 	C:\WINDOWS\system32\wshunix.dll

JVMTI agents:
C:\Users\bac\.gradle\wrapper\dists\gradle-9.1.0-bin\9agqghryom9wkf8r80qlhnts3\gradle-9.1.0\lib\agents\gradle-instrumentation-agent-9.1.0.jar path:C:\Users\bac\.antigravity\extensions\redhat.java-1.54.0-win32-x64\jre\21.0.10-win32-x86_64\bin\instrument.dll, loaded, initialized, instrumentlib options:none

dbghelp: loaded successfully - version: 4.0.5 - missing functions: none
symbol engine: initialized successfully - sym options: 0x614 - pdb path: .;C:\Users\bac\.antigravity\extensions\redhat.java-1.54.0-win32-x64\jre\21.0.10-win32-x86_64\bin;C:\WINDOWS\SYSTEM32;C:\WINDOWS\WinSxS\amd64_microsoft.windows.common-controls_6595b64144ccf1df_6.0.26100.8115_none_3e075c82e3354f9c;C:\Users\bac\.antigravity\extensions\redhat.java-1.54.0-win32-x64\jre\21.0.10-win32-x86_64\bin\server;C:\Users\bac\.gradle\native\1def1411415f61bf3af743bc5b6707747c0891f09f0c88961ee8f79bc544acac\windows-amd64;C:\Users\bac\.gradle\native\0.2.8\x86_64-windows-gnu

VM Arguments:
jvm_args: --add-opens=java.base/java.lang=ALL-UNNAMED --add-opens=java.base/java.lang.invoke=ALL-UNNAMED --add-opens=java.base/java.util=ALL-UNNAMED --add-opens=java.prefs/java.util.prefs=ALL-UNNAMED --add-exports=jdk.compiler/com.sun.tools.javac.api=ALL-UNNAMED --add-exports=jdk.compiler/com.sun.tools.javac.util=ALL-UNNAMED --add-opens=java.base/java.util=ALL-UNNAMED --add-opens=java.prefs/java.util.prefs=ALL-UNNAMED --add-opens=java.base/java.nio.charset=ALL-UNNAMED --add-opens=java.base/java.net=ALL-UNNAMED --add-opens=java.base/java.util.concurrent=ALL-UNNAMED --add-opens=java.base/java.util.concurrent.atomic=ALL-UNNAMED --add-opens=java.xml/javax.xml.namespace=ALL-UNNAMED --add-opens=java.base/java.time=ALL-UNNAMED -Xmx2048m -Dfile.encoding=UTF-8 -Duser.country=US -Duser.language=en -Duser.variant -javaagent:C:\Users\bac\.gradle\wrapper\dists\gradle-9.1.0-bin\9agqghryom9wkf8r80qlhnts3\gradle-9.1.0\lib\agents\gradle-instrumentation-agent-9.1.0.jar 
java_command: org.gradle.launcher.daemon.bootstrap.GradleDaemon 9.1.0
java_class_path (initial): C:\Users\bac\.gradle\wrapper\dists\gradle-9.1.0-bin\9agqghryom9wkf8r80qlhnts3\gradle-9.1.0\lib\gradle-daemon-main-9.1.0.jar
Launcher Type: SUN_STANDARD

[Global flags]
     intx CICompilerCount                          = 4                                         {product} {ergonomic}
     uint ConcGCThreads                            = 3                                         {product} {ergonomic}
     uint G1ConcRefinementThreads                  = 10                                        {product} {ergonomic}
   size_t G1HeapRegionSize                         = 1048576                                   {product} {ergonomic}
    uintx GCDrainStackTargetSize                   = 64                                        {product} {ergonomic}
   size_t InitialHeapSize                          = 232783872                                 {product} {ergonomic}
   size_t MarkStackSize                            = 4194304                                   {product} {ergonomic}
   size_t MaxHeapSize                              = 2147483648                                {product} {command line}
   size_t MaxNewSize                               = 1287651328                                {product} {ergonomic}
   size_t MinHeapDeltaBytes                        = 1048576                                   {product} {ergonomic}
   size_t MinHeapSize                              = 8388608                                   {product} {ergonomic}
    uintx NonNMethodCodeHeapSize                   = 5839372                                {pd product} {ergonomic}
    uintx NonProfiledCodeHeapSize                  = 122909434                              {pd product} {ergonomic}
    uintx ProfiledCodeHeapSize                     = 122909434                              {pd product} {ergonomic}
    uintx ReservedCodeCacheSize                    = 251658240                              {pd product} {ergonomic}
     bool SegmentedCodeCache                       = true                                      {product} {ergonomic}
   size_t SoftMaxHeapSize                          = 2147483648                             {manageable} {ergonomic}
     bool UseCompressedOops                        = true                           {product lp64_product} {ergonomic}
     bool UseG1GC                                  = true                                      {product} {ergonomic}
     bool UseLargePagesIndividualAllocation        = false                                  {pd product} {ergonomic}

Logging:
Log output configuration:
 #0: stdout all=warning uptime,level,tags foldmultilines=false
 #1: stderr all=off uptime,level,tags foldmultilines=false

Release file:
JAVA_VERSION="21.0.10" 
MODULES="java.base java.compiler java.datatransfer java.xml java.prefs java.desktop java.instrument java.logging java.management java.security.sasl java.naming java.rmi java.management.rmi java.net.http java.scripting java.security.jgss java.transaction.xa java.sql java.sql.rowset java.xml.crypto java.se java.smartcardio jdk.accessibility jdk.internal.jvmstat jdk.attach jdk.charsets jdk.internal.opt jdk.zipfs jdk.compiler jdk.crypto.ec jdk.crypto.cryptoki jdk.crypto.mscapi jdk.dynalink jdk.internal.ed jdk.editpad jdk.hotspot.agent jdk.httpserver jdk.internal.le jdk.internal.vm.ci jdk.internal.vm.compiler jdk.internal.vm.compiler.management jdk.jartool jdk.javadoc jdk.jcmd jdk.management jdk.management.agent jdk.jconsole jdk.jdeps jdk.jdwp.agent jdk.jdi jdk.jfr jdk.jshell jdk.jsobject jdk.jstatd jdk.localedata jdk.management.jfr jdk.naming.dns jdk.naming.rmi jdk.net jdk.nio.mapmode jdk.random jdk.sctp jdk.security.auth jdk.security.jgss jdk.unsupported jdk.unsupported.desktop jdk.xml.dom" 

Environment Variables:
JAVA_HOME=C:\Program Files\Java\jdk-25.0.2
PATH=C:\Program Files\Common Files\Oracle\Java\javapath;C:\ProgramData\Oracle\Java\javapath;C:\Program Files\Microsoft MPI\Bin\;C:\WINDOWS\system32;C:\WINDOWS;C:\WINDOWS\System32\Wbem;C:\WINDOWS\System32\WindowsPowerShell\v1.0\;C:\WINDOWS\System32\OpenSSH\;C:\Program Files (x86)\Microsoft SQL Server\160\Tools\Binn\;C:\Program Files\Microsoft SQL Server\160\Tools\Binn\;C:\Program Files\Microsoft SQL Server\Client SDK\ODBC\170\Tools\Binn\;C:\Program Files\Microsoft SQL Server\160\DTS\Binn\;C:\Program Files\dotnet\;C:\Program Files\Azure Data Studio\bin;C:\Program Files\Microsoft SQL Server\150\Tools\Binn\;C:\Program Files\apache-maven-3.9.13\bin;C:\Users\bac\AppData\Local\Programs\Python\Python313\;C:\Users\bac\AppData\Local\Programs\Python\Python313\Scripts;D:\Game\download\flutter\bin;C:\Program Files\Git\cmd;D:\;C:\ProgramData\chocolatey\bin;C:\Users\bac\AppData\Local\Pub\Cache\bin;C:\Users\bac\AppData\Local\Programs\Python\Python310\Scripts\;C:\Users\bac\AppData\Local\Programs\Python\Python310\;c:\Users\bac\AppData\Local\Programs\cursor\resources\app\codeBin;C:\Users\bac\AppData\Local\Programs\Python\Launcher\;C:\Users\bac\AppData\Local\Programs\Python\Python313\Scripts\;C:\Users\bac\AppData\Local\Programs\Python\Python313\;C:\Users\bac\AppData\Local\Microsoft\WindowsApps;C:\Users\bac\.dotnet\tools;C:\Users\bac\AppData\Local\Programs\Microsoft VS Code\bin;C:\Program Files\Azure Data Studio\bin;C:\Users\bac\AppData\Roaming\npm;D:\Documents\Antigravity\bin
USERNAME=bac
OS=Windows_NT
PROCESSOR_IDENTIFIER=AMD64 Family 25 Model 80 Stepping 0, AuthenticAMD
TMP=C:\Users\bac\AppData\Local\Temp
TEMP=C:\Users\bac\AppData\Local\Temp




Periodic native trim disabled

---------------  S Y S T E M  ---------------

OS:
 Windows 11 , 64 bit Build 26100 (10.0.26100.8246)
OS uptime: 3 days 1:47 hours

CPU: total 12 (initial active 12) (12 cores per cpu, 2 threads per core) family 25 model 80 stepping 0 microcode 0xa50000d, cx8, cmov, fxsr, ht, mmx, 3dnowpref, sse, sse2, sse3, ssse3, sse4a, sse4.1, sse4.2, popcnt, lzcnt, tsc, tscinvbit, avx, avx2, aes, erms, clmul, bmi1, bmi2, adx, sha, fma, vzeroupper, clflush, clflushopt, rdtscp, rdpid, fsrm, f16c, pku, cet_ss
Processor Information for the first 12 processors :
  Max Mhz: 3301, Current Mhz: 3301, Mhz Limit: 3301

Memory: 4k page, system-wide physical 14188M (765M free)
TotalPageFile size 30903M (AvailPageFile size 5M)
current process WorkingSet (physical memory assigned to process): 158M, peak: 236M
current process commit charge ("private bytes"): 233M, peak: 403M

vm_info: OpenJDK 64-Bit Server VM (21.0.10+7-LTS) for windows-amd64 JRE (21.0.10+7-LTS), built on 2026-01-20T00:00:00Z by "admin" with MS VC++ 17.12 (VS2022)

END.
