#
# There is insufficient memory for the Java Runtime Environment to continue.
# Native memory allocation (malloc) failed to allocate 355712 bytes. Error detail: Chunk::new
# Possible reasons:
#   The system is out of physical RAM or swap space
#   This process is running with CompressedOops enabled, and the Java Heap may be blocking the growth of the native heap
# Possible solutions:
#   Reduce memory load on the system
#   Increase physical memory or swap space
#   Check if swap backing store is full
#   Decrease Java heap size (-Xmx/-Xms)
#   Decrease number of Java threads
#   Decrease Java thread stack sizes (-Xss)
#   Set larger code cache with -XX:ReservedCodeCacheSize=
#   JVM is running with Unscaled Compressed Oops mode in which the Java heap is
#     placed in the first 4GB address space. The Java Heap base address is the
#     maximum limit for the native heap growth. Please use -XX:HeapBaseMinAddress
#     to set the Java Heap base and to place the Java Heap above 4GB virtual address.
# This output file may be truncated or incomplete.
#
#  Out of Memory Error (arena.cpp:168), pid=24084, tid=9176
#
# JRE version: OpenJDK Runtime Environment Temurin-21.0.10+7 (21.0.10+7) (build 21.0.10+7-LTS)
# Java VM: OpenJDK 64-Bit Server VM Temurin-21.0.10+7 (21.0.10+7-LTS, mixed mode, sharing, tiered, compressed oops, compressed class ptrs, parallel gc, windows-amd64)
# No core dump will be written. Minidumps are not enabled by default on client versions of Windows
#

---------------  S U M M A R Y ------------

Command Line: --add-modules=ALL-SYSTEM --add-opens=java.base/java.util=ALL-UNNAMED --add-opens=java.base/java.lang=ALL-UNNAMED --add-opens=java.base/sun.nio.fs=ALL-UNNAMED -Declipse.application=org.eclipse.jdt.ls.core.id1 -Dosgi.bundles.defaultStartLevel=4 -Declipse.product=org.eclipse.jdt.ls.core.product -Djava.import.generatesMetadataFilesAtProjectRoot=false -DDetectVMInstallationsJob.disabled=true -Dfile.encoding=utf8 -XX:+UseParallelGC -XX:GCTimeRatio=4 -XX:AdaptiveSizePolicyWeight=90 -Dsun.zip.disableMemoryMapping=true -Xmx2G -Xms100m -Xlog:disable -javaagent:c:\Users\bac\.antigravity\extensions\redhat.java-1.54.0-win32-x64\lombok\lombok-1.18.39-4050.jar -XX:+HeapDumpOnOutOfMemoryError -XX:HeapDumpPath=c:\Users\bac\AppData\Roaming\Antigravity\User\workspaceStorage\e9a052db52acf9847947068fb13aab61\redhat.java -Daether.dependencyCollector.impl=bf c:\Users\bac\.antigravity\extensions\redhat.java-1.54.0-win32-x64\server\plugins\org.eclipse.equinox.launcher_1.7.100.v20251111-0406.jar -configuration c:\Users\bac\AppData\Roaming\Antigravity\User\globalStorage\redhat.java\1.54.0\config_win -data c:\Users\bac\AppData\Roaming\Antigravity\User\workspaceStorage\e9a052db52acf9847947068fb13aab61\redhat.java\jdt_ws --pipe=\\.\pipe\lsp-828e5ac9e1af06c4ddab86429f817c73-sock

Host: AMD Ryzen 5 5600H with Radeon Graphics         , 12 cores, 13G,  Windows 11 , 64 bit Build 26100 (10.0.26100.8246)
Time: Fri Apr 24 20:43:32 2026 SE Asia Standard Time elapsed time: 1.807520 seconds (0d 0h 0m 1s)

---------------  T H R E A D  ---------------

Current thread (0x0000024c15d0d6c0):  JavaThread "C2 CompilerThread2" daemon [_thread_in_native, id=9176, stack(0x0000008614200000,0x0000008614300000) (1024K)]


Current CompileTask:
C2:1807 1807       4       java.io.WinNTFileSystem::normalize (143 bytes)

Stack: [0x0000008614200000,0x0000008614300000]
Native frames: (J=compiled Java code, j=interpreted, Vv=VM code, C=native code)
V  [jvm.dll+0x6d7a39]
V  [jvm.dll+0x8b4b26]
V  [jvm.dll+0x8b70de]
V  [jvm.dll+0x8b77c3]
V  [jvm.dll+0x284346]
V  [jvm.dll+0xc66ed]
V  [jvm.dll+0xc6c31]
V  [jvm.dll+0x3bec3b]
V  [jvm.dll+0x38b162]
V  [jvm.dll+0x38a5aa]
V  [jvm.dll+0x24c560]
V  [jvm.dll+0x24bb40]
V  [jvm.dll+0x1cb34e]
V  [jvm.dll+0x25b85d]
V  [jvm.dll+0x259dea]
V  [jvm.dll+0x3f857e]
V  [jvm.dll+0x85f59d]
V  [jvm.dll+0x6d626d]
C  [ucrtbase.dll+0x37b0]
C  [KERNEL32.DLL+0x2e8d7]
C  [ntdll.dll+0x8c3fc]


---------------  P R O C E S S  ---------------

Threads class SMR info:
_java_thread_list=0x0000024c1b19a580, length=14, elements={
0x0000024bbab1d7d0, 0x0000024bd34fd7b0, 0x0000024bbabc1ae0, 0x0000024bbabc3fb0,
0x0000024bbabc6040, 0x0000024bbabc8ab0, 0x0000024bbabc9510, 0x0000024bbabcc2b0,
0x0000024bbabd8eb0, 0x0000024c15bb30a0, 0x0000024c15cfbce0, 0x0000024c15d0cff0,
0x0000024c15d0d6c0, 0x0000024c1b37a3c0
}

Java Threads: ( => current thread )
  0x0000024bbab1d7d0 JavaThread "main"                              [_thread_in_Java, id=3332, stack(0x0000008613300000,0x0000008613400000) (1024K)]
  0x0000024bd34fd7b0 JavaThread "Reference Handler"          daemon [_thread_blocked, id=24724, stack(0x0000008613700000,0x0000008613800000) (1024K)]
  0x0000024bbabc1ae0 JavaThread "Finalizer"                  daemon [_thread_blocked, id=22716, stack(0x0000008613800000,0x0000008613900000) (1024K)]
  0x0000024bbabc3fb0 JavaThread "Signal Dispatcher"          daemon [_thread_blocked, id=7400, stack(0x0000008613900000,0x0000008613a00000) (1024K)]
  0x0000024bbabc6040 JavaThread "Attach Listener"            daemon [_thread_blocked, id=24000, stack(0x0000008613a00000,0x0000008613b00000) (1024K)]
  0x0000024bbabc8ab0 JavaThread "Service Thread"             daemon [_thread_blocked, id=12684, stack(0x0000008613b00000,0x0000008613c00000) (1024K)]
  0x0000024bbabc9510 JavaThread "Monitor Deflation Thread"   daemon [_thread_blocked, id=8284, stack(0x0000008613c00000,0x0000008613d00000) (1024K)]
  0x0000024bbabcc2b0 JavaThread "C2 CompilerThread0"         daemon [_thread_blocked, id=22308, stack(0x0000008613d00000,0x0000008613e00000) (1024K)]
  0x0000024bbabd8eb0 JavaThread "C1 CompilerThread0"         daemon [_thread_blocked, id=19432, stack(0x0000008613e00000,0x0000008613f00000) (1024K)]
  0x0000024c15bb30a0 JavaThread "Common-Cleaner"             daemon [_thread_blocked, id=25292, stack(0x0000008613f00000,0x0000008614000000) (1024K)]
  0x0000024c15cfbce0 JavaThread "Notification Thread"        daemon [_thread_blocked, id=16548, stack(0x0000008614000000,0x0000008614100000) (1024K)]
  0x0000024c15d0cff0 JavaThread "C2 CompilerThread1"         daemon [_thread_in_native, id=8268, stack(0x0000008614100000,0x0000008614200000) (1024K)]
=>0x0000024c15d0d6c0 JavaThread "C2 CompilerThread2"         daemon [_thread_in_native, id=9176, stack(0x0000008614200000,0x0000008614300000) (1024K)]
  0x0000024c1b37a3c0 JavaThread "Active Thread: Equinox Container: 46d278c7-05e9-4b72-a07e-10254fe3f66d"        [_thread_blocked, id=21672, stack(0x0000008614900000,0x0000008614a00000) (1024K)]
Total: 14

Other Threads:
  0x0000024bbabbe8a0 VMThread "VM Thread"                           [id=20420, stack(0x0000008613600000,0x0000008613700000) (1024K)]
  0x0000024bd33dca10 WatcherThread "VM Periodic Task Thread"        [id=7756, stack(0x0000008613500000,0x0000008613600000) (1024K)]
  0x0000024bbab3c350 WorkerThread "GC Thread#0"                     [id=20800, stack(0x0000008613400000,0x0000008613500000) (1024K)]
  0x0000024c1ba5ea30 WorkerThread "GC Thread#1"                     [id=13152, stack(0x0000008614300000,0x0000008614400000) (1024K)]
  0x0000024c1b38b960 WorkerThread "GC Thread#2"                     [id=1844, stack(0x0000008614400000,0x0000008614500000) (1024K)]
  0x0000024c1b7864b0 WorkerThread "GC Thread#3"                     [id=27724, stack(0x0000008614500000,0x0000008614600000) (1024K)]
  0x0000024c1b786860 WorkerThread "GC Thread#4"                     [id=1836, stack(0x0000008614600000,0x0000008614700000) (1024K)]
  0x0000024c1b786c10 WorkerThread "GC Thread#5"                     [id=10232, stack(0x0000008614700000,0x0000008614800000) (1024K)]
  0x0000024c1b8b14a0 WorkerThread "GC Thread#6"                     [id=20424, stack(0x0000008614800000,0x0000008614900000) (1024K)]
Total: 9

Threads with active compile tasks:
C2 CompilerThread1  1831 1806       4       java.io.WinNTFileSystem::normalize (224 bytes)
C2 CompilerThread2  1831 1807       4       java.io.WinNTFileSystem::normalize (143 bytes)
Total: 2

VM state: not at safepoint (normal execution)

VM Mutex/Monitor currently owned by a thread: None

Heap address: 0x0000000080000000, size: 2048 MB, Compressed Oops mode: 32-bit

CDS archive(s) mapped at: [0x0000024bd4000000-0x0000024bd4ba0000-0x0000024bd4ba0000), size 12189696, SharedBaseAddress: 0x0000024bd4000000, ArchiveRelocationMode: 1.
Compressed class space mapped at: 0x0000024bd5000000-0x0000024c15000000, reserved size: 1073741824
Narrow klass base: 0x0000024bd4000000, Narrow klass shift: 0, Narrow klass range: 0x100000000

GC Precious Log:
 CardTable entry size: 512
 CPUs: 12 total, 12 available
 Memory: 14188M
 Large Page Support: Disabled
 NUMA Support: Disabled
 Compressed Oops: Enabled (32-bit)
 Alignments: Space 512K, Generation 512K, Heap 2M
 Heap Min Capacity: 100M
 Heap Initial Capacity: 100M
 Heap Max Capacity: 2G
 Pre-touch: Disabled
 Parallel Workers: 10

Heap:
 PSYoungGen      total 29696K, used 28413K [0x00000000d5580000, 0x00000000d7680000, 0x0000000100000000)
  eden space 25600K, 98% used [0x00000000d5580000,0x00000000d6e058f8,0x00000000d6e80000)
  from space 4096K, 80% used [0x00000000d6e80000,0x00000000d71b9e98,0x00000000d7280000)
  to   space 4096K, 0% used [0x00000000d7280000,0x00000000d7280000,0x00000000d7680000)
 ParOldGen       total 68608K, used 16K [0x0000000080000000, 0x0000000084300000, 0x00000000d5580000)
  object space 68608K, 0% used [0x0000000080000000,0x0000000080004000,0x0000000084300000)
 Metaspace       used 7979K, committed 8256K, reserved 1114112K
  class space    used 830K, committed 960K, reserved 1048576K

Card table byte_map: [0x0000024bce810000,0x0000024bcec20000] _byte_map_base: 0x0000024bce410000

Marking Bits: (ParMarkBitMap*) 0x00007ffdc45e3450
 Begin Bits: [0x0000024bceed0000, 0x0000024bd0ed0000)
 End Bits:   [0x0000024bd0ed0000, 0x0000024bd2ed0000)

Polling page: 0x0000024bbaf00000

Metaspace:

Usage:
  Non-class:      6.98 MB used.
      Class:    830.39 KB used.
       Both:      7.79 MB used.

Virtual space:
  Non-class space:       64.00 MB reserved,       7.12 MB ( 11%) committed,  1 nodes.
      Class space:        1.00 GB reserved,     960.00 KB ( <1%) committed,  1 nodes.
             Both:        1.06 GB reserved,       8.06 MB ( <1%) committed. 

Chunk freelists:
   Non-Class:  8.81 MB
       Class:  14.91 MB
        Both:  23.72 MB

MaxMetaspaceSize: unlimited
CompressedClassSpaceSize: 1.00 GB
Initial GC threshold: 21.00 MB
Current GC threshold: 21.00 MB
CDS: on
 - commit_granule_bytes: 65536.
 - commit_granule_words: 8192.
 - virtual_space_node_default_size: 8388608.
 - enlarge_chunks_in_place: 1.
 - use_allocation_guard: 0.


Internal statistics:

num_allocs_failed_limit: 0.
num_arena_births: 228.
num_arena_deaths: 0.
num_vsnodes_births: 2.
num_vsnodes_deaths: 0.
num_space_committed: 129.
num_space_uncommitted: 0.
num_chunks_returned_to_freelist: 0.
num_chunks_taken_from_freelist: 418.
num_chunk_merges: 0.
num_chunk_splits: 272.
num_chunks_enlarged: 179.
num_inconsistent_stats: 0.

CodeHeap 'non-profiled nmethods': size=120000Kb used=792Kb max_used=792Kb free=119207Kb
 bounds [0x0000024bc7100000, 0x0000024bc7370000, 0x0000024bce630000]
CodeHeap 'profiled nmethods': size=120000Kb used=3307Kb max_used=3307Kb free=116692Kb
 bounds [0x0000024bbf630000, 0x0000024bbf970000, 0x0000024bc6b60000]
CodeHeap 'non-nmethods': size=5760Kb used=1218Kb max_used=1239Kb free=4541Kb
 bounds [0x0000024bc6b60000, 0x0000024bc6dd0000, 0x0000024bc7100000]
CodeCache: size=245760Kb, used=5317Kb, max_used=5338Kb, free=240440Kb
 total_blobs=2311, nmethods=1828, adapters=390, full_count=0
Compilation: enabled, stopped_count=0, restarted_count=0

Compilation events (20 events):
Event: 1.790 Thread 0x0000024bbabd8eb0 nmethod 1808 0x0000024bbf95a090 code [0x0000024bbf95a240, 0x0000024bbf95a390]
Event: 1.790 Thread 0x0000024bbabd8eb0 1809       3       java.io.WinNTFileSystem::isAbsolute (36 bytes)
Event: 1.791 Thread 0x0000024bbabd8eb0 nmethod 1809 0x0000024bbf95a410 code [0x0000024bbf95a620, 0x0000024bbf95acb0]
Event: 1.791 Thread 0x0000024bbabd8eb0 1810       3       org.eclipse.osgi.framework.util.SecureAction::getProperty (31 bytes)
Event: 1.791 Thread 0x0000024bbabd8eb0 nmethod 1810 0x0000024bbf95af90 code [0x0000024bbf95b180, 0x0000024bbf95b5d8]
Event: 1.793 Thread 0x0000024bbabcc2b0 1811       4       sun.nio.fs.WindowsPathParser::isSlash (18 bytes)
Event: 1.794 Thread 0x0000024bbabcc2b0 nmethod 1811 0x0000024bc71c0a10 code [0x0000024bc71c0ba0, 0x0000024bc71c0c30]
Event: 1.794 Thread 0x0000024bbabd8eb0 1812       3       org.eclipse.osgi.internal.framework.EquinoxConfiguration$ConfigValues::internalGet (24 bytes)
Event: 1.795 Thread 0x0000024bbabd8eb0 nmethod 1812 0x0000024bbf95b790 code [0x0000024bbf95b9a0, 0x0000024bbf95bf98]
Event: 1.797 Thread 0x0000024bbabd8eb0 1813       3       java.io.File::exists (34 bytes)
Event: 1.797 Thread 0x0000024bbabd8eb0 nmethod 1813 0x0000024bbf95c190 code [0x0000024bbf95c380, 0x0000024bbf95c788]
Event: 1.799 Thread 0x0000024bbabcc2b0 1814       4       sun.nio.fs.WindowsPathParser::isInvalidPathChar (22 bytes)
Event: 1.800 Thread 0x0000024bbabcc2b0 nmethod 1814 0x0000024bc71c0d10 code [0x0000024bc71c0ea0, 0x0000024bc71c1038]
Event: 1.800 Thread 0x0000024bbabcc2b0 1815       4       java.lang.StringBuilder::toString (9 bytes)
Event: 1.801 Thread 0x0000024bbabd8eb0 1816       3       java.lang.String::<init> (10 bytes)
Event: 1.801 Thread 0x0000024bbabd8eb0 nmethod 1816 0x0000024bbf95c910 code [0x0000024bbf95cac0, 0x0000024bbf95cc10]
Event: 1.801 Thread 0x0000024bbabd8eb0 1817       3       java.io.WinNTFileSystem::resolve (326 bytes)
Event: 1.805 Thread 0x0000024bbabd8eb0 nmethod 1817 0x0000024bc71c1190 code [0x0000024bc71c16c0, 0x0000024bc71c44c8]
Event: 1.805 Thread 0x0000024bbabcc2b0 nmethod 1815 0x0000024bc71c5610 code [0x0000024bc71c57c0, 0x0000024bc71c5cd8]
Event: 1.806 Thread 0x0000024bbabd8eb0 1818       3       sun.net.util.IPAddressUtil::scan (62 bytes)

GC Heap History (2 events):
Event: 1.057 GC heap before
{Heap before GC invocations=1 (full 0):
 PSYoungGen      total 29696K, used 25600K [0x00000000d5580000, 0x00000000d7680000, 0x0000000100000000)
  eden space 25600K, 100% used [0x00000000d5580000,0x00000000d6e80000,0x00000000d6e80000)
  from space 4096K, 0% used [0x00000000d7280000,0x00000000d7280000,0x00000000d7680000)
  to   space 4096K, 0% used [0x00000000d6e80000,0x00000000d6e80000,0x00000000d7280000)
 ParOldGen       total 68608K, used 0K [0x0000000080000000, 0x0000000084300000, 0x00000000d5580000)
  object space 68608K, 0% used [0x0000000080000000,0x0000000080000000,0x0000000084300000)
 Metaspace       used 4341K, committed 4608K, reserved 1114112K
  class space    used 473K, committed 576K, reserved 1048576K
}
Event: 1.066 GC heap after
{Heap after GC invocations=1 (full 0):
 PSYoungGen      total 29696K, used 3303K [0x00000000d5580000, 0x00000000d7680000, 0x0000000100000000)
  eden space 25600K, 0% used [0x00000000d5580000,0x00000000d5580000,0x00000000d6e80000)
  from space 4096K, 80% used [0x00000000d6e80000,0x00000000d71b9e98,0x00000000d7280000)
  to   space 4096K, 0% used [0x00000000d7280000,0x00000000d7280000,0x00000000d7680000)
 ParOldGen       total 68608K, used 16K [0x0000000080000000, 0x0000000084300000, 0x00000000d5580000)
  object space 68608K, 0% used [0x0000000080000000,0x0000000080004000,0x0000000084300000)
 Metaspace       used 4341K, committed 4608K, reserved 1114112K
  class space    used 473K, committed 576K, reserved 1048576K
}

Dll operation events (8 events):
Event: 0.015 Loaded shared library c:\Users\bac\.antigravity\extensions\redhat.java-1.54.0-win32-x64\jre\21.0.10-win32-x86_64\bin\java.dll
Event: 0.111 Loaded shared library c:\Users\bac\.antigravity\extensions\redhat.java-1.54.0-win32-x64\jre\21.0.10-win32-x86_64\bin\zip.dll
Event: 0.134 Loaded shared library C:\Users\bac\.antigravity\extensions\redhat.java-1.54.0-win32-x64\jre\21.0.10-win32-x86_64\bin\instrument.dll
Event: 0.141 Loaded shared library C:\Users\bac\.antigravity\extensions\redhat.java-1.54.0-win32-x64\jre\21.0.10-win32-x86_64\bin\net.dll
Event: 0.144 Loaded shared library C:\Users\bac\.antigravity\extensions\redhat.java-1.54.0-win32-x64\jre\21.0.10-win32-x86_64\bin\nio.dll
Event: 0.148 Loaded shared library C:\Users\bac\.antigravity\extensions\redhat.java-1.54.0-win32-x64\jre\21.0.10-win32-x86_64\bin\zip.dll
Event: 0.172 Loaded shared library C:\Users\bac\.antigravity\extensions\redhat.java-1.54.0-win32-x64\jre\21.0.10-win32-x86_64\bin\jimage.dll
Event: 0.290 Loaded shared library c:\Users\bac\.antigravity\extensions\redhat.java-1.54.0-win32-x64\jre\21.0.10-win32-x86_64\bin\verify.dll

Deoptimization events (20 events):
Event: 1.620 Thread 0x0000024bbab1d7d0 DEOPT PACKING pc=0x0000024bc7132af8 sp=0x00000086133fe480
Event: 1.620 Thread 0x0000024bbab1d7d0 DEOPT UNPACKING pc=0x0000024bc6bb3aa2 sp=0x00000086133fe440 mode 2
Event: 1.686 Thread 0x0000024bbab1d7d0 DEOPT PACKING pc=0x0000024bbf72df8b sp=0x00000086133fcbd0
Event: 1.686 Thread 0x0000024bbab1d7d0 DEOPT UNPACKING pc=0x0000024bc6bb4242 sp=0x00000086133fc048 mode 0
Event: 1.687 Thread 0x0000024bbab1d7d0 DEOPT PACKING pc=0x0000024bbf7b0f88 sp=0x00000086133fc7d0
Event: 1.687 Thread 0x0000024bbab1d7d0 DEOPT UNPACKING pc=0x0000024bc6bb4242 sp=0x00000086133fbc50 mode 0
Event: 1.688 Thread 0x0000024bbab1d7d0 DEOPT PACKING pc=0x0000024bbf729486 sp=0x00000086133fc690
Event: 1.688 Thread 0x0000024bbab1d7d0 DEOPT UNPACKING pc=0x0000024bc6bb4242 sp=0x00000086133fbb10 mode 0
Event: 1.689 Thread 0x0000024bbab1d7d0 DEOPT PACKING pc=0x0000024bbf7b0f88 sp=0x00000086133fcae0
Event: 1.689 Thread 0x0000024bbab1d7d0 DEOPT UNPACKING pc=0x0000024bc6bb4242 sp=0x00000086133fbf60 mode 0
Event: 1.690 Thread 0x0000024bbab1d7d0 DEOPT PACKING pc=0x0000024bbf729486 sp=0x00000086133fc8e0
Event: 1.690 Thread 0x0000024bbab1d7d0 DEOPT UNPACKING pc=0x0000024bc6bb4242 sp=0x00000086133fbd60 mode 0
Event: 1.690 Thread 0x0000024bbab1d7d0 DEOPT PACKING pc=0x0000024bbf7b0f88 sp=0x00000086133fca30
Event: 1.690 Thread 0x0000024bbab1d7d0 DEOPT UNPACKING pc=0x0000024bc6bb4242 sp=0x00000086133fbeb0 mode 0
Event: 1.691 Thread 0x0000024bbab1d7d0 DEOPT PACKING pc=0x0000024bbf7b0f88 sp=0x00000086133fcd30
Event: 1.691 Thread 0x0000024bbab1d7d0 DEOPT UNPACKING pc=0x0000024bc6bb4242 sp=0x00000086133fc1b0 mode 0
Event: 1.787 Thread 0x0000024bbab1d7d0 DEOPT PACKING pc=0x0000024bbf77ca39 sp=0x00000086133fec50
Event: 1.787 Thread 0x0000024bbab1d7d0 DEOPT UNPACKING pc=0x0000024bc6bb4242 sp=0x00000086133fe150 mode 0
Event: 1.805 Thread 0x0000024bbab1d7d0 DEOPT PACKING pc=0x0000024bbf77ca39 sp=0x00000086133febd0
Event: 1.805 Thread 0x0000024bbab1d7d0 DEOPT UNPACKING pc=0x0000024bc6bb4242 sp=0x00000086133fe0d0 mode 0

Classes loaded (20 events):
Event: 1.679 Loading class java/security/KeyStoreException
Event: 1.679 Loading class java/security/KeyStoreException done
Event: 1.707 Loading class java/util/LinkedList$Node
Event: 1.708 Loading class java/util/LinkedList$Node done
Event: 1.708 Loading class java/util/LinkedList$ListItr
Event: 1.708 Loading class java/util/LinkedList$ListItr done
Event: 1.709 Loading class java/lang/Thread$Builder$OfPlatform
Event: 1.710 Loading class java/lang/Thread$Builder
Event: 1.710 Loading class java/lang/Thread$Builder done
Event: 1.710 Loading class java/lang/Thread$Builder$OfPlatform done
Event: 1.710 Loading class java/lang/Thread$Builder$OfVirtual
Event: 1.710 Loading class java/lang/Thread$Builder$OfVirtual done
Event: 1.749 Loading class sun/nio/fs/WindowsChannelFactory
Event: 1.749 Loading class sun/nio/fs/WindowsChannelFactory done
Event: 1.749 Loading class sun/nio/fs/WindowsChannelFactory$1
Event: 1.749 Loading class sun/nio/fs/WindowsChannelFactory$1 done
Event: 1.749 Loading class sun/nio/fs/WindowsChannelFactory$Flags
Event: 1.749 Loading class sun/nio/fs/WindowsChannelFactory$Flags done
Event: 1.757 Loading class sun/nio/ch/FileChannelImpl$Closer
Event: 1.758 Loading class sun/nio/ch/FileChannelImpl$Closer done

Classes unloaded (0 events):
No events

Classes redefined (0 events):
No events

Internal exceptions (20 events):
Event: 0.878 Thread 0x0000024bbab1d7d0 Exception <a 'java/lang/NoSuchMethodError'{0x00000000d660c2e0}: 'java.lang.Object java.lang.invoke.DirectMethodHandle$Holder.invokeInterface(java.lang.Object, java.lang.Object, int)'> (0x00000000d660c2e0) 
thrown [s\src\hotspot\share\interpreter\linkResolver.cpp, line 773]
Event: 0.993 Thread 0x0000024bbab1d7d0 Exception <a 'java/lang/NoSuchMethodError'{0x00000000d6a72a90}: 'java.lang.ClassLoader java.lang.ClassLoader.getPlatformClassLoader(java.lang.Class)'> (0x00000000d6a72a90) 
thrown [s\src\hotspot\share\interpreter\linkResolver.cpp, line 773]
Event: 1.070 Thread 0x0000024bbab1d7d0 Exception <a 'java/lang/ClassNotFoundException'{0x00000000d558feb8}: sun/net/www/protocol/c/Handler> (0x00000000d558feb8) 
thrown [s\src\hotspot\share\classfile\systemDictionary.cpp, line 312]
Event: 1.070 Thread 0x0000024bbab1d7d0 Exception <a 'java/lang/ClassNotFoundException'{0x00000000d55912b8}: sun/net/www/protocol/d/Handler> (0x00000000d55912b8) 
thrown [s\src\hotspot\share\classfile\systemDictionary.cpp, line 312]
Event: 1.071 Thread 0x0000024bbab1d7d0 Exception <a 'java/lang/ClassNotFoundException'{0x00000000d5592540}: sun/net/www/protocol/c/Handler> (0x00000000d5592540) 
thrown [s\src\hotspot\share\classfile\systemDictionary.cpp, line 312]
Event: 1.080 Thread 0x0000024bbab1d7d0 Exception <a 'java/io/FileNotFoundException'{0x00000000d55c42e8}> (0x00000000d55c42e8) 
thrown [s\src\hotspot\share\prims\jni.cpp, line 520]
Event: 1.128 Thread 0x0000024bbab1d7d0 Implicit null exception at 0x0000024bc715fca9 to 0x0000024bc716051c
Event: 1.129 Thread 0x0000024bbab1d7d0 Implicit null exception at 0x0000024bc716531a to 0x0000024bc7165524
Event: 1.130 Thread 0x0000024bbab1d7d0 Exception <a 'java/lang/NoSuchMethodError'{0x00000000d57343d0}: 'void java.lang.invoke.DirectMethodHandle$Holder.invokeStatic(java.lang.Object, java.lang.Object, java.lang.Object, java.lang.Object)'> (0x00000000d57343d0) 
thrown [s\src\hotspot\share\interpreter\linkResolver.cpp, line 773]
Event: 1.131 Thread 0x0000024bbab1d7d0 Implicit null exception at 0x0000024bc71620bc to 0x0000024bc7162354
Event: 1.131 Thread 0x0000024bbab1d7d0 Implicit null exception at 0x0000024bc7161cbd to 0x0000024bc7161d41
Event: 1.232 Thread 0x0000024bbab1d7d0 Exception <a 'java/lang/NoSuchMethodError'{0x00000000d59df460}: 'void java.lang.invoke.DirectMethodHandle$Holder.invokeSpecial(java.lang.Object, java.lang.Object, java.lang.Object)'> (0x00000000d59df460) 
thrown [s\src\hotspot\share\interpreter\linkResolver.cpp, line 773]
Event: 1.498 Thread 0x0000024bbab1d7d0 Exception <a 'java/lang/NoSuchMethodError'{0x00000000d6452a90}: 'int java.lang.invoke.DirectMethodHandle$Holder.invokeVirtual(java.lang.Object, java.lang.Object)'> (0x00000000d6452a90) 
thrown [s\src\hotspot\share\interpreter\linkResolver.cpp, line 773]
Event: 1.553 Thread 0x0000024bbab1d7d0 Exception <a 'java/lang/NoSuchMethodError'{0x00000000d65c9578}: 'int java.lang.invoke.DirectMethodHandle$Holder.invokeStaticInit(java.lang.Object, java.lang.Object, java.lang.Object, java.lang.Object)'> (0x00000000d65c9578) 
thrown [s\src\hotspot\share\interpreter\linkResolver.cpp, line 773]
Event: 1.554 Thread 0x0000024bbab1d7d0 Exception <a 'java/lang/IncompatibleClassChangeError'{0x00000000d65d1980}: Found class java.lang.Object, but interface was expected> (0x00000000d65d1980) 
thrown [s\src\hotspot\share\interpreter\linkResolver.cpp, line 840]
Event: 1.555 Thread 0x0000024bbab1d7d0 Exception <a 'java/lang/NoSuchMethodError'{0x00000000d65d7f30}: 'void java.lang.invoke.DirectMethodHandle$Holder.invokeStaticInit(java.lang.Object, java.lang.Object)'> (0x00000000d65d7f30) 
thrown [s\src\hotspot\share\interpreter\linkResolver.cpp, line 773]
Event: 1.555 Thread 0x0000024bbab1d7d0 Exception <a 'java/lang/NoSuchMethodError'{0x00000000d65e1108}: 'int java.lang.invoke.DirectMethodHandle$Holder.invokeStaticInit(java.lang.Object, java.lang.Object)'> (0x00000000d65e1108) 
thrown [s\src\hotspot\share\interpreter\linkResolver.cpp, line 773]
Event: 1.604 Thread 0x0000024bbab1d7d0 Exception <a 'java/lang/NoSuchMethodError'{0x00000000d6828980}: 'java.lang.Object java.lang.invoke.DirectMethodHandle$Holder.newInvokeSpecial(java.lang.Object, int, java.lang.Object)'> (0x00000000d6828980) 
thrown [s\src\hotspot\share\interpreter\linkResolver.cpp, line 773]
Event: 1.653 Thread 0x0000024bbab1d7d0 Exception <a 'java/lang/ClassNotFoundException'{0x00000000d6a422e0}: sun/net/www/protocol/plurl/Handler> (0x00000000d6a422e0) 
thrown [s\src\hotspot\share\classfile\systemDictionary.cpp, line 312]
Event: 1.653 Thread 0x0000024bbab1d7d0 Exception <a 'java/lang/ClassNotFoundException'{0x00000000d6a43160}: sun/net/www/protocol/plurl/Handler> (0x00000000d6a43160) 
thrown [s\src\hotspot\share\classfile\systemDictionary.cpp, line 312]

ZGC Phase Switch (0 events):
No events

VM Operations (20 events):
Event: 0.745 Executing non-safepoint VM operation: HandshakeAllThreads (Deoptimize)
Event: 0.745 Executing non-safepoint VM operation: HandshakeAllThreads (Deoptimize) done
Event: 0.772 Executing non-safepoint VM operation: HandshakeAllThreads (Deoptimize)
Event: 0.772 Executing non-safepoint VM operation: HandshakeAllThreads (Deoptimize) done
Event: 1.029 Executing safepoint VM operation: ICBufferFull
Event: 1.029 Executing safepoint VM operation: ICBufferFull done
Event: 1.042 Executing non-safepoint VM operation: HandshakeAllThreads (Deoptimize)
Event: 1.042 Executing non-safepoint VM operation: HandshakeAllThreads (Deoptimize) done
Event: 1.057 Executing safepoint VM operation: ParallelGCFailedAllocation (Allocation Failure)
Event: 1.066 Executing safepoint VM operation: ParallelGCFailedAllocation (Allocation Failure) done
Event: 1.578 Executing non-safepoint VM operation: HandshakeAllThreads (Deoptimize)
Event: 1.578 Executing non-safepoint VM operation: HandshakeAllThreads (Deoptimize) done
Event: 1.588 Executing non-safepoint VM operation: HandshakeAllThreads (Deoptimize)
Event: 1.588 Executing non-safepoint VM operation: HandshakeAllThreads (Deoptimize) done
Event: 1.636 Executing non-safepoint VM operation: HandshakeAllThreads (Deoptimize)
Event: 1.636 Executing non-safepoint VM operation: HandshakeAllThreads (Deoptimize) done
Event: 1.648 Executing non-safepoint VM operation: HandshakeAllThreads (Deoptimize)
Event: 1.648 Executing non-safepoint VM operation: HandshakeAllThreads (Deoptimize) done
Event: 1.684 Executing safepoint VM operation: ICBufferFull
Event: 1.685 Executing safepoint VM operation: ICBufferFull done

Memory protections (0 events):
No events

Nmethod flushes (0 events):
No events

Events (14 events):
Event: 0.033 Thread 0x0000024bbab1d7d0 Thread added: 0x0000024bbab1d7d0
Event: 0.057 Thread 0x0000024bbab1d7d0 Thread added: 0x0000024bd34fd7b0
Event: 0.057 Thread 0x0000024bbab1d7d0 Thread added: 0x0000024bbabc1ae0
Event: 0.058 Thread 0x0000024bbab1d7d0 Thread added: 0x0000024bbabc3fb0
Event: 0.058 Thread 0x0000024bbab1d7d0 Thread added: 0x0000024bbabc6040
Event: 0.058 Thread 0x0000024bbab1d7d0 Thread added: 0x0000024bbabc8ab0
Event: 0.059 Thread 0x0000024bbab1d7d0 Thread added: 0x0000024bbabc9510
Event: 0.059 Thread 0x0000024bbab1d7d0 Thread added: 0x0000024bbabcc2b0
Event: 0.060 Thread 0x0000024bbab1d7d0 Thread added: 0x0000024bbabd8eb0
Event: 0.137 Thread 0x0000024bbab1d7d0 Thread added: 0x0000024c15bb30a0
Event: 0.476 Thread 0x0000024bbab1d7d0 Thread added: 0x0000024c15cfbce0
Event: 0.480 Thread 0x0000024bbabd8eb0 Thread added: 0x0000024c15d0cff0
Event: 0.727 Thread 0x0000024bbabd8eb0 Thread added: 0x0000024c15d0d6c0
Event: 1.566 Thread 0x0000024bbab1d7d0 Thread added: 0x0000024c1b37a3c0


Dynamic libraries:
0x00007ff7c9b50000 - 0x00007ff7c9b5e000 	c:\Users\bac\.antigravity\extensions\redhat.java-1.54.0-win32-x64\jre\21.0.10-win32-x86_64\bin\java.exe
0x00007ffeca6c0000 - 0x00007ffeca927000 	C:\WINDOWS\SYSTEM32\ntdll.dll
0x00007ffec9870000 - 0x00007ffec9939000 	C:\WINDOWS\System32\KERNEL32.DLL
0x00007ffec7cb0000 - 0x00007ffec80a4000 	C:\WINDOWS\System32\KERNELBASE.dll
0x00007ffec7110000 - 0x00007ffec725b000 	C:\WINDOWS\System32\ucrtbase.dll
0x00007ffe80850000 - 0x00007ffe80868000 	c:\Users\bac\.antigravity\extensions\redhat.java-1.54.0-win32-x64\jre\21.0.10-win32-x86_64\bin\jli.dll
0x00007ffeca180000 - 0x00007ffeca345000 	C:\WINDOWS\System32\USER32.dll
0x00007ffec8360000 - 0x00007ffec8387000 	C:\WINDOWS\System32\win32u.dll
0x00007ffec8da0000 - 0x00007ffec8dcb000 	C:\WINDOWS\System32\GDI32.dll
0x00007ffec7310000 - 0x00007ffec743b000 	C:\WINDOWS\System32\gdi32full.dll
0x00007ffec7260000 - 0x00007ffec7303000 	C:\WINDOWS\System32\msvcp_win.dll
0x00007ffe80830000 - 0x00007ffe8084e000 	c:\Users\bac\.antigravity\extensions\redhat.java-1.54.0-win32-x64\jre\21.0.10-win32-x86_64\bin\VCRUNTIME140.dll
0x00007ffeb8980000 - 0x00007ffeb8c13000 	C:\WINDOWS\WinSxS\amd64_microsoft.windows.common-controls_6595b64144ccf1df_6.0.26100.8115_none_3e075c82e3354f9c\COMCTL32.dll
0x00007ffec94b0000 - 0x00007ffec9559000 	C:\WINDOWS\System32\msvcrt.dll
0x00007ffec93d0000 - 0x00007ffec9402000 	C:\WINDOWS\System32\IMM32.DLL
0x00007ffea18d0000 - 0x00007ffea18dc000 	c:\Users\bac\.antigravity\extensions\redhat.java-1.54.0-win32-x64\jre\21.0.10-win32-x86_64\bin\vcruntime140_1.dll
0x00007ffe5c2e0000 - 0x00007ffe5c36d000 	c:\Users\bac\.antigravity\extensions\redhat.java-1.54.0-win32-x64\jre\21.0.10-win32-x86_64\bin\msvcp140.dll
0x00007ffdc3920000 - 0x00007ffdc46c1000 	c:\Users\bac\.antigravity\extensions\redhat.java-1.54.0-win32-x64\jre\21.0.10-win32-x86_64\bin\server\jvm.dll
0x00007ffeca450000 - 0x00007ffeca506000 	C:\WINDOWS\System32\ADVAPI32.dll
0x00007ffec9bf0000 - 0x00007ffec9c97000 	C:\WINDOWS\System32\sechost.dll
0x00007ffeca530000 - 0x00007ffeca648000 	C:\WINDOWS\System32\RPCRT4.dll
0x00007ffec9410000 - 0x00007ffec9490000 	C:\WINDOWS\System32\WS2_32.dll
0x00007ffec6e10000 - 0x00007ffec6e6e000 	C:\WINDOWS\SYSTEM32\POWRPROF.dll
0x00007ffec0200000 - 0x00007ffec0236000 	C:\WINDOWS\SYSTEM32\WINMM.dll
0x00007ffec0240000 - 0x00007ffec024b000 	C:\WINDOWS\SYSTEM32\VERSION.dll
0x00007ffec6df0000 - 0x00007ffec6e04000 	C:\WINDOWS\SYSTEM32\UMPDC.dll
0x00007ffec5d20000 - 0x00007ffec5d3b000 	C:\WINDOWS\SYSTEM32\kernel.appcore.dll
0x00007ffea1890000 - 0x00007ffea189a000 	c:\Users\bac\.antigravity\extensions\redhat.java-1.54.0-win32-x64\jre\21.0.10-win32-x86_64\bin\jimage.dll
0x00007ffebc190000 - 0x00007ffebc3d2000 	C:\WINDOWS\SYSTEM32\DBGHELP.DLL
0x00007ffec9040000 - 0x00007ffec93c2000 	C:\WINDOWS\System32\combase.dll
0x00007ffec9aa0000 - 0x00007ffec9b78000 	C:\WINDOWS\System32\OLEAUT32.dll
0x00007ffeb9b30000 - 0x00007ffeb9b6b000 	C:\WINDOWS\SYSTEM32\dbgcore.DLL
0x00007ffec80b0000 - 0x00007ffec8155000 	C:\WINDOWS\System32\bcryptPrimitives.dll
0x00007ffea10f0000 - 0x00007ffea10ff000 	c:\Users\bac\.antigravity\extensions\redhat.java-1.54.0-win32-x64\jre\21.0.10-win32-x86_64\bin\instrument.dll
0x00007ffe7eec0000 - 0x00007ffe7eee0000 	c:\Users\bac\.antigravity\extensions\redhat.java-1.54.0-win32-x64\jre\21.0.10-win32-x86_64\bin\java.dll
0x00007ffec8630000 - 0x00007ffec8d97000 	C:\WINDOWS\System32\SHELL32.dll
0x00007ffec81f0000 - 0x00007ffec835a000 	C:\WINDOWS\System32\wintypes.dll
0x00007ffec7440000 - 0x00007ffec7ca8000 	C:\WINDOWS\System32\windows.storage.dll
0x00007ffeca350000 - 0x00007ffeca448000 	C:\WINDOWS\System32\SHCORE.dll
0x00007ffec9b80000 - 0x00007ffec9be6000 	C:\WINDOWS\System32\shlwapi.dll
0x00007ffec6eb0000 - 0x00007ffec6ed9000 	C:\WINDOWS\SYSTEM32\profapi.dll
0x00007ffe7d830000 - 0x00007ffe7d848000 	c:\Users\bac\.antigravity\extensions\redhat.java-1.54.0-win32-x64\jre\21.0.10-win32-x86_64\bin\zip.dll
0x00007ffe88310000 - 0x00007ffe88320000 	C:\Users\bac\.antigravity\extensions\redhat.java-1.54.0-win32-x64\jre\21.0.10-win32-x86_64\bin\net.dll
0x00007ffec06d0000 - 0x00007ffec07fd000 	C:\WINDOWS\SYSTEM32\WINHTTP.dll
0x00007ffec6290000 - 0x00007ffec62fc000 	C:\WINDOWS\system32\mswsock.dll
0x00007ffe7c780000 - 0x00007ffe7c796000 	C:\Users\bac\.antigravity\extensions\redhat.java-1.54.0-win32-x64\jre\21.0.10-win32-x86_64\bin\nio.dll
0x00007ffe87f10000 - 0x00007ffe87f20000 	c:\Users\bac\.antigravity\extensions\redhat.java-1.54.0-win32-x64\jre\21.0.10-win32-x86_64\bin\verify.dll

JVMTI agents:
c:\Users\bac\.antigravity\extensions\redhat.java-1.54.0-win32-x64\lombok\lombok-1.18.39-4050.jar path:c:\Users\bac\.antigravity\extensions\redhat.java-1.54.0-win32-x64\jre\21.0.10-win32-x86_64\bin\instrument.dll, loaded, initialized, instrumentlib options:none

dbghelp: loaded successfully - version: 4.0.5 - missing functions: none
symbol engine: initialized successfully - sym options: 0x614 - pdb path: .;c:\Users\bac\.antigravity\extensions\redhat.java-1.54.0-win32-x64\jre\21.0.10-win32-x86_64\bin;C:\WINDOWS\SYSTEM32;C:\WINDOWS\WinSxS\amd64_microsoft.windows.common-controls_6595b64144ccf1df_6.0.26100.8115_none_3e075c82e3354f9c;c:\Users\bac\.antigravity\extensions\redhat.java-1.54.0-win32-x64\jre\21.0.10-win32-x86_64\bin\server

VM Arguments:
jvm_args: --add-modules=ALL-SYSTEM --add-opens=java.base/java.util=ALL-UNNAMED --add-opens=java.base/java.lang=ALL-UNNAMED --add-opens=java.base/sun.nio.fs=ALL-UNNAMED -Declipse.application=org.eclipse.jdt.ls.core.id1 -Dosgi.bundles.defaultStartLevel=4 -Declipse.product=org.eclipse.jdt.ls.core.product -Djava.import.generatesMetadataFilesAtProjectRoot=false -DDetectVMInstallationsJob.disabled=true -Dfile.encoding=utf8 -XX:+UseParallelGC -XX:GCTimeRatio=4 -XX:AdaptiveSizePolicyWeight=90 -Dsun.zip.disableMemoryMapping=true -Xmx2G -Xms100m -Xlog:disable -javaagent:c:\Users\bac\.antigravity\extensions\redhat.java-1.54.0-win32-x64\lombok\lombok-1.18.39-4050.jar -XX:+HeapDumpOnOutOfMemoryError -XX:HeapDumpPath=c:\Users\bac\AppData\Roaming\Antigravity\User\workspaceStorage\e9a052db52acf9847947068fb13aab61\redhat.java -Daether.dependencyCollector.impl=bf 
java_command: c:\Users\bac\.antigravity\extensions\redhat.java-1.54.0-win32-x64\server\plugins\org.eclipse.equinox.launcher_1.7.100.v20251111-0406.jar -configuration c:\Users\bac\AppData\Roaming\Antigravity\User\globalStorage\redhat.java\1.54.0\config_win -data c:\Users\bac\AppData\Roaming\Antigravity\User\workspaceStorage\e9a052db52acf9847947068fb13aab61\redhat.java\jdt_ws --pipe=\\.\pipe\lsp-828e5ac9e1af06c4ddab86429f817c73-sock
java_class_path (initial): c:\Users\bac\.antigravity\extensions\redhat.java-1.54.0-win32-x64\server\plugins\org.eclipse.equinox.launcher_1.7.100.v20251111-0406.jar
Launcher Type: SUN_STANDARD

[Global flags]
    uintx AdaptiveSizePolicyWeight                 = 90                                        {product} {command line}
     intx CICompilerCount                          = 4                                         {product} {ergonomic}
    uintx GCTimeRatio                              = 4                                         {product} {command line}
     bool HeapDumpOnOutOfMemoryError               = true                                   {manageable} {command line}
    ccstr HeapDumpPath                             = c:\Users\bac\AppData\Roaming\Antigravity\User\workspaceStorage\e9a052db52acf9847947068fb13aab61\redhat.java         {manageable} {command line}
   size_t InitialHeapSize                          = 104857600                                 {product} {command line}
   size_t MaxHeapSize                              = 2147483648                                {product} {command line}
   size_t MaxNewSize                               = 715653120                                 {product} {ergonomic}
   size_t MinHeapDeltaBytes                        = 524288                                    {product} {ergonomic}
   size_t MinHeapSize                              = 104857600                                 {product} {command line}
   size_t NewSize                                  = 34603008                                  {product} {ergonomic}
    uintx NonNMethodCodeHeapSize                   = 5839372                                {pd product} {ergonomic}
    uintx NonProfiledCodeHeapSize                  = 122909434                              {pd product} {ergonomic}
   size_t OldSize                                  = 70254592                                  {product} {ergonomic}
    uintx ProfiledCodeHeapSize                     = 122909434                              {pd product} {ergonomic}
    uintx ReservedCodeCacheSize                    = 251658240                              {pd product} {ergonomic}
     bool SegmentedCodeCache                       = true                                      {product} {ergonomic}
   size_t SoftMaxHeapSize                          = 2147483648                             {manageable} {ergonomic}
     bool UseCompressedOops                        = true                           {product lp64_product} {ergonomic}
     bool UseLargePagesIndividualAllocation        = false                                  {pd product} {ergonomic}
     bool UseParallelGC                            = true                                      {product} {command line}

Logging:
Log output configuration:
 #0: stdout all=off uptime,level,tags foldmultilines=false
 #1: stderr all=off uptime,level,tags foldmultilines=false

Release file:
JAVA_VERSION="21.0.10" 
MODULES="java.base java.compiler java.datatransfer java.xml java.prefs java.desktop java.instrument java.logging java.management java.security.sasl java.naming java.rmi java.management.rmi java.net.http java.scripting java.security.jgss java.transaction.xa java.sql java.sql.rowset java.xml.crypto java.se java.smartcardio jdk.accessibility jdk.internal.jvmstat jdk.attach jdk.charsets jdk.internal.opt jdk.zipfs jdk.compiler jdk.crypto.ec jdk.crypto.cryptoki jdk.crypto.mscapi jdk.dynalink jdk.internal.ed jdk.editpad jdk.hotspot.agent jdk.httpserver jdk.internal.le jdk.internal.vm.ci jdk.internal.vm.compiler jdk.internal.vm.compiler.management jdk.jartool jdk.javadoc jdk.jcmd jdk.management jdk.management.agent jdk.jconsole jdk.jdeps jdk.jdwp.agent jdk.jdi jdk.jfr jdk.jshell jdk.jsobject jdk.jstatd jdk.localedata jdk.management.jfr jdk.naming.dns jdk.naming.rmi jdk.net jdk.nio.mapmode jdk.random jdk.sctp jdk.security.auth jdk.security.jgss jdk.unsupported jdk.unsupported.desktop jdk.xml.dom" 

Environment Variables:
JAVA_HOME=C:\Program Files\Java\jdk-25.0.2
PATH=C:\Program Files\Common Files\Oracle\Java\javapath;C:\ProgramData\Oracle\Java\javapath;C:\Program Files\Microsoft MPI\Bin\;C:\WINDOWS\system32;C:\WINDOWS;C:\WINDOWS\System32\Wbem;C:\WINDOWS\System32\WindowsPowerShell\v1.0\;C:\WINDOWS\System32\OpenSSH\;C:\Program Files (x86)\Microsoft SQL Server\160\Tools\Binn\;C:\Program Files\Microsoft SQL Server\160\Tools\Binn\;C:\Program Files\Microsoft SQL Server\Client SDK\ODBC\170\Tools\Binn\;C:\Program Files\Microsoft SQL Server\160\DTS\Binn\;C:\Program Files\dotnet\;C:\Program Files\Azure Data Studio\bin;C:\Program Files\Microsoft SQL Server\150\Tools\Binn\;C:\Program Files\apache-maven-3.9.13\bin;C:\Users\bac\AppData\Local\Programs\Python\Python313\;C:\Users\bac\AppData\Local\Programs\Python\Python313\Scripts;D:\Game\download\flutter\bin;C:\Program Files\Git\cmd;D:\;C:\ProgramData\chocolatey\bin;C:\Users\bac\AppData\Local\Pub\Cache\bin;C:\Users\bac\AppData\Local\Programs\Python\Python310\Scripts\;C:\Users\bac\AppData\Local\Programs\Python\Python310\;c:\Users\bac\AppData\Local\Programs\cursor\resources\app\codeBin;C:\Users\bac\AppData\Local\Programs\Python\Launcher\;C:\Users\bac\AppData\Local\Programs\Python\Python313\Scripts\;C:\Users\bac\AppData\Local\Programs\Python\Python313\;C:\Users\bac\AppData\Local\Microsoft\WindowsApps;C:\Users\bac\.dotnet\tools;C:\Users\bac\AppData\Local\Programs\Microsoft VS Code\bin;C:\Program Files\Azure Data Studio\bin;C:\Users\bac\AppData\Roaming\npm;D:\Documents\Antigravity\bin
USERNAME=bac
OS=Windows_NT
PROCESSOR_IDENTIFIER=AMD64 Family 25 Model 80 Stepping 0, AuthenticAMD
TMP=C:\Users\bac\AppData\Local\Temp
TEMP=C:\Users\bac\AppData\Local\Temp




Periodic native trim disabled

---------------  S Y S T E M  ---------------

OS:
 Windows 11 , 64 bit Build 26100 (10.0.26100.8246)
OS uptime: 3 days 1:45 hours

CPU: total 12 (initial active 12) (12 cores per cpu, 2 threads per core) family 25 model 80 stepping 0 microcode 0xa50000d, cx8, cmov, fxsr, ht, mmx, 3dnowpref, sse, sse2, sse3, ssse3, sse4a, sse4.1, sse4.2, popcnt, lzcnt, tsc, tscinvbit, avx, avx2, aes, erms, clmul, bmi1, bmi2, adx, sha, fma, vzeroupper, clflush, clflushopt, rdtscp, rdpid, fsrm, f16c, pku, cet_ss
Processor Information for the first 12 processors :
  Max Mhz: 3301, Current Mhz: 3301, Mhz Limit: 3301

Memory: 4k page, system-wide physical 14188M (1358M free)
TotalPageFile size 30903M (AvailPageFile size 9M)
current process WorkingSet (physical memory assigned to process): 95M, peak: 95M
current process commit charge ("private bytes"): 250M, peak: 251M

vm_info: OpenJDK 64-Bit Server VM (21.0.10+7-LTS) for windows-amd64 JRE (21.0.10+7-LTS), built on 2026-01-20T00:00:00Z by "admin" with MS VC++ 17.12 (VS2022)

END.
