#
# There is insufficient memory for the Java Runtime Environment to continue.
# Native memory allocation (malloc) failed to allocate 313616 bytes. Error detail: Chunk::new
# Possible reasons:
#   The system is out of physical RAM or swap space
#   This process is running with CompressedOops enabled, and the Java Heap may be blocking the growth of the native heap
# Possible solutions:
#   Reduce memory load on the system
#   Increase physical memory or swap space
#   Check if swap backing store is full
#   Decrease Java heap size (-Xmx/-Xms)
#   Decrease number of Java threads
#   Decrease Java thread stack sizes (-Xss)
#   Set larger code cache with -XX:ReservedCodeCacheSize=
#   JVM is running with Unscaled Compressed Oops mode in which the Java heap is
#     placed in the first 4GB address space. The Java Heap base address is the
#     maximum limit for the native heap growth. Please use -XX:HeapBaseMinAddress
#     to set the Java Heap base and to place the Java Heap above 4GB virtual address.
# This output file may be truncated or incomplete.
#
#  Out of Memory Error (arena.cpp:168), pid=26248, tid=5580
#
# JRE version: OpenJDK Runtime Environment Temurin-21.0.10+7 (21.0.10+7) (build 21.0.10+7-LTS)
# Java VM: OpenJDK 64-Bit Server VM Temurin-21.0.10+7 (21.0.10+7-LTS, mixed mode, sharing, tiered, compressed oops, compressed class ptrs, parallel gc, windows-amd64)
# No core dump will be written. Minidumps are not enabled by default on client versions of Windows
#

---------------  S U M M A R Y ------------

Command Line: --add-modules=ALL-SYSTEM --add-opens=java.base/java.util=ALL-UNNAMED --add-opens=java.base/java.lang=ALL-UNNAMED --add-opens=java.base/sun.nio.fs=ALL-UNNAMED -Declipse.application=org.eclipse.jdt.ls.core.id1 -Dosgi.bundles.defaultStartLevel=4 -Declipse.product=org.eclipse.jdt.ls.core.product -Djava.import.generatesMetadataFilesAtProjectRoot=false -DDetectVMInstallationsJob.disabled=true -Dfile.encoding=utf8 -XX:+UseParallelGC -XX:GCTimeRatio=4 -XX:AdaptiveSizePolicyWeight=90 -Dsun.zip.disableMemoryMapping=true -Xmx2G -Xms100m -Xlog:disable -javaagent:c:\Users\bac\.antigravity\extensions\redhat.java-1.54.0-win32-x64\lombok\lombok-1.18.39-4050.jar c:\Users\bac\.antigravity\extensions\redhat.java-1.54.0-win32-x64\server\plugins\org.eclipse.equinox.launcher_1.7.100.v20251111-0406.jar -configuration c:\Users\bac\AppData\Roaming\Antigravity\User\globalStorage\redhat.java\1.54.0\config_ss_win -data c:\Users\bac\AppData\Roaming\Antigravity\User\workspaceStorage\e9a052db52acf9847947068fb13aab61\redhat.java\ss_ws --pipe=\\.\pipe\lsp-a5fb58a6b2f0212a024615b5df5d0719-sock

Host: AMD Ryzen 5 5600H with Radeon Graphics         , 12 cores, 13G,  Windows 11 , 64 bit Build 26100 (10.0.26100.8246)
Time: Fri Apr 24 20:43:32 2026 SE Asia Standard Time elapsed time: 2.844228 seconds (0d 0h 0m 2s)

---------------  T H R E A D  ---------------

Current thread (0x0000027f3895fcc0):  JavaThread "C2 CompilerThread0" daemon [_thread_in_native, id=5580, stack(0x000000f458800000,0x000000f458900000) (1024K)]


Current CompileTask:
C2:2844 2342       4       lombok.patcher.PatchScript::classMatches (41 bytes)

Stack: [0x000000f458800000,0x000000f458900000]
Native frames: (J=compiled Java code, j=interpreted, Vv=VM code, C=native code)
V  [jvm.dll+0x6d7a39]
V  [jvm.dll+0x8b4b26]
V  [jvm.dll+0x8b70de]
V  [jvm.dll+0x8b77c3]
V  [jvm.dll+0x284346]
V  [jvm.dll+0xc66ed]
V  [jvm.dll+0xc6c31]
V  [jvm.dll+0x3bec01]
V  [jvm.dll+0x38b162]
V  [jvm.dll+0x38a5aa]
V  [jvm.dll+0x24c560]
V  [jvm.dll+0x24bb40]
V  [jvm.dll+0x1cb34e]
V  [jvm.dll+0x25b85d]
V  [jvm.dll+0x259dea]
V  [jvm.dll+0x3f857e]
V  [jvm.dll+0x85f59d]
V  [jvm.dll+0x6d626d]
C  [ucrtbase.dll+0x37b0]
C  [KERNEL32.DLL+0x2e8d7]
C  [ntdll.dll+0x8c3fc]


---------------  P R O C E S S  ---------------

Threads class SMR info:
_java_thread_list=0x0000027f926ad350, length=17, elements={
0x0000027f388ad900, 0x0000027f901fd060, 0x0000027f38952ce0, 0x0000027f38956350,
0x0000027f38958dc0, 0x0000027f38959820, 0x0000027f3895b910, 0x0000027f3895fcc0,
0x0000027f91574180, 0x0000027f9174c5a0, 0x0000027f924f3d10, 0x0000027f929ec5a0,
0x0000027f92c6bda0, 0x0000027f92a74430, 0x0000027f9171a580, 0x0000027f9738aa00,
0x0000027f973a6b20
}

Java Threads: ( => current thread )
  0x0000027f388ad900 JavaThread "main"                              [_thread_blocked, id=2452, stack(0x000000f457e00000,0x000000f457f00000) (1024K)]
  0x0000027f901fd060 JavaThread "Reference Handler"          daemon [_thread_blocked, id=16964, stack(0x000000f458200000,0x000000f458300000) (1024K)]
  0x0000027f38952ce0 JavaThread "Finalizer"                  daemon [_thread_blocked, id=22208, stack(0x000000f458300000,0x000000f458400000) (1024K)]
  0x0000027f38956350 JavaThread "Signal Dispatcher"          daemon [_thread_blocked, id=11276, stack(0x000000f458400000,0x000000f458500000) (1024K)]
  0x0000027f38958dc0 JavaThread "Attach Listener"            daemon [_thread_blocked, id=6320, stack(0x000000f458500000,0x000000f458600000) (1024K)]
  0x0000027f38959820 JavaThread "Service Thread"             daemon [_thread_blocked, id=3828, stack(0x000000f458600000,0x000000f458700000) (1024K)]
  0x0000027f3895b910 JavaThread "Monitor Deflation Thread"   daemon [_thread_blocked, id=4468, stack(0x000000f458700000,0x000000f458800000) (1024K)]
=>0x0000027f3895fcc0 JavaThread "C2 CompilerThread0"         daemon [_thread_in_native, id=5580, stack(0x000000f458800000,0x000000f458900000) (1024K)]
  0x0000027f91574180 JavaThread "C1 CompilerThread0"         daemon [_thread_in_native, id=4548, stack(0x000000f458900000,0x000000f458a00000) (1024K)]
  0x0000027f9174c5a0 JavaThread "Common-Cleaner"             daemon [_thread_blocked, id=25968, stack(0x000000f458b00000,0x000000f458c00000) (1024K)]
  0x0000027f924f3d10 JavaThread "Notification Thread"        daemon [_thread_blocked, id=13976, stack(0x000000f458c00000,0x000000f458d00000) (1024K)]
  0x0000027f929ec5a0 JavaThread "Active Thread: Equinox Container: f428fe66-d8c3-4268-afa3-702e4aa4ad88"        [_thread_blocked, id=4976, stack(0x000000f458d00000,0x000000f458e00000) (1024K)]
  0x0000027f92c6bda0 JavaThread "Framework Event Dispatcher: Equinox Container: f428fe66-d8c3-4268-afa3-702e4aa4ad88" daemon [_thread_blocked, id=2508, stack(0x000000f459400000,0x000000f459500000) (1024K)]
  0x0000027f92a74430 JavaThread "Start Level: Equinox Container: f428fe66-d8c3-4268-afa3-702e4aa4ad88" daemon [_thread_in_Java, id=372, stack(0x000000f459500000,0x000000f459600000) (1024K)]
  0x0000027f9171a580 JavaThread "SCR Component Actor"        daemon [_thread_blocked, id=23028, stack(0x000000f458a00000,0x000000f458b00000) (1024K)]
  0x0000027f9738aa00 JavaThread "Worker-JM"                         [_thread_blocked, id=16620, stack(0x000000f459700000,0x000000f459800000) (1024K)]
  0x0000027f973a6b20 JavaThread "C2 CompilerThread1"         daemon [_thread_in_native, id=22052, stack(0x000000f459a00000,0x000000f459b00000) (1024K)]
Total: 17

Other Threads:
  0x0000027f38950c00 VMThread "VM Thread"                           [id=9196, stack(0x000000f458100000,0x000000f458200000) (1024K)]
  0x0000027f900dca10 WatcherThread "VM Periodic Task Thread"        [id=5380, stack(0x000000f458000000,0x000000f458100000) (1024K)]
  0x0000027f388cc480 WorkerThread "GC Thread#0"                     [id=18024, stack(0x000000f457f00000,0x000000f458000000) (1024K)]
  0x0000027f92a20f80 WorkerThread "GC Thread#1"                     [id=17332, stack(0x000000f458e00000,0x000000f458f00000) (1024K)]
  0x0000027f92c45290 WorkerThread "GC Thread#2"                     [id=24212, stack(0x000000f458f00000,0x000000f459000000) (1024K)]
  0x0000027f92566e90 WorkerThread "GC Thread#3"                     [id=23284, stack(0x000000f459000000,0x000000f459100000) (1024K)]
  0x0000027f9266fdb0 WorkerThread "GC Thread#4"                     [id=26060, stack(0x000000f459100000,0x000000f459200000) (1024K)]
  0x0000027f92670160 WorkerThread "GC Thread#5"                     [id=23044, stack(0x000000f459200000,0x000000f459300000) (1024K)]
  0x0000027f92670920 WorkerThread "GC Thread#6"                     [id=15828, stack(0x000000f459300000,0x000000f459400000) (1024K)]
  0x0000027f926c1340 WorkerThread "GC Thread#7"                     [id=14508, stack(0x000000f459600000,0x000000f459700000) (1024K)]
  0x0000027f974c1a50 WorkerThread "GC Thread#8"                     [id=19136, stack(0x000000f459800000,0x000000f459900000) (1024K)]
  0x0000027f972ae150 WorkerThread "GC Thread#9"                     [id=27444, stack(0x000000f459900000,0x000000f459a00000) (1024K)]
Total: 12

Threads with active compile tasks:
C2 CompilerThread0  2873 2342       4       lombok.patcher.PatchScript::classMatches (41 bytes)
C1 CompilerThread0  2873 2409   !   3       org.eclipse.osgi.container.Module::start (662 bytes)
C2 CompilerThread1  2873 2404       4       java.io.DataInputStream::readByte (6 bytes)
Total: 3

VM state: not at safepoint (normal execution)

VM Mutex/Monitor currently owned by a thread: None

Heap address: 0x0000000080000000, size: 2048 MB, Compressed Oops mode: 32-bit

CDS archive(s) mapped at: [0x0000027f4f000000-0x0000027f4fba0000-0x0000027f4fba0000), size 12189696, SharedBaseAddress: 0x0000027f4f000000, ArchiveRelocationMode: 1.
Compressed class space mapped at: 0x0000027f50000000-0x0000027f90000000, reserved size: 1073741824
Narrow klass base: 0x0000027f4f000000, Narrow klass shift: 0, Narrow klass range: 0x100000000

GC Precious Log:
 CardTable entry size: 512
 CPUs: 12 total, 12 available
 Memory: 14188M
 Large Page Support: Disabled
 NUMA Support: Disabled
 Compressed Oops: Enabled (32-bit)
 Alignments: Space 512K, Generation 512K, Heap 2M
 Heap Min Capacity: 100M
 Heap Initial Capacity: 100M
 Heap Max Capacity: 2G
 Pre-touch: Disabled
 Parallel Workers: 10

Heap:
 PSYoungGen      total 29696K, used 12035K [0x00000000d5580000, 0x00000000d7680000, 0x0000000100000000)
  eden space 25600K, 31% used [0x00000000d5580000,0x00000000d5d41bd8,0x00000000d6e80000)
  from space 4096K, 99% used [0x00000000d6e80000,0x00000000d727f0a8,0x00000000d7280000)
  to   space 4096K, 0% used [0x00000000d7280000,0x00000000d7280000,0x00000000d7680000)
 ParOldGen       total 68608K, used 2921K [0x0000000080000000, 0x0000000084300000, 0x00000000d5580000)
  object space 68608K, 4% used [0x0000000080000000,0x00000000802da6e8,0x0000000084300000)
 Metaspace       used 14169K, committed 14656K, reserved 1114112K
  class space    used 1498K, committed 1728K, reserved 1048576K

Card table byte_map: [0x0000027f38160000,0x0000027f38570000] _byte_map_base: 0x0000027f37d60000

Marking Bits: (ParMarkBitMap*) 0x00007ffdc45e3450
 Begin Bits: [0x0000027f4aab0000, 0x0000027f4cab0000)
 End Bits:   [0x0000027f4cab0000, 0x0000027f4eab0000)

Polling page: 0x0000027f36630000

Metaspace:

Usage:
  Non-class:     12.37 MB used.
      Class:      1.46 MB used.
       Both:     13.84 MB used.

Virtual space:
  Non-class space:       64.00 MB reserved,      12.62 MB ( 20%) committed,  1 nodes.
      Class space:        1.00 GB reserved,       1.69 MB ( <1%) committed,  1 nodes.
             Both:        1.06 GB reserved,      14.31 MB (  1%) committed. 

Chunk freelists:
   Non-Class:  2.50 MB
       Class:  14.36 MB
        Both:  16.86 MB

MaxMetaspaceSize: unlimited
CompressedClassSpaceSize: 1.00 GB
Initial GC threshold: 21.00 MB
Current GC threshold: 21.00 MB
CDS: on
 - commit_granule_bytes: 65536.
 - commit_granule_words: 8192.
 - virtual_space_node_default_size: 8388608.
 - enlarge_chunks_in_place: 1.
 - use_allocation_guard: 0.


Internal statistics:

num_allocs_failed_limit: 0.
num_arena_births: 390.
num_arena_deaths: 0.
num_vsnodes_births: 2.
num_vsnodes_deaths: 0.
num_space_committed: 229.
num_space_uncommitted: 0.
num_chunks_returned_to_freelist: 0.
num_chunks_taken_from_freelist: 868.
num_chunk_merges: 0.
num_chunk_splits: 557.
num_chunks_enlarged: 352.
num_inconsistent_stats: 0.

CodeHeap 'non-profiled nmethods': size=120000Kb used=989Kb max_used=989Kb free=119011Kb
 bounds [0x0000027f43580000, 0x0000027f437f0000, 0x0000027f4aab0000]
CodeHeap 'profiled nmethods': size=120000Kb used=4570Kb max_used=4570Kb free=115429Kb
 bounds [0x0000027f3bab0000, 0x0000027f3bf30000, 0x0000027f42fe0000]
CodeHeap 'non-nmethods': size=5760Kb used=1258Kb max_used=1273Kb free=4501Kb
 bounds [0x0000027f42fe0000, 0x0000027f43250000, 0x0000027f43580000]
CodeCache: size=245760Kb, used=6817Kb, max_used=6832Kb, free=238941Kb
 total_blobs=2935, nmethods=2405, adapters=436, full_count=0
Compilation: enabled, stopped_count=0, restarted_count=0

Compilation events (20 events):
Event: 2.819 Thread 0x0000027f91574180 2372       3       java.util.ImmutableCollections$SetN::<init> (90 bytes)
Event: 2.820 Thread 0x0000027f91574180 nmethod 2372 0x0000027f3bf0f790 code [0x0000027f3bf0fa40, 0x0000027f3bf106d8]
Event: 2.822 Thread 0x0000027f91574180 2373       3       jdk.internal.misc.Unsafe::storeFence (5 bytes)
Event: 2.823 Thread 0x0000027f91574180 nmethod 2373 0x0000027f3bf10b90 code [0x0000027f3bf10d20, 0x0000027f3bf10e40]
Event: 2.825 Thread 0x0000027f91574180 2374       3       jdk.internal.misc.VM::isJavaLangInvokeInited (4 bytes)
Event: 2.825 Thread 0x0000027f91574180 nmethod 2374 0x0000027f3bf10f10 code [0x0000027f3bf110a0, 0x0000027f3bf11190]
Event: 2.825 Thread 0x0000027f91574180 2375       3       jdk.internal.reflect.ReflectionFactory::config (28 bytes)
Event: 2.825 Thread 0x0000027f91574180 nmethod 2375 0x0000027f3bf11210 code [0x0000027f3bf113a0, 0x0000027f3bf114a8]
Event: 2.830 Thread 0x0000027f91574180 2376       3       java.lang.StringUTF16::getChar (60 bytes)
Event: 2.830 Thread 0x0000027f91574180 nmethod 2376 0x0000027f3bf11510 code [0x0000027f3bf116c0, 0x0000027f3bf11830]
Event: 2.838 Thread 0x0000027f91574180 2378       3       java.util.ArrayDeque::addFirst (51 bytes)
Event: 2.839 Thread 0x0000027f91574180 nmethod 2378 0x0000027f3bf11910 code [0x0000027f3bf11b00, 0x0000027f3bf11f70]
Event: 2.839 Thread 0x0000027f91574180 2379       3       java.util.ArrayDeque::dec (13 bytes)
Event: 2.839 Thread 0x0000027f91574180 nmethod 2379 0x0000027f3bf12110 code [0x0000027f3bf122a0, 0x0000027f3bf123c8]
Event: 2.839 Thread 0x0000027f91574180 2380       3       org.eclipse.osgi.internal.hooks.EclipseLazyStarter::shouldActivateFor (123 bytes)
Event: 2.839 Thread 0x0000027f973a6b20 2371       4       java.util.regex.Pattern$BmpCharPropertyGreedy::match (89 bytes)
Event: 2.840 Thread 0x0000027f91574180 nmethod 2380 0x0000027f3bf12490 code [0x0000027f3bf12720, 0x0000027f3bf13238]
Event: 2.841 Thread 0x0000027f91574180 2383       3       org.eclipse.core.internal.registry.TableReader::readStringOrNull (18 bytes)
Event: 2.841 Thread 0x0000027f91574180 nmethod 2383 0x0000027f3bf13690 code [0x0000027f3bf13880, 0x0000027f3bf13cc8]
Event: 2.841 Thread 0x0000027f91574180 2384       3       org.eclipse.core.internal.registry.TableReader::readUTF (126 bytes)

GC Heap History (6 events):
Event: 1.027 GC heap before
{Heap before GC invocations=1 (full 0):
 PSYoungGen      total 29696K, used 25600K [0x00000000d5580000, 0x00000000d7680000, 0x0000000100000000)
  eden space 25600K, 100% used [0x00000000d5580000,0x00000000d6e80000,0x00000000d6e80000)
  from space 4096K, 0% used [0x00000000d7280000,0x00000000d7280000,0x00000000d7680000)
  to   space 4096K, 0% used [0x00000000d6e80000,0x00000000d6e80000,0x00000000d7280000)
 ParOldGen       total 68608K, used 0K [0x0000000080000000, 0x0000000084300000, 0x00000000d5580000)
  object space 68608K, 0% used [0x0000000080000000,0x0000000080000000,0x0000000084300000)
 Metaspace       used 4361K, committed 4608K, reserved 1114112K
  class space    used 474K, committed 576K, reserved 1048576K
}
Event: 1.034 GC heap after
{Heap after GC invocations=1 (full 0):
 PSYoungGen      total 29696K, used 3287K [0x00000000d5580000, 0x00000000d7680000, 0x0000000100000000)
  eden space 25600K, 0% used [0x00000000d5580000,0x00000000d5580000,0x00000000d6e80000)
  from space 4096K, 80% used [0x00000000d6e80000,0x00000000d71b5ea8,0x00000000d7280000)
  to   space 4096K, 0% used [0x00000000d7280000,0x00000000d7280000,0x00000000d7680000)
 ParOldGen       total 68608K, used 16K [0x0000000080000000, 0x0000000084300000, 0x00000000d5580000)
  object space 68608K, 0% used [0x0000000080000000,0x0000000080004000,0x0000000084300000)
 Metaspace       used 4361K, committed 4608K, reserved 1114112K
  class space    used 474K, committed 576K, reserved 1048576K
}
Event: 2.002 GC heap before
{Heap before GC invocations=2 (full 0):
 PSYoungGen      total 29696K, used 28887K [0x00000000d5580000, 0x00000000d7680000, 0x0000000100000000)
  eden space 25600K, 100% used [0x00000000d5580000,0x00000000d6e80000,0x00000000d6e80000)
  from space 4096K, 80% used [0x00000000d6e80000,0x00000000d71b5ea8,0x00000000d7280000)
  to   space 4096K, 0% used [0x00000000d7280000,0x00000000d7280000,0x00000000d7680000)
 ParOldGen       total 68608K, used 16K [0x0000000080000000, 0x0000000084300000, 0x00000000d5580000)
  object space 68608K, 0% used [0x0000000080000000,0x0000000080004000,0x0000000084300000)
 Metaspace       used 8180K, committed 8512K, reserved 1114112K
  class space    used 869K, committed 1024K, reserved 1048576K
}
Event: 2.008 GC heap after
{Heap after GC invocations=2 (full 0):
 PSYoungGen      total 29696K, used 4086K [0x00000000d5580000, 0x00000000d7680000, 0x0000000100000000)
  eden space 25600K, 0% used [0x00000000d5580000,0x00000000d5580000,0x00000000d6e80000)
  from space 4096K, 99% used [0x00000000d7280000,0x00000000d767d810,0x00000000d7680000)
  to   space 4096K, 0% used [0x00000000d6e80000,0x00000000d6e80000,0x00000000d7280000)
 ParOldGen       total 68608K, used 1142K [0x0000000080000000, 0x0000000084300000, 0x00000000d5580000)
  object space 68608K, 1% used [0x0000000080000000,0x000000008011d968,0x0000000084300000)
 Metaspace       used 8180K, committed 8512K, reserved 1114112K
  class space    used 869K, committed 1024K, reserved 1048576K
}
Event: 2.668 GC heap before
{Heap before GC invocations=3 (full 0):
 PSYoungGen      total 29696K, used 29668K [0x00000000d5580000, 0x00000000d7680000, 0x0000000100000000)
  eden space 25600K, 99% used [0x00000000d5580000,0x00000000d6e7b838,0x00000000d6e80000)
  from space 4096K, 99% used [0x00000000d7280000,0x00000000d767d810,0x00000000d7680000)
  to   space 4096K, 0% used [0x00000000d6e80000,0x00000000d6e80000,0x00000000d7280000)
 ParOldGen       total 68608K, used 1142K [0x0000000080000000, 0x0000000084300000, 0x00000000d5580000)
  object space 68608K, 1% used [0x0000000080000000,0x000000008011d968,0x0000000084300000)
 Metaspace       used 13017K, committed 13504K, reserved 1114112K
  class space    used 1380K, committed 1600K, reserved 1048576K
}
Event: 2.673 GC heap after
{Heap after GC invocations=3 (full 0):
 PSYoungGen      total 29696K, used 4092K [0x00000000d5580000, 0x00000000d7680000, 0x0000000100000000)
  eden space 25600K, 0% used [0x00000000d5580000,0x00000000d5580000,0x00000000d6e80000)
  from space 4096K, 99% used [0x00000000d6e80000,0x00000000d727f0a8,0x00000000d7280000)
  to   space 4096K, 0% used [0x00000000d7280000,0x00000000d7280000,0x00000000d7680000)
 ParOldGen       total 68608K, used 2921K [0x0000000080000000, 0x0000000084300000, 0x00000000d5580000)
  object space 68608K, 4% used [0x0000000080000000,0x00000000802da6e8,0x0000000084300000)
 Metaspace       used 13017K, committed 13504K, reserved 1114112K
  class space    used 1380K, committed 1600K, reserved 1048576K
}

Dll operation events (11 events):
Event: 0.040 Loaded shared library c:\Users\bac\.antigravity\extensions\redhat.java-1.54.0-win32-x64\jre\21.0.10-win32-x86_64\bin\java.dll
Event: 0.140 Loaded shared library c:\Users\bac\.antigravity\extensions\redhat.java-1.54.0-win32-x64\jre\21.0.10-win32-x86_64\bin\zip.dll
Event: 0.176 Loaded shared library C:\Users\bac\.antigravity\extensions\redhat.java-1.54.0-win32-x64\jre\21.0.10-win32-x86_64\bin\instrument.dll
Event: 0.183 Loaded shared library C:\Users\bac\.antigravity\extensions\redhat.java-1.54.0-win32-x64\jre\21.0.10-win32-x86_64\bin\net.dll
Event: 0.187 Loaded shared library C:\Users\bac\.antigravity\extensions\redhat.java-1.54.0-win32-x64\jre\21.0.10-win32-x86_64\bin\nio.dll
Event: 0.193 Loaded shared library C:\Users\bac\.antigravity\extensions\redhat.java-1.54.0-win32-x64\jre\21.0.10-win32-x86_64\bin\zip.dll
Event: 0.235 Loaded shared library C:\Users\bac\.antigravity\extensions\redhat.java-1.54.0-win32-x64\jre\21.0.10-win32-x86_64\bin\jimage.dll
Event: 0.346 Loaded shared library c:\Users\bac\.antigravity\extensions\redhat.java-1.54.0-win32-x64\jre\21.0.10-win32-x86_64\bin\verify.dll
Event: 1.956 Loaded shared library C:\Users\bac\AppData\Roaming\Antigravity\User\globalStorage\redhat.java\1.54.0\config_ss_win\org.eclipse.equinox.launcher\org.eclipse.equinox.launcher.win32.win32.x86_64_1.3.0.v20260203-2149\eclipse_11919.dll
Event: 2.749 Loaded shared library C:\Users\bac\.antigravity\extensions\redhat.java-1.54.0-win32-x64\jre\21.0.10-win32-x86_64\bin\management.dll
Event: 2.757 Loaded shared library C:\Users\bac\.antigravity\extensions\redhat.java-1.54.0-win32-x64\jre\21.0.10-win32-x86_64\bin\management_ext.dll

Deoptimization events (20 events):
Event: 2.466 Thread 0x0000027f92a74430 Uncommon trap: trap_request=0xffffffc6 fr.pc=0x0000027f4365be90 relative=0x00000000000004d0
Event: 2.466 Thread 0x0000027f92a74430 Uncommon trap: reason=bimorphic_or_optimized_type_check action=maybe_recompile pc=0x0000027f4365be90 method=java.io.DataInputStream.readUnsignedByte()I @ 4 c2
Event: 2.466 Thread 0x0000027f92a74430 DEOPT PACKING pc=0x0000027f4365be90 sp=0x000000f4595f8520
Event: 2.466 Thread 0x0000027f92a74430 DEOPT UNPACKING pc=0x0000027f43033aa2 sp=0x000000f4595f8468 mode 2
Event: 2.466 Thread 0x0000027f92a74430 Uncommon trap: trap_request=0xffffffc6 fr.pc=0x0000027f4365be90 relative=0x00000000000004d0
Event: 2.466 Thread 0x0000027f92a74430 Uncommon trap: reason=bimorphic_or_optimized_type_check action=maybe_recompile pc=0x0000027f4365be90 method=java.io.DataInputStream.readUnsignedByte()I @ 4 c2
Event: 2.466 Thread 0x0000027f92a74430 DEOPT PACKING pc=0x0000027f4365be90 sp=0x000000f4595f8520
Event: 2.466 Thread 0x0000027f92a74430 DEOPT UNPACKING pc=0x0000027f43033aa2 sp=0x000000f4595f8468 mode 2
Event: 2.627 Thread 0x0000027f92a74430 Uncommon trap: trap_request=0xffffff45 fr.pc=0x0000027f435d60dc relative=0x0000000000000f1c
Event: 2.627 Thread 0x0000027f92a74430 Uncommon trap: reason=unstable_if action=reinterpret pc=0x0000027f435d60dc method=lombok.patcher.PatchScript.classMatches(Ljava/lang/String;Ljava/util/Collection;)Z @ 25 c2
Event: 2.627 Thread 0x0000027f92a74430 DEOPT PACKING pc=0x0000027f435d60dc sp=0x000000f4595f6a40
Event: 2.627 Thread 0x0000027f92a74430 DEOPT UNPACKING pc=0x0000027f43033aa2 sp=0x000000f4595f6a00 mode 2
Event: 2.792 Thread 0x0000027f92a74430 Uncommon trap: trap_request=0xffffff45 fr.pc=0x0000027f4366e6fc relative=0x000000000000125c
Event: 2.792 Thread 0x0000027f92a74430 Uncommon trap: reason=unstable_if action=reinterpret pc=0x0000027f4366e6fc method=java.util.Properties.loadConvert([CIILjava/lang/StringBuilder;)Ljava/lang/String; @ 491 c2
Event: 2.792 Thread 0x0000027f92a74430 DEOPT PACKING pc=0x0000027f4366e6fc sp=0x000000f4595f77d0
Event: 2.792 Thread 0x0000027f92a74430 DEOPT UNPACKING pc=0x0000027f43033aa2 sp=0x000000f4595f77c0 mode 2
Event: 2.829 Thread 0x0000027f92a74430 Uncommon trap: trap_request=0xffffff45 fr.pc=0x0000027f435bca74 relative=0x0000000000000054
Event: 2.829 Thread 0x0000027f92a74430 Uncommon trap: reason=unstable_if action=reinterpret pc=0x0000027f435bca74 method=java.lang.CharacterData.of(I)Ljava/lang/CharacterData; @ 4 c2
Event: 2.829 Thread 0x0000027f92a74430 DEOPT PACKING pc=0x0000027f435bca74 sp=0x000000f4595f8b40
Event: 2.829 Thread 0x0000027f92a74430 DEOPT UNPACKING pc=0x0000027f43033aa2 sp=0x000000f4595f8ad8 mode 2

Classes loaded (20 events):
Event: 2.783 Loading class sun/management/Util
Event: 2.783 Loading class sun/management/Util done
Event: 2.783 Loading class java/lang/management/ManagementPermission
Event: 2.783 Loading class java/lang/management/ManagementPermission done
Event: 2.790 Loading class java/lang/IllegalCallerException
Event: 2.790 Loading class java/lang/IllegalCallerException done
Event: 2.794 Loading class java/lang/invoke/DirectMethodHandle$1
Event: 2.794 Loading class java/lang/invoke/DirectMethodHandle$1 done
Event: 2.801 Loading class java/text/MessageFormat
Event: 2.802 Loading class java/text/MessageFormat done
Event: 2.807 Loading class jdk/internal/module/ModulePatcher$PatchedModuleReader
Event: 2.808 Loading class jdk/internal/module/ModulePatcher$PatchedModuleReader done
Event: 2.824 Loading class sun/text/resources/cldr/FormatData_en
Event: 2.825 Loading class sun/text/resources/cldr/FormatData_en done
Event: 2.825 Loading class sun/text/resources/cldr/FormatData_en_US
Event: 2.825 Loading class sun/text/resources/cldr/FormatData_en_US done
Event: 2.832 Loading class java/text/FieldPosition$Delegate
Event: 2.833 Loading class java/text/FieldPosition$Delegate done
Event: 2.833 Loading class java/text/MessageFormat$Field
Event: 2.833 Loading class java/text/MessageFormat$Field done

Classes unloaded (0 events):
No events

Classes redefined (0 events):
No events

Internal exceptions (20 events):
Event: 1.636 Thread 0x0000027f388ad900 Exception <a 'java/lang/NoSuchMethodError'{0x00000000d644e548}: 'void java.lang.invoke.DirectMethodHandle$Holder.invokeStaticInit(java.lang.Object, java.lang.Object)'> (0x00000000d644e548) 
thrown [s\src\hotspot\share\interpreter\linkResolver.cpp, line 773]
Event: 1.637 Thread 0x0000027f388ad900 Exception <a 'java/lang/NoSuchMethodError'{0x00000000d6457670}: 'int java.lang.invoke.DirectMethodHandle$Holder.invokeStaticInit(java.lang.Object, java.lang.Object)'> (0x00000000d6457670) 
thrown [s\src\hotspot\share\interpreter\linkResolver.cpp, line 773]
Event: 1.692 Thread 0x0000027f388ad900 Exception <a 'java/lang/NoSuchMethodError'{0x00000000d669e4d8}: 'java.lang.Object java.lang.invoke.DirectMethodHandle$Holder.newInvokeSpecial(java.lang.Object, int, java.lang.Object)'> (0x00000000d669e4d8) 
thrown [s\src\hotspot\share\interpreter\linkResolver.cpp, line 773]
Event: 1.754 Thread 0x0000027f388ad900 Exception <a 'java/lang/ClassNotFoundException'{0x00000000d68b58c0}: sun/net/www/protocol/plurl/Handler> (0x00000000d68b58c0) 
thrown [s\src\hotspot\share\classfile\systemDictionary.cpp, line 312]
Event: 1.754 Thread 0x0000027f388ad900 Exception <a 'java/lang/ClassNotFoundException'{0x00000000d68b6740}: sun/net/www/protocol/plurl/Handler> (0x00000000d68b6740) 
thrown [s\src\hotspot\share\classfile\systemDictionary.cpp, line 312]
Event: 1.953 Thread 0x0000027f388ad900 Exception <a 'java/lang/UnsatisfiedLinkError'{0x00000000d6d0cde0}: 'void org.eclipse.equinox.launcher.JNIBridge._update_splash()'> (0x00000000d6d0cde0) 
thrown [s\src\hotspot\share\prims\nativeLookup.cpp, line 415]
Event: 2.062 Thread 0x0000027f92a74430 Exception <a 'java/lang/NullPointerException'{0x00000000d58039f0}> (0x00000000d58039f0) 
thrown [s\src\hotspot\share\interpreter\linkResolver.cpp, line 1372]
Event: 2.062 Thread 0x0000027f92a74430 Exception <a 'java/lang/NullPointerException'{0x00000000d5803cd0}> (0x00000000d5803cd0) 
thrown [s\src\hotspot\share\interpreter\linkResolver.cpp, line 1372]
Event: 2.244 Thread 0x0000027f92a74430 Exception <a 'java/lang/NoSuchMethodError'{0x00000000d60fbf78}: 'long java.lang.invoke.DirectMethodHandle$Holder.invokeSpecial(java.lang.Object, java.lang.Object)'> (0x00000000d60fbf78) 
thrown [s\src\hotspot\share\interpreter\linkResolver.cpp, line 773]
Event: 2.301 Thread 0x0000027f92a74430 Exception <a 'java/io/FileNotFoundException'{0x00000000d62e9b78}> (0x00000000d62e9b78) 
thrown [s\src\hotspot\share\prims\jni.cpp, line 520]
Event: 2.407 Thread 0x0000027f92a74430 Exception <a 'java/lang/NoSuchMethodError'{0x00000000d65e3988}: 'java.lang.Object java.lang.invoke.Invokers$Holder.linkToTargetMethod(java.lang.Object, long, java.lang.Object)'> (0x00000000d65e3988) 
thrown [s\src\hotspot\share\interpreter\linkResolver.cpp, line 773]
Event: 2.521 Thread 0x0000027f92a74430 Exception <a 'java/lang/NoSuchMethodError'{0x00000000d696af20}: 'void java.lang.invoke.DirectMethodHandle$Holder.invokeInterface(java.lang.Object, java.lang.Object, java.lang.Object)'> (0x00000000d696af20) 
thrown [s\src\hotspot\share\interpreter\linkResolver.cpp, line 773]
Event: 2.564 Thread 0x0000027f92a74430 Exception <a 'java/lang/NoSuchMethodError'{0x00000000d6b7e658}: 'void java.lang.invoke.Invokers$Holder.invokeExact_MT(java.lang.Object, java.lang.Object, java.lang.Object)'> (0x00000000d6b7e658) 
thrown [s\src\hotspot\share\interpreter\linkResolver.cpp, line 773]
Event: 2.663 Thread 0x0000027f92a74430 Exception <a 'java/lang/NoSuchMethodError'{0x00000000d6e4d2c8}: 'java.lang.Object java.lang.invoke.DirectMethodHandle$Holder.invokeVirtual(java.lang.Object, java.lang.Object, java.lang.Object)'> (0x00000000d6e4d2c8) 
thrown [s\src\hotspot\share\interpreter\linkResolver.cpp, line 773]
Event: 2.666 Thread 0x0000027f92a74430 Exception <a 'java/lang/NoSuchMethodError'{0x00000000d6e658b0}: 'java.lang.Object java.lang.invoke.DelegatingMethodHandle$Holder.reinvoke_L(java.lang.Object, java.lang.Object, java.lang.Object, java.lang.Object, int, int)'> (0x00000000d6e658b0) 
thrown [s\src\hotspot\share\interpreter\linkResolver.cpp, line 773]
Event: 2.677 Thread 0x0000027f92a74430 Exception <a 'java/lang/NoSuchMethodError'{0x00000000d558a080}: 'java.lang.Object java.lang.invoke.DirectMethodHandle$Holder.newInvokeSpecial(java.lang.Object, java.lang.Object, java.lang.Object, java.lang.Object, java.lang.Object, java.lang.Object)'> (0x00000000d558a080) 
thrown [s\src\hotspot\share\interpreter\linkResolver.cpp, line 773]
Event: 2.680 Thread 0x0000027f92a74430 Exception <a 'java/lang/NoSuchMethodError'{0x00000000d55b6528}: 'void java.lang.invoke.Invokers$Holder.invokeExact_MT(java.lang.Object, java.lang.Object, java.lang.Object, java.lang.Object)'> (0x00000000d55b6528) 
thrown [s\src\hotspot\share\interpreter\linkResolver.cpp, line 773]
Event: 2.727 Thread 0x0000027f92a74430 Exception <a 'java/io/FileNotFoundException'{0x00000000d574fac8}> (0x00000000d574fac8) 
thrown [s\src\hotspot\share\prims\jni.cpp, line 520]
Event: 2.742 Thread 0x0000027f92a74430 Exception <a 'java/io/FileNotFoundException'{0x00000000d576c6a8}> (0x00000000d576c6a8) 
thrown [s\src\hotspot\share\prims\jni.cpp, line 520]
Event: 2.743 Thread 0x0000027f92a74430 Exception <a 'java/io/FileNotFoundException'{0x00000000d5773c10}> (0x00000000d5773c10) 
thrown [s\src\hotspot\share\prims\jni.cpp, line 520]

ZGC Phase Switch (0 events):
No events

VM Operations (20 events):
Event: 1.730 Executing non-safepoint VM operation: HandshakeAllThreads (Deoptimize)
Event: 1.730 Executing non-safepoint VM operation: HandshakeAllThreads (Deoptimize) done
Event: 1.748 Executing non-safepoint VM operation: HandshakeAllThreads (Deoptimize)
Event: 1.748 Executing non-safepoint VM operation: HandshakeAllThreads (Deoptimize) done
Event: 1.840 Executing safepoint VM operation: ICBufferFull
Event: 1.841 Executing safepoint VM operation: ICBufferFull done
Event: 2.002 Executing safepoint VM operation: ParallelGCFailedAllocation (Allocation Failure)
Event: 2.008 Executing safepoint VM operation: ParallelGCFailedAllocation (Allocation Failure) done
Event: 2.161 Executing non-safepoint VM operation: HandshakeAllThreads (Deoptimize)
Event: 2.161 Executing non-safepoint VM operation: HandshakeAllThreads (Deoptimize) done
Event: 2.469 Executing non-safepoint VM operation: HandshakeAllThreads (Deoptimize)
Event: 2.469 Executing non-safepoint VM operation: HandshakeAllThreads (Deoptimize) done
Event: 2.667 Executing safepoint VM operation: ParallelGCFailedAllocation (Allocation Failure)
Event: 2.673 Executing safepoint VM operation: ParallelGCFailedAllocation (Allocation Failure) done
Event: 2.803 Executing non-safepoint VM operation: HandshakeAllThreads (Deoptimize)
Event: 2.803 Executing non-safepoint VM operation: HandshakeAllThreads (Deoptimize) done
Event: 2.814 Executing non-safepoint VM operation: HandshakeAllThreads (Deoptimize)
Event: 2.814 Executing non-safepoint VM operation: HandshakeAllThreads (Deoptimize) done
Event: 2.830 Executing non-safepoint VM operation: HandshakeAllThreads (Deoptimize)
Event: 2.830 Executing non-safepoint VM operation: HandshakeAllThreads (Deoptimize) done

Memory protections (0 events):
No events

Nmethod flushes (0 events):
No events

Events (20 events):
Event: 0.089 Thread 0x0000027f388ad900 Thread added: 0x0000027f38959820
Event: 0.089 Thread 0x0000027f388ad900 Thread added: 0x0000027f3895b910
Event: 0.089 Thread 0x0000027f388ad900 Thread added: 0x0000027f3895fcc0
Event: 0.090 Thread 0x0000027f388ad900 Thread added: 0x0000027f91574180
Event: 0.152 Thread 0x0000027f91574180 Thread added: 0x0000027f91715f30
Event: 0.179 Thread 0x0000027f388ad900 Thread added: 0x0000027f9174c5a0
Event: 0.509 Thread 0x0000027f388ad900 Thread added: 0x0000027f924f3d10
Event: 0.683 Thread 0x0000027f91574180 Thread added: 0x0000027f925aa610
Event: 1.605 Thread 0x0000027f925aa610 Thread exited: 0x0000027f925aa610
Event: 1.655 Thread 0x0000027f388ad900 Thread added: 0x0000027f929ec5a0
Event: 1.947 Thread 0x0000027f388ad900 Thread added: 0x0000027f92c6bda0
Event: 1.952 Thread 0x0000027f388ad900 Thread added: 0x0000027f92a74430
Event: 2.053 Thread 0x0000027f91715f30 Thread exited: 0x0000027f91715f30
Event: 2.148 Thread 0x0000027f92a74430 Thread added: 0x0000027f9171a580
Event: 2.255 Thread 0x0000027f91574180 Thread added: 0x0000027f97267a20
Event: 2.255 Thread 0x0000027f91574180 Thread added: 0x0000027f97162810
Event: 2.447 Thread 0x0000027f97267a20 Thread exited: 0x0000027f97267a20
Event: 2.447 Thread 0x0000027f97162810 Thread exited: 0x0000027f97162810
Event: 2.538 Thread 0x0000027f92a74430 Thread added: 0x0000027f9738aa00
Event: 2.839 Thread 0x0000027f91574180 Thread added: 0x0000027f973a6b20


Dynamic libraries:
0x00007ff7c9b50000 - 0x00007ff7c9b5e000 	c:\Users\bac\.antigravity\extensions\redhat.java-1.54.0-win32-x64\jre\21.0.10-win32-x86_64\bin\java.exe
0x00007ffeca6c0000 - 0x00007ffeca927000 	C:\WINDOWS\SYSTEM32\ntdll.dll
0x00007ffec9870000 - 0x00007ffec9939000 	C:\WINDOWS\System32\KERNEL32.DLL
0x00007ffec7cb0000 - 0x00007ffec80a4000 	C:\WINDOWS\System32\KERNELBASE.dll
0x00007ffec7110000 - 0x00007ffec725b000 	C:\WINDOWS\System32\ucrtbase.dll
0x00007ffe80850000 - 0x00007ffe80868000 	c:\Users\bac\.antigravity\extensions\redhat.java-1.54.0-win32-x64\jre\21.0.10-win32-x86_64\bin\jli.dll
0x00007ffeca180000 - 0x00007ffeca345000 	C:\WINDOWS\System32\USER32.dll
0x00007ffec8360000 - 0x00007ffec8387000 	C:\WINDOWS\System32\win32u.dll
0x00007ffec8da0000 - 0x00007ffec8dcb000 	C:\WINDOWS\System32\GDI32.dll
0x00007ffec7310000 - 0x00007ffec743b000 	C:\WINDOWS\System32\gdi32full.dll
0x00007ffec7260000 - 0x00007ffec7303000 	C:\WINDOWS\System32\msvcp_win.dll
0x00007ffe80830000 - 0x00007ffe8084e000 	c:\Users\bac\.antigravity\extensions\redhat.java-1.54.0-win32-x64\jre\21.0.10-win32-x86_64\bin\VCRUNTIME140.dll
0x00007ffeb8980000 - 0x00007ffeb8c13000 	C:\WINDOWS\WinSxS\amd64_microsoft.windows.common-controls_6595b64144ccf1df_6.0.26100.8115_none_3e075c82e3354f9c\COMCTL32.dll
0x00007ffec94b0000 - 0x00007ffec9559000 	C:\WINDOWS\System32\msvcrt.dll
0x00007ffec93d0000 - 0x00007ffec9402000 	C:\WINDOWS\System32\IMM32.DLL
0x00007ffea18d0000 - 0x00007ffea18dc000 	c:\Users\bac\.antigravity\extensions\redhat.java-1.54.0-win32-x64\jre\21.0.10-win32-x86_64\bin\vcruntime140_1.dll
0x00007ffe5c2e0000 - 0x00007ffe5c36d000 	c:\Users\bac\.antigravity\extensions\redhat.java-1.54.0-win32-x64\jre\21.0.10-win32-x86_64\bin\msvcp140.dll
0x00007ffdc3920000 - 0x00007ffdc46c1000 	c:\Users\bac\.antigravity\extensions\redhat.java-1.54.0-win32-x64\jre\21.0.10-win32-x86_64\bin\server\jvm.dll
0x00007ffeca450000 - 0x00007ffeca506000 	C:\WINDOWS\System32\ADVAPI32.dll
0x00007ffec9bf0000 - 0x00007ffec9c97000 	C:\WINDOWS\System32\sechost.dll
0x00007ffeca530000 - 0x00007ffeca648000 	C:\WINDOWS\System32\RPCRT4.dll
0x00007ffec9410000 - 0x00007ffec9490000 	C:\WINDOWS\System32\WS2_32.dll
0x00007ffec6e10000 - 0x00007ffec6e6e000 	C:\WINDOWS\SYSTEM32\POWRPROF.dll
0x00007ffec0200000 - 0x00007ffec0236000 	C:\WINDOWS\SYSTEM32\WINMM.dll
0x00007ffec0240000 - 0x00007ffec024b000 	C:\WINDOWS\SYSTEM32\VERSION.dll
0x00007ffec6df0000 - 0x00007ffec6e04000 	C:\WINDOWS\SYSTEM32\UMPDC.dll
0x00007ffec5d20000 - 0x00007ffec5d3b000 	C:\WINDOWS\SYSTEM32\kernel.appcore.dll
0x00007ffea1890000 - 0x00007ffea189a000 	c:\Users\bac\.antigravity\extensions\redhat.java-1.54.0-win32-x64\jre\21.0.10-win32-x86_64\bin\jimage.dll
0x00007ffebc190000 - 0x00007ffebc3d2000 	C:\WINDOWS\SYSTEM32\DBGHELP.DLL
0x00007ffec9040000 - 0x00007ffec93c2000 	C:\WINDOWS\System32\combase.dll
0x00007ffec9aa0000 - 0x00007ffec9b78000 	C:\WINDOWS\System32\OLEAUT32.dll
0x00007ffeb9b30000 - 0x00007ffeb9b6b000 	C:\WINDOWS\SYSTEM32\dbgcore.DLL
0x00007ffec80b0000 - 0x00007ffec8155000 	C:\WINDOWS\System32\bcryptPrimitives.dll
0x00007ffea10f0000 - 0x00007ffea10ff000 	c:\Users\bac\.antigravity\extensions\redhat.java-1.54.0-win32-x64\jre\21.0.10-win32-x86_64\bin\instrument.dll
0x00007ffe7eec0000 - 0x00007ffe7eee0000 	c:\Users\bac\.antigravity\extensions\redhat.java-1.54.0-win32-x64\jre\21.0.10-win32-x86_64\bin\java.dll
0x00007ffec8630000 - 0x00007ffec8d97000 	C:\WINDOWS\System32\SHELL32.dll
0x00007ffec81f0000 - 0x00007ffec835a000 	C:\WINDOWS\System32\wintypes.dll
0x00007ffec7440000 - 0x00007ffec7ca8000 	C:\WINDOWS\System32\windows.storage.dll
0x00007ffeca350000 - 0x00007ffeca448000 	C:\WINDOWS\System32\SHCORE.dll
0x00007ffec9b80000 - 0x00007ffec9be6000 	C:\WINDOWS\System32\shlwapi.dll
0x00007ffec6eb0000 - 0x00007ffec6ed9000 	C:\WINDOWS\SYSTEM32\profapi.dll
0x00007ffe7d830000 - 0x00007ffe7d848000 	c:\Users\bac\.antigravity\extensions\redhat.java-1.54.0-win32-x64\jre\21.0.10-win32-x86_64\bin\zip.dll
0x00007ffe88310000 - 0x00007ffe88320000 	C:\Users\bac\.antigravity\extensions\redhat.java-1.54.0-win32-x64\jre\21.0.10-win32-x86_64\bin\net.dll
0x00007ffec06d0000 - 0x00007ffec07fd000 	C:\WINDOWS\SYSTEM32\WINHTTP.dll
0x00007ffec6290000 - 0x00007ffec62fc000 	C:\WINDOWS\system32\mswsock.dll
0x00007ffe7c780000 - 0x00007ffe7c796000 	C:\Users\bac\.antigravity\extensions\redhat.java-1.54.0-win32-x64\jre\21.0.10-win32-x86_64\bin\nio.dll
0x00007ffe87f10000 - 0x00007ffe87f20000 	c:\Users\bac\.antigravity\extensions\redhat.java-1.54.0-win32-x64\jre\21.0.10-win32-x86_64\bin\verify.dll
0x00007ffe7a200000 - 0x00007ffe7a245000 	C:\Users\bac\AppData\Roaming\Antigravity\User\globalStorage\redhat.java\1.54.0\config_ss_win\org.eclipse.equinox.launcher\org.eclipse.equinox.launcher.win32.win32.x86_64_1.3.0.v20260203-2149\eclipse_11919.dll
0x00007ffec8dd0000 - 0x00007ffec8f67000 	C:\WINDOWS\System32\ole32.dll
0x00007ffea87d0000 - 0x00007ffea87da000 	C:\Users\bac\.antigravity\extensions\redhat.java-1.54.0-win32-x64\jre\21.0.10-win32-x86_64\bin\management.dll
0x00007ffe90b70000 - 0x00007ffe90b7c000 	C:\Users\bac\.antigravity\extensions\redhat.java-1.54.0-win32-x64\jre\21.0.10-win32-x86_64\bin\management_ext.dll
0x00007ffec97d0000 - 0x00007ffec97d8000 	C:\WINDOWS\System32\PSAPI.DLL

JVMTI agents:
c:\Users\bac\.antigravity\extensions\redhat.java-1.54.0-win32-x64\lombok\lombok-1.18.39-4050.jar path:c:\Users\bac\.antigravity\extensions\redhat.java-1.54.0-win32-x64\jre\21.0.10-win32-x86_64\bin\instrument.dll, loaded, initialized, instrumentlib options:none

dbghelp: loaded successfully - version: 4.0.5 - missing functions: none
symbol engine: initialized successfully - sym options: 0x614 - pdb path: .;c:\Users\bac\.antigravity\extensions\redhat.java-1.54.0-win32-x64\jre\21.0.10-win32-x86_64\bin;C:\WINDOWS\SYSTEM32;C:\WINDOWS\WinSxS\amd64_microsoft.windows.common-controls_6595b64144ccf1df_6.0.26100.8115_none_3e075c82e3354f9c;c:\Users\bac\.antigravity\extensions\redhat.java-1.54.0-win32-x64\jre\21.0.10-win32-x86_64\bin\server;C:\Users\bac\AppData\Roaming\Antigravity\User\globalStorage\redhat.java\1.54.0\config_ss_win\org.eclipse.equinox.launcher\org.eclipse.equinox.launcher.win32.win32.x86_64_1.3.0.v20260203-2149

VM Arguments:
jvm_args: --add-modules=ALL-SYSTEM --add-opens=java.base/java.util=ALL-UNNAMED --add-opens=java.base/java.lang=ALL-UNNAMED --add-opens=java.base/sun.nio.fs=ALL-UNNAMED -Declipse.application=org.eclipse.jdt.ls.core.id1 -Dosgi.bundles.defaultStartLevel=4 -Declipse.product=org.eclipse.jdt.ls.core.product -Djava.import.generatesMetadataFilesAtProjectRoot=false -DDetectVMInstallationsJob.disabled=true -Dfile.encoding=utf8 -XX:+UseParallelGC -XX:GCTimeRatio=4 -XX:AdaptiveSizePolicyWeight=90 -Dsun.zip.disableMemoryMapping=true -Xmx2G -Xms100m -Xlog:disable -javaagent:c:\Users\bac\.antigravity\extensions\redhat.java-1.54.0-win32-x64\lombok\lombok-1.18.39-4050.jar 
java_command: c:\Users\bac\.antigravity\extensions\redhat.java-1.54.0-win32-x64\server\plugins\org.eclipse.equinox.launcher_1.7.100.v20251111-0406.jar -configuration c:\Users\bac\AppData\Roaming\Antigravity\User\globalStorage\redhat.java\1.54.0\config_ss_win -data c:\Users\bac\AppData\Roaming\Antigravity\User\workspaceStorage\e9a052db52acf9847947068fb13aab61\redhat.java\ss_ws --pipe=\\.\pipe\lsp-a5fb58a6b2f0212a024615b5df5d0719-sock
java_class_path (initial): c:\Users\bac\.antigravity\extensions\redhat.java-1.54.0-win32-x64\server\plugins\org.eclipse.equinox.launcher_1.7.100.v20251111-0406.jar
Launcher Type: SUN_STANDARD

[Global flags]
    uintx AdaptiveSizePolicyWeight                 = 90                                        {product} {command line}
     intx CICompilerCount                          = 4                                         {product} {ergonomic}
    uintx GCTimeRatio                              = 4                                         {product} {command line}
   size_t InitialHeapSize                          = 104857600                                 {product} {command line}
   size_t MaxHeapSize                              = 2147483648                                {product} {command line}
   size_t MaxNewSize                               = 715653120                                 {product} {ergonomic}
   size_t MinHeapDeltaBytes                        = 524288                                    {product} {ergonomic}
   size_t MinHeapSize                              = 104857600                                 {product} {command line}
   size_t NewSize                                  = 34603008                                  {product} {ergonomic}
    uintx NonNMethodCodeHeapSize                   = 5839372                                {pd product} {ergonomic}
    uintx NonProfiledCodeHeapSize                  = 122909434                              {pd product} {ergonomic}
   size_t OldSize                                  = 70254592                                  {product} {ergonomic}
    uintx ProfiledCodeHeapSize                     = 122909434                              {pd product} {ergonomic}
    uintx ReservedCodeCacheSize                    = 251658240                              {pd product} {ergonomic}
     bool SegmentedCodeCache                       = true                                      {product} {ergonomic}
   size_t SoftMaxHeapSize                          = 2147483648                             {manageable} {ergonomic}
     bool UseCompressedOops                        = true                           {product lp64_product} {ergonomic}
     bool UseLargePagesIndividualAllocation        = false                                  {pd product} {ergonomic}
     bool UseParallelGC                            = true                                      {product} {command line}

Logging:
Log output configuration:
 #0: stdout all=off uptime,level,tags foldmultilines=false
 #1: stderr all=off uptime,level,tags foldmultilines=false

Release file:
JAVA_VERSION="21.0.10" 
MODULES="java.base java.compiler java.datatransfer java.xml java.prefs java.desktop java.instrument java.logging java.management java.security.sasl java.naming java.rmi java.management.rmi java.net.http java.scripting java.security.jgss java.transaction.xa java.sql java.sql.rowset java.xml.crypto java.se java.smartcardio jdk.accessibility jdk.internal.jvmstat jdk.attach jdk.charsets jdk.internal.opt jdk.zipfs jdk.compiler jdk.crypto.ec jdk.crypto.cryptoki jdk.crypto.mscapi jdk.dynalink jdk.internal.ed jdk.editpad jdk.hotspot.agent jdk.httpserver jdk.internal.le jdk.internal.vm.ci jdk.internal.vm.compiler jdk.internal.vm.compiler.management jdk.jartool jdk.javadoc jdk.jcmd jdk.management jdk.management.agent jdk.jconsole jdk.jdeps jdk.jdwp.agent jdk.jdi jdk.jfr jdk.jshell jdk.jsobject jdk.jstatd jdk.localedata jdk.management.jfr jdk.naming.dns jdk.naming.rmi jdk.net jdk.nio.mapmode jdk.random jdk.sctp jdk.security.auth jdk.security.jgss jdk.unsupported jdk.unsupported.desktop jdk.xml.dom" 

Environment Variables:
JAVA_HOME=C:\Program Files\Java\jdk-25.0.2
PATH=C:\Program Files\Common Files\Oracle\Java\javapath;C:\ProgramData\Oracle\Java\javapath;C:\Program Files\Microsoft MPI\Bin\;C:\WINDOWS\system32;C:\WINDOWS;C:\WINDOWS\System32\Wbem;C:\WINDOWS\System32\WindowsPowerShell\v1.0\;C:\WINDOWS\System32\OpenSSH\;C:\Program Files (x86)\Microsoft SQL Server\160\Tools\Binn\;C:\Program Files\Microsoft SQL Server\160\Tools\Binn\;C:\Program Files\Microsoft SQL Server\Client SDK\ODBC\170\Tools\Binn\;C:\Program Files\Microsoft SQL Server\160\DTS\Binn\;C:\Program Files\dotnet\;C:\Program Files\Azure Data Studio\bin;C:\Program Files\Microsoft SQL Server\150\Tools\Binn\;C:\Program Files\apache-maven-3.9.13\bin;C:\Users\bac\AppData\Local\Programs\Python\Python313\;C:\Users\bac\AppData\Local\Programs\Python\Python313\Scripts;D:\Game\download\flutter\bin;C:\Program Files\Git\cmd;D:\;C:\ProgramData\chocolatey\bin;C:\Users\bac\AppData\Local\Pub\Cache\bin;C:\Users\bac\AppData\Local\Programs\Python\Python310\Scripts\;C:\Users\bac\AppData\Local\Programs\Python\Python310\;c:\Users\bac\AppData\Local\Programs\cursor\resources\app\codeBin;C:\Users\bac\AppData\Local\Programs\Python\Launcher\;C:\Users\bac\AppData\Local\Programs\Python\Python313\Scripts\;C:\Users\bac\AppData\Local\Programs\Python\Python313\;C:\Users\bac\AppData\Local\Microsoft\WindowsApps;C:\Users\bac\.dotnet\tools;C:\Users\bac\AppData\Local\Programs\Microsoft VS Code\bin;C:\Program Files\Azure Data Studio\bin;C:\Users\bac\AppData\Roaming\npm;D:\Documents\Antigravity\bin
USERNAME=bac
OS=Windows_NT
PROCESSOR_IDENTIFIER=AMD64 Family 25 Model 80 Stepping 0, AuthenticAMD
TMP=C:\Users\bac\AppData\Local\Temp
TEMP=C:\Users\bac\AppData\Local\Temp




Periodic native trim disabled

---------------  S Y S T E M  ---------------

OS:
 Windows 11 , 64 bit Build 26100 (10.0.26100.8246)
OS uptime: 3 days 1:45 hours

CPU: total 12 (initial active 12) (12 cores per cpu, 2 threads per core) family 25 model 80 stepping 0 microcode 0xa50000d, cx8, cmov, fxsr, ht, mmx, 3dnowpref, sse, sse2, sse3, ssse3, sse4a, sse4.1, sse4.2, popcnt, lzcnt, tsc, tscinvbit, avx, avx2, aes, erms, clmul, bmi1, bmi2, adx, sha, fma, vzeroupper, clflush, clflushopt, rdtscp, rdpid, fsrm, f16c, pku, cet_ss
Processor Information for the first 12 processors :
  Max Mhz: 3301, Current Mhz: 3301, Mhz Limit: 3301

Memory: 4k page, system-wide physical 14188M (1359M free)
TotalPageFile size 30903M (AvailPageFile size 10M)
current process WorkingSet (physical memory assigned to process): 115M, peak: 115M
current process commit charge ("private bytes"): 260M, peak: 260M

vm_info: OpenJDK 64-Bit Server VM (21.0.10+7-LTS) for windows-amd64 JRE (21.0.10+7-LTS), built on 2026-01-20T00:00:00Z by "admin" with MS VC++ 17.12 (VS2022)

END.
