#
# There is insufficient memory for the Java Runtime Environment to continue.
# Native memory allocation (malloc) failed to allocate 1341208 bytes. Error detail: Chunk::new
# Possible reasons:
#   The system is out of physical RAM or swap space
#   This process is running with CompressedOops enabled, and the Java Heap may be blocking the growth of the native heap
# Possible solutions:
#   Reduce memory load on the system
#   Increase physical memory or swap space
#   Check if swap backing store is full
#   Decrease Java heap size (-Xmx/-Xms)
#   Decrease number of Java threads
#   Decrease Java thread stack sizes (-Xss)
#   Set larger code cache with -XX:ReservedCodeCacheSize=
#   JVM is running with Unscaled Compressed Oops mode in which the Java heap is
#     placed in the first 4GB address space. The Java Heap base address is the
#     maximum limit for the native heap growth. Please use -XX:HeapBaseMinAddress
#     to set the Java Heap base and to place the Java Heap above 4GB virtual address.
# This output file may be truncated or incomplete.
#
#  Out of Memory Error (arena.cpp:186), pid=8856, tid=12224
#
# JRE version: Java(TM) SE Runtime Environment (25.0.2+10) (build 25.0.2+10-LTS-69)
# Java VM: Java HotSpot(TM) 64-Bit Server VM (25.0.2+10-LTS-69, mixed mode, sharing, tiered, compressed oops, compressed class ptrs, g1 gc, windows-amd64)
# No core dump will be written. Minidumps are not enabled by default on client versions of Windows
#

---------------  S U M M A R Y ------------

Command Line: --add-opens=java.base/java.lang=ALL-UNNAMED --add-opens=java.base/java.lang.invoke=ALL-UNNAMED --add-opens=java.base/java.util=ALL-UNNAMED --add-opens=java.prefs/java.util.prefs=ALL-UNNAMED --add-exports=jdk.compiler/com.sun.tools.javac.api=ALL-UNNAMED --add-exports=jdk.compiler/com.sun.tools.javac.util=ALL-UNNAMED --add-opens=java.base/java.util=ALL-UNNAMED --add-opens=java.prefs/java.util.prefs=ALL-UNNAMED --add-opens=java.base/java.nio.charset=ALL-UNNAMED --add-opens=java.base/java.net=ALL-UNNAMED --add-opens=java.base/java.util.concurrent=ALL-UNNAMED --add-opens=java.base/java.util.concurrent.atomic=ALL-UNNAMED --add-opens=java.xml/javax.xml.namespace=ALL-UNNAMED --add-opens=java.base/java.time=ALL-UNNAMED --enable-native-access=ALL-UNNAMED -Xmx2048m -Dfile.encoding=UTF-8 -Duser.country=US -Duser.language=en -Duser.variant -javaagent:C:\Users\bac\.gradle\wrapper\dists\gradle-9.1.0-bin\9agqghryom9wkf8r80qlhnts3\gradle-9.1.0\lib\agents\gradle-instrumentation-agent-9.1.0.jar org.gradle.launcher.daemon.bootstrap.GradleDaemon 9.1.0

Host: AMD Ryzen 5 5600H with Radeon Graphics         , 12 cores, 13G,  Windows 11 , 64 bit Build 26100 (10.0.26100.8246)
Time: Fri Apr 24 20:45:25 2026 SE Asia Standard Time elapsed time: 10.999463 seconds (0d 0h 0m 10s)

---------------  T H R E A D  ---------------

Current thread (0x000001d39d9190b0):  JavaThread "C2 CompilerThread0" daemon [_thread_in_native, id=12224, stack(0x0000000817e00000,0x0000000817f00000) (1024K)]


Current CompileTask:
C2:10999 2812   !   4       java.util.concurrent.ConcurrentHashMap::putVal (432 bytes)

Stack: [0x0000000817e00000,0x0000000817f00000]
Native frames: (J=compiled Java code, j=interpreted, Vv=VM code, C=native code)
V  [jvm.dll+0x7a70f9]  (no source info available)
V  [jvm.dll+0x772d6d]  (no source info available)
V  [jvm.dll+0x965d53]  (no source info available)
V  [jvm.dll+0x968351]  (no source info available)
V  [jvm.dll+0x968a63]  (no source info available)
V  [jvm.dll+0x2fc846]  (no source info available)
V  [jvm.dll+0x111b16]  (no source info available)
V  [jvm.dll+0x111e3e]  (no source info available)
V  [jvm.dll+0x1a0872]  (no source info available)
V  [jvm.dll+0x3b54c2]  (no source info available)
V  [jvm.dll+0x7aca8f]  (no source info available)
V  [jvm.dll+0x2c0b97]  (no source info available)
V  [jvm.dll+0x2bfb5f]  (no source info available)
V  [jvm.dll+0x2379a0]  (no source info available)
V  [jvm.dll+0x2cfc86]  (no source info available)
V  [jvm.dll+0x2cdf05]  (no source info available)
V  [jvm.dll+0x48e9d1]  (no source info available)
V  [jvm.dll+0x906fcd]  (no source info available)
V  [jvm.dll+0x7a56d5]  (no source info available)
C  [ucrtbase.dll+0x37b0]  (no source info available)
C  [KERNEL32.DLL+0x2e8d7]  (no source info available)
C  [ntdll.dll+0x8c3fc]  (no source info available)

Lock stack of current Java thread (top to bottom):


---------------  P R O C E S S  ---------------

Threads class SMR info:
_java_thread_list=0x000001d3a2954fa0, length=21, elements={
0x000001d3fe2a8480, 0x000001d39d9096c0, 0x000001d39d90ab40, 0x000001d39d90ee70,
0x000001d39d910020, 0x000001d39d912f00, 0x000001d39d916f10, 0x000001d39d9190b0,
0x000001d39d9240f0, 0x000001d39dba2bd0, 0x000001d39dc15310, 0x000001d3a299dfd0,
0x000001d3a37ecfa0, 0x000001d3a39046b0, 0x000001d3a21b0d60, 0x000001d3a202b930,
0x000001d3a202a1c0, 0x000001d3a2029220, 0x000001d3a20299f0, 0x000001d3a202e040,
0x000001d3a202a990
}

Java Threads: ( => current thread )
  0x000001d3fe2a8480 JavaThread "main"                              [_thread_blocked, id=14744, stack(0x0000000817000000,0x0000000817100000) (1024K)]
  0x000001d39d9096c0 JavaThread "Reference Handler"          daemon [_thread_blocked, id=11860, stack(0x0000000817800000,0x0000000817900000) (1024K)]
  0x000001d39d90ab40 JavaThread "Finalizer"                  daemon [_thread_blocked, id=10276, stack(0x0000000817900000,0x0000000817a00000) (1024K)]
  0x000001d39d90ee70 JavaThread "Signal Dispatcher"          daemon [_thread_blocked, id=5672, stack(0x0000000817a00000,0x0000000817b00000) (1024K)]
  0x000001d39d910020 JavaThread "Attach Listener"            daemon [_thread_blocked, id=2628, stack(0x0000000817b00000,0x0000000817c00000) (1024K)]
  0x000001d39d912f00 JavaThread "Service Thread"             daemon [_thread_blocked, id=10796, stack(0x0000000817c00000,0x0000000817d00000) (1024K)]
  0x000001d39d916f10 JavaThread "Monitor Deflation Thread"   daemon [_thread_blocked, id=23120, stack(0x0000000817d00000,0x0000000817e00000) (1024K)]
=>0x000001d39d9190b0 JavaThread "C2 CompilerThread0"         daemon [_thread_in_native, id=12224, stack(0x0000000817e00000,0x0000000817f00000) (1024K)]
  0x000001d39d9240f0 JavaThread "C1 CompilerThread0"         daemon [_thread_blocked, id=12024, stack(0x0000000817f00000,0x0000000818000000) (1024K)]
  0x000001d39dba2bd0 JavaThread "Common-Cleaner"             daemon [_thread_blocked, id=7964, stack(0x0000000818100000,0x0000000818200000) (1024K)]
  0x000001d39dc15310 JavaThread "Notification Thread"        daemon [_thread_blocked, id=30460, stack(0x0000000818200000,0x0000000818300000) (1024K)]
  0x000001d3a299dfd0 JavaThread "Daemon health stats"               [_thread_blocked, id=29820, stack(0x0000000818600000,0x0000000818700000) (1024K)]
  0x000001d3a37ecfa0 JavaThread "Incoming local TCP Connector on port 50116"        [_thread_in_native, id=8160, stack(0x0000000818700000,0x0000000818800000) (1024K)]
  0x000001d3a39046b0 JavaThread "Daemon periodic checks"            [_thread_blocked, id=29056, stack(0x0000000818800000,0x0000000818900000) (1024K)]
  0x000001d3a21b0d60 JavaThread "Daemon"                            [_thread_blocked, id=12080, stack(0x0000000818900000,0x0000000818a00000) (1024K)]
  0x000001d3a202b930 JavaThread "Handler for socket connection from /127.0.0.1:50116 to /127.0.0.1:50117"        [_thread_in_native, id=28728, stack(0x0000000818a00000,0x0000000818b00000) (1024K)]
  0x000001d3a202a1c0 JavaThread "Cancel handler"                    [_thread_blocked, id=20940, stack(0x0000000818b00000,0x0000000818c00000) (1024K)]
  0x000001d3a2029220 JavaThread "Daemon worker"                     [_thread_in_vm, id=15136, stack(0x0000000818c00000,0x0000000818d00000) (1024K)]
  0x000001d3a20299f0 JavaThread "Asynchronous log dispatcher for DefaultDaemonConnection: socket connection from /127.0.0.1:50116 to /127.0.0.1:50117"        [_thread_blocked, id=23372, stack(0x0000000818d00000,0x0000000818e00000) (1024K)]
  0x000001d3a202e040 JavaThread "Stdin handler"                     [_thread_blocked, id=9596, stack(0x0000000818e00000,0x0000000818f00000) (1024K)]
  0x000001d3a202a990 JavaThread "Daemon client event forwarder"        [_thread_blocked, id=2764, stack(0x0000000818f00000,0x0000000819000000) (1024K)]
Total: 21

Other Threads:
  0x000001d39d8f10b0 VMThread "VM Thread"                           [id=29104, stack(0x0000000817700000,0x0000000817800000) (1024K)]
  0x000001d39d7c17a0 WatcherThread "VM Periodic Task Thread"        [id=16796, stack(0x0000000817600000,0x0000000817700000) (1024K)]
  0x000001d3ffe1b410 WorkerThread "GC Thread#0"                     [id=17956, stack(0x0000000817100000,0x0000000817200000) (1024K)]
  0x000001d3a2cccfd0 WorkerThread "GC Thread#1"                     [id=20048, stack(0x0000000818000000,0x0000000818100000) (1024K)]
  0x000001d3a2ccd400 WorkerThread "GC Thread#2"                     [id=20672, stack(0x0000000818300000,0x0000000818400000) (1024K)]
  0x000001d3a2d09130 WorkerThread "GC Thread#3"                     [id=30068, stack(0x0000000818400000,0x0000000818500000) (1024K)]
  0x000001d3a2d09560 WorkerThread "GC Thread#4"                     [id=5832, stack(0x0000000818500000,0x0000000818600000) (1024K)]
  0x000001d39db70ca0 WorkerThread "GC Thread#5"                     [id=28916, stack(0x0000000819000000,0x0000000819100000) (1024K)]
  0x000001d39db6fb60 WorkerThread "GC Thread#6"                     [id=20416, stack(0x0000000819100000,0x0000000819200000) (1024K)]
  0x000001d39db6f2c0 WorkerThread "GC Thread#7"                     [id=30612, stack(0x0000000819200000,0x0000000819300000) (1024K)]
  0x000001d39db6f710 WorkerThread "GC Thread#8"                     [id=22820, stack(0x0000000819300000,0x0000000819400000) (1024K)]
  0x000001d39db7a670 WorkerThread "GC Thread#9"                     [id=10000, stack(0x0000000819400000,0x0000000819500000) (1024K)]
  0x000001d3ffe353d0 ConcurrentGCThread "G1 Main Marker"            [id=26628, stack(0x0000000817200000,0x0000000817300000) (1024K)]
  0x000001d3ffe36710 WorkerThread "G1 Conc#0"                       [id=29460, stack(0x0000000817300000,0x0000000817400000) (1024K)]
  0x000001d39d7ae1b0 ConcurrentGCThread "G1 Refine#0"               [id=23916, stack(0x0000000817400000,0x0000000817500000) (1024K)]
  0x000001d39d7b0bd0 ConcurrentGCThread "G1 Service"                [id=7544, stack(0x0000000817500000,0x0000000817600000) (1024K)]
Total: 16

Threads with active compile tasks:
C2 CompilerThread0  11128 2812   !   4       java.util.concurrent.ConcurrentHashMap::putVal (432 bytes)
Total: 1

VM state: not at safepoint (normal execution)

VM Mutex/Monitor currently owned by a thread: None

Heap address: 0x0000000080000000, size: 2048 MB, Compressed Oops mode: 32-bit

CDS archive(s) mapped at: [0x0000000036000000-0x0000000036dd0000-0x0000000036dd0000), size 14483456, SharedBaseAddress: 0x0000000036000000, ArchiveRelocationMode: 1.
Compressed class space mapped at: 0x0000000037000000-0x0000000077000000, reserved size: 1073741824
UseCompressedClassPointers 1, UseCompactObjectHeaders 0
Narrow klass pointer bits 32, Max shift 3
Narrow klass base: 0x0000000036000000, Narrow klass shift: 0
Encoding Range: [0x0000000036000000 - 0x0000000136000000), (4294967296 bytes)
Klass Range:    [0x0000000036010000 - 0x0000000077000000), (1090453504 bytes)
Klass ID Range:  [65536 - 1090519033) (1090453497)
Protection zone: [0x0000000036000000 - 0x0000000036010000), (65536 bytes)

GC Precious Log:
 CardTable entry size: 512
 Card Set container configuration: InlinePtr #cards 5 size 8 Array Of Cards #cards 10 size 36 Howl #buckets 4 coarsen threshold 1843 Howl Bitmap #cards 512 size 80 coarsen threshold 460 Card regions per heap region 1 cards per card region 2048
 CPUs: 12 total, 12 available
 Memory: 14188M
 Large Page Support: Disabled
 NUMA Support: Disabled
 Compressed Oops: Enabled (32-bit)
 Heap Region Size: 1M
 Heap Min Capacity: 8M
 Heap Initial Capacity: 222M
 Heap Max Capacity: 2G
 Pre-touch: Disabled
 Parallel Workers: 10
 Concurrent Workers: 3
 Concurrent Refinement Workers: 10
 Periodic GC: Disabled

Heap:
 garbage-first heap   total reserved 2097152K, committed 229376K, used 20697K [0x0000000080000000, 0x0000000100000000)
  region size 1024K, 14 young (14336K), 13 survivors (13312K)

Heap Regions: E=young(eden), S=young(survivor), O=old, HS=humongous(starts), HC=humongous(continues), CS=collection set, F=free, TAMS=top-at-mark-start, PB=parsable bottom
|   0|0x0000000080000000, 0x0000000080100000, 0x0000000080100000|100%|HS|  |TAMS 0x0000000080000000| PB 0x0000000080000000| Complete |  0
|   1|0x0000000080100000, 0x0000000080200000, 0x0000000080200000|100%|HC|  |TAMS 0x0000000080100000| PB 0x0000000080100000| Complete |  0
|   2|0x0000000080200000, 0x0000000080300000, 0x0000000080300000|100%|HC|  |TAMS 0x0000000080200000| PB 0x0000000080200000| Complete |  0
|   3|0x0000000080300000, 0x0000000080400000, 0x0000000080400000|100%| O|  |TAMS 0x0000000080300000| PB 0x0000000080300000| Untracked |  0
|   4|0x0000000080400000, 0x0000000080500000, 0x0000000080500000|100%|HS|  |TAMS 0x0000000080400000| PB 0x0000000080400000| Complete |  0
|   5|0x0000000080500000, 0x0000000080500000, 0x0000000080600000|  0%| F|  |TAMS 0x0000000080500000| PB 0x0000000080500000| Untracked |  0
|   6|0x0000000080600000, 0x0000000080700000, 0x0000000080700000|100%| O|  |TAMS 0x0000000080600000| PB 0x0000000080600000| Untracked |  0
|   7|0x0000000080700000, 0x0000000080710f80, 0x0000000080800000|  6%| O|  |TAMS 0x0000000080700000| PB 0x0000000080700000| Untracked |  0
|   8|0x0000000080800000, 0x0000000080800000, 0x0000000080900000|  0%| F|  |TAMS 0x0000000080800000| PB 0x0000000080800000| Untracked |  0
|   9|0x0000000080900000, 0x0000000080900000, 0x0000000080a00000|  0%| F|  |TAMS 0x0000000080900000| PB 0x0000000080900000| Untracked |  0
|  10|0x0000000080a00000, 0x0000000080a00000, 0x0000000080b00000|  0%| F|  |TAMS 0x0000000080a00000| PB 0x0000000080a00000| Untracked |  0
|  11|0x0000000080b00000, 0x0000000080b00000, 0x0000000080c00000|  0%| F|  |TAMS 0x0000000080b00000| PB 0x0000000080b00000| Untracked |  0
|  12|0x0000000080c00000, 0x0000000080c00000, 0x0000000080d00000|  0%| F|  |TAMS 0x0000000080c00000| PB 0x0000000080c00000| Untracked |  0
|  13|0x0000000080d00000, 0x0000000080d00000, 0x0000000080e00000|  0%| F|  |TAMS 0x0000000080d00000| PB 0x0000000080d00000| Untracked |  0
|  14|0x0000000080e00000, 0x0000000080e00000, 0x0000000080f00000|  0%| F|  |TAMS 0x0000000080e00000| PB 0x0000000080e00000| Untracked |  0
|  15|0x0000000080f00000, 0x0000000080f00000, 0x0000000081000000|  0%| F|  |TAMS 0x0000000080f00000| PB 0x0000000080f00000| Untracked |  0
|  16|0x0000000081000000, 0x0000000081000000, 0x0000000081100000|  0%| F|  |TAMS 0x0000000081000000| PB 0x0000000081000000| Untracked |  0
|  17|0x0000000081100000, 0x0000000081100000, 0x0000000081200000|  0%| F|  |TAMS 0x0000000081100000| PB 0x0000000081100000| Untracked |  0
|  18|0x0000000081200000, 0x0000000081200000, 0x0000000081300000|  0%| F|  |TAMS 0x0000000081200000| PB 0x0000000081200000| Untracked |  0
|  19|0x0000000081300000, 0x0000000081300000, 0x0000000081400000|  0%| F|  |TAMS 0x0000000081300000| PB 0x0000000081300000| Untracked |  0
|  20|0x0000000081400000, 0x0000000081400000, 0x0000000081500000|  0%| F|  |TAMS 0x0000000081400000| PB 0x0000000081400000| Untracked |  0
|  21|0x0000000081500000, 0x0000000081500000, 0x0000000081600000|  0%| F|  |TAMS 0x0000000081500000| PB 0x0000000081500000| Untracked |  0
|  22|0x0000000081600000, 0x0000000081600000, 0x0000000081700000|  0%| F|  |TAMS 0x0000000081600000| PB 0x0000000081600000| Untracked |  0
|  23|0x0000000081700000, 0x0000000081700000, 0x0000000081800000|  0%| F|  |TAMS 0x0000000081700000| PB 0x0000000081700000| Untracked |  0
|  24|0x0000000081800000, 0x0000000081800000, 0x0000000081900000|  0%| F|  |TAMS 0x0000000081800000| PB 0x0000000081800000| Untracked |  0
|  25|0x0000000081900000, 0x0000000081900000, 0x0000000081a00000|  0%| F|  |TAMS 0x0000000081900000| PB 0x0000000081900000| Untracked |  0
|  26|0x0000000081a00000, 0x0000000081a00000, 0x0000000081b00000|  0%| F|  |TAMS 0x0000000081a00000| PB 0x0000000081a00000| Untracked |  0
|  27|0x0000000081b00000, 0x0000000081b00000, 0x0000000081c00000|  0%| F|  |TAMS 0x0000000081b00000| PB 0x0000000081b00000| Untracked |  0
|  28|0x0000000081c00000, 0x0000000081c00000, 0x0000000081d00000|  0%| F|  |TAMS 0x0000000081c00000| PB 0x0000000081c00000| Untracked |  0
|  29|0x0000000081d00000, 0x0000000081d00000, 0x0000000081e00000|  0%| F|  |TAMS 0x0000000081d00000| PB 0x0000000081d00000| Untracked |  0
|  30|0x0000000081e00000, 0x0000000081e00000, 0x0000000081f00000|  0%| F|  |TAMS 0x0000000081e00000| PB 0x0000000081e00000| Untracked |  0
|  31|0x0000000081f00000, 0x0000000081f00000, 0x0000000082000000|  0%| F|  |TAMS 0x0000000081f00000| PB 0x0000000081f00000| Untracked |  0
|  32|0x0000000082000000, 0x0000000082000000, 0x0000000082100000|  0%| F|  |TAMS 0x0000000082000000| PB 0x0000000082000000| Untracked |  0
|  33|0x0000000082100000, 0x0000000082100000, 0x0000000082200000|  0%| F|  |TAMS 0x0000000082100000| PB 0x0000000082100000| Untracked |  0
|  34|0x0000000082200000, 0x0000000082200000, 0x0000000082300000|  0%| F|  |TAMS 0x0000000082200000| PB 0x0000000082200000| Untracked |  0
|  35|0x0000000082300000, 0x0000000082300000, 0x0000000082400000|  0%| F|  |TAMS 0x0000000082300000| PB 0x0000000082300000| Untracked |  0
|  36|0x0000000082400000, 0x0000000082400000, 0x0000000082500000|  0%| F|  |TAMS 0x0000000082400000| PB 0x0000000082400000| Untracked |  0
|  37|0x0000000082500000, 0x0000000082500000, 0x0000000082600000|  0%| F|  |TAMS 0x0000000082500000| PB 0x0000000082500000| Untracked |  0
|  38|0x0000000082600000, 0x0000000082600000, 0x0000000082700000|  0%| F|  |TAMS 0x0000000082600000| PB 0x0000000082600000| Untracked |  0
|  39|0x0000000082700000, 0x0000000082700000, 0x0000000082800000|  0%| F|  |TAMS 0x0000000082700000| PB 0x0000000082700000| Untracked |  0
|  40|0x0000000082800000, 0x0000000082800000, 0x0000000082900000|  0%| F|  |TAMS 0x0000000082800000| PB 0x0000000082800000| Untracked |  0
|  41|0x0000000082900000, 0x0000000082900000, 0x0000000082a00000|  0%| F|  |TAMS 0x0000000082900000| PB 0x0000000082900000| Untracked |  0
|  42|0x0000000082a00000, 0x0000000082a00000, 0x0000000082b00000|  0%| F|  |TAMS 0x0000000082a00000| PB 0x0000000082a00000| Untracked |  0
|  43|0x0000000082b00000, 0x0000000082b00000, 0x0000000082c00000|  0%| F|  |TAMS 0x0000000082b00000| PB 0x0000000082b00000| Untracked |  0
|  44|0x0000000082c00000, 0x0000000082c00000, 0x0000000082d00000|  0%| F|  |TAMS 0x0000000082c00000| PB 0x0000000082c00000| Untracked |  0
|  45|0x0000000082d00000, 0x0000000082d00000, 0x0000000082e00000|  0%| F|  |TAMS 0x0000000082d00000| PB 0x0000000082d00000| Untracked |  0
|  46|0x0000000082e00000, 0x0000000082e00000, 0x0000000082f00000|  0%| F|  |TAMS 0x0000000082e00000| PB 0x0000000082e00000| Untracked |  0
|  47|0x0000000082f00000, 0x0000000082f00000, 0x0000000083000000|  0%| F|  |TAMS 0x0000000082f00000| PB 0x0000000082f00000| Untracked |  0
|  48|0x0000000083000000, 0x0000000083000000, 0x0000000083100000|  0%| F|  |TAMS 0x0000000083000000| PB 0x0000000083000000| Untracked |  0
|  49|0x0000000083100000, 0x0000000083100000, 0x0000000083200000|  0%| F|  |TAMS 0x0000000083100000| PB 0x0000000083100000| Untracked |  0
|  50|0x0000000083200000, 0x0000000083200000, 0x0000000083300000|  0%| F|  |TAMS 0x0000000083200000| PB 0x0000000083200000| Untracked |  0
|  51|0x0000000083300000, 0x0000000083300000, 0x0000000083400000|  0%| F|  |TAMS 0x0000000083300000| PB 0x0000000083300000| Untracked |  0
|  52|0x0000000083400000, 0x0000000083400000, 0x0000000083500000|  0%| F|  |TAMS 0x0000000083400000| PB 0x0000000083400000| Untracked |  0
|  53|0x0000000083500000, 0x0000000083500000, 0x0000000083600000|  0%| F|  |TAMS 0x0000000083500000| PB 0x0000000083500000| Untracked |  0
|  54|0x0000000083600000, 0x0000000083600000, 0x0000000083700000|  0%| F|  |TAMS 0x0000000083600000| PB 0x0000000083600000| Untracked |  0
|  55|0x0000000083700000, 0x0000000083700000, 0x0000000083800000|  0%| F|  |TAMS 0x0000000083700000| PB 0x0000000083700000| Untracked |  0
|  56|0x0000000083800000, 0x0000000083800000, 0x0000000083900000|  0%| F|  |TAMS 0x0000000083800000| PB 0x0000000083800000| Untracked |  0
|  57|0x0000000083900000, 0x0000000083900000, 0x0000000083a00000|  0%| F|  |TAMS 0x0000000083900000| PB 0x0000000083900000| Untracked |  0
|  58|0x0000000083a00000, 0x0000000083a00000, 0x0000000083b00000|  0%| F|  |TAMS 0x0000000083a00000| PB 0x0000000083a00000| Untracked |  0
|  59|0x0000000083b00000, 0x0000000083b00000, 0x0000000083c00000|  0%| F|  |TAMS 0x0000000083b00000| PB 0x0000000083b00000| Untracked |  0
|  60|0x0000000083c00000, 0x0000000083c00000, 0x0000000083d00000|  0%| F|  |TAMS 0x0000000083c00000| PB 0x0000000083c00000| Untracked |  0
|  61|0x0000000083d00000, 0x0000000083d00000, 0x0000000083e00000|  0%| F|  |TAMS 0x0000000083d00000| PB 0x0000000083d00000| Untracked |  0
|  62|0x0000000083e00000, 0x0000000083e00000, 0x0000000083f00000|  0%| F|  |TAMS 0x0000000083e00000| PB 0x0000000083e00000| Untracked |  0
|  63|0x0000000083f00000, 0x0000000083f00000, 0x0000000084000000|  0%| F|  |TAMS 0x0000000083f00000| PB 0x0000000083f00000| Untracked |  0
|  64|0x0000000084000000, 0x0000000084000000, 0x0000000084100000|  0%| F|  |TAMS 0x0000000084000000| PB 0x0000000084000000| Untracked |  0
|  65|0x0000000084100000, 0x0000000084100000, 0x0000000084200000|  0%| F|  |TAMS 0x0000000084100000| PB 0x0000000084100000| Untracked |  0
|  66|0x0000000084200000, 0x0000000084200000, 0x0000000084300000|  0%| F|  |TAMS 0x0000000084200000| PB 0x0000000084200000| Untracked |  0
|  67|0x0000000084300000, 0x0000000084300000, 0x0000000084400000|  0%| F|  |TAMS 0x0000000084300000| PB 0x0000000084300000| Untracked |  0
|  68|0x0000000084400000, 0x0000000084400000, 0x0000000084500000|  0%| F|  |TAMS 0x0000000084400000| PB 0x0000000084400000| Untracked |  0
|  69|0x0000000084500000, 0x0000000084500000, 0x0000000084600000|  0%| F|  |TAMS 0x0000000084500000| PB 0x0000000084500000| Untracked |  0
|  70|0x0000000084600000, 0x0000000084600000, 0x0000000084700000|  0%| F|  |TAMS 0x0000000084600000| PB 0x0000000084600000| Untracked |  0
|  71|0x0000000084700000, 0x0000000084700000, 0x0000000084800000|  0%| F|  |TAMS 0x0000000084700000| PB 0x0000000084700000| Untracked |  0
|  72|0x0000000084800000, 0x0000000084800000, 0x0000000084900000|  0%| F|  |TAMS 0x0000000084800000| PB 0x0000000084800000| Untracked |  0
|  73|0x0000000084900000, 0x0000000084900000, 0x0000000084a00000|  0%| F|  |TAMS 0x0000000084900000| PB 0x0000000084900000| Untracked |  0
|  74|0x0000000084a00000, 0x0000000084a00000, 0x0000000084b00000|  0%| F|  |TAMS 0x0000000084a00000| PB 0x0000000084a00000| Untracked |  0
|  75|0x0000000084b00000, 0x0000000084b00000, 0x0000000084c00000|  0%| F|  |TAMS 0x0000000084b00000| PB 0x0000000084b00000| Untracked |  0
|  76|0x0000000084c00000, 0x0000000084c00000, 0x0000000084d00000|  0%| F|  |TAMS 0x0000000084c00000| PB 0x0000000084c00000| Untracked |  0
|  77|0x0000000084d00000, 0x0000000084d00000, 0x0000000084e00000|  0%| F|  |TAMS 0x0000000084d00000| PB 0x0000000084d00000| Untracked |  0
|  78|0x0000000084e00000, 0x0000000084e00000, 0x0000000084f00000|  0%| F|  |TAMS 0x0000000084e00000| PB 0x0000000084e00000| Untracked |  0
|  79|0x0000000084f00000, 0x0000000084f00000, 0x0000000085000000|  0%| F|  |TAMS 0x0000000084f00000| PB 0x0000000084f00000| Untracked |  0
|  80|0x0000000085000000, 0x0000000085000000, 0x0000000085100000|  0%| F|  |TAMS 0x0000000085000000| PB 0x0000000085000000| Untracked |  0
|  81|0x0000000085100000, 0x0000000085100000, 0x0000000085200000|  0%| F|  |TAMS 0x0000000085100000| PB 0x0000000085100000| Untracked |  0
|  82|0x0000000085200000, 0x0000000085200000, 0x0000000085300000|  0%| F|  |TAMS 0x0000000085200000| PB 0x0000000085200000| Untracked |  0
|  83|0x0000000085300000, 0x0000000085300000, 0x0000000085400000|  0%| F|  |TAMS 0x0000000085300000| PB 0x0000000085300000| Untracked |  0
|  84|0x0000000085400000, 0x0000000085400000, 0x0000000085500000|  0%| F|  |TAMS 0x0000000085400000| PB 0x0000000085400000| Untracked |  0
|  85|0x0000000085500000, 0x0000000085500000, 0x0000000085600000|  0%| F|  |TAMS 0x0000000085500000| PB 0x0000000085500000| Untracked |  0
|  86|0x0000000085600000, 0x0000000085600000, 0x0000000085700000|  0%| F|  |TAMS 0x0000000085600000| PB 0x0000000085600000| Untracked |  0
|  87|0x0000000085700000, 0x0000000085700000, 0x0000000085800000|  0%| F|  |TAMS 0x0000000085700000| PB 0x0000000085700000| Untracked |  0
|  88|0x0000000085800000, 0x0000000085800000, 0x0000000085900000|  0%| F|  |TAMS 0x0000000085800000| PB 0x0000000085800000| Untracked |  0
|  89|0x0000000085900000, 0x0000000085900000, 0x0000000085a00000|  0%| F|  |TAMS 0x0000000085900000| PB 0x0000000085900000| Untracked |  0
|  90|0x0000000085a00000, 0x0000000085a00000, 0x0000000085b00000|  0%| F|  |TAMS 0x0000000085a00000| PB 0x0000000085a00000| Untracked |  0
|  91|0x0000000085b00000, 0x0000000085b00000, 0x0000000085c00000|  0%| F|  |TAMS 0x0000000085b00000| PB 0x0000000085b00000| Untracked |  0
|  92|0x0000000085c00000, 0x0000000085c00000, 0x0000000085d00000|  0%| F|  |TAMS 0x0000000085c00000| PB 0x0000000085c00000| Untracked |  0
|  93|0x0000000085d00000, 0x0000000085d00000, 0x0000000085e00000|  0%| F|  |TAMS 0x0000000085d00000| PB 0x0000000085d00000| Untracked |  0
|  94|0x0000000085e00000, 0x0000000085e00000, 0x0000000085f00000|  0%| F|  |TAMS 0x0000000085e00000| PB 0x0000000085e00000| Untracked |  0
|  95|0x0000000085f00000, 0x0000000085f00000, 0x0000000086000000|  0%| F|  |TAMS 0x0000000085f00000| PB 0x0000000085f00000| Untracked |  0
|  96|0x0000000086000000, 0x0000000086000000, 0x0000000086100000|  0%| F|  |TAMS 0x0000000086000000| PB 0x0000000086000000| Untracked |  0
|  97|0x0000000086100000, 0x0000000086100000, 0x0000000086200000|  0%| F|  |TAMS 0x0000000086100000| PB 0x0000000086100000| Untracked |  0
|  98|0x0000000086200000, 0x0000000086200000, 0x0000000086300000|  0%| F|  |TAMS 0x0000000086200000| PB 0x0000000086200000| Untracked |  0
|  99|0x0000000086300000, 0x0000000086300000, 0x0000000086400000|  0%| F|  |TAMS 0x0000000086300000| PB 0x0000000086300000| Untracked |  0
| 100|0x0000000086400000, 0x0000000086400000, 0x0000000086500000|  0%| F|  |TAMS 0x0000000086400000| PB 0x0000000086400000| Untracked |  0
| 101|0x0000000086500000, 0x0000000086500000, 0x0000000086600000|  0%| F|  |TAMS 0x0000000086500000| PB 0x0000000086500000| Untracked |  0
| 102|0x0000000086600000, 0x0000000086600000, 0x0000000086700000|  0%| F|  |TAMS 0x0000000086600000| PB 0x0000000086600000| Untracked |  0
| 103|0x0000000086700000, 0x0000000086700000, 0x0000000086800000|  0%| F|  |TAMS 0x0000000086700000| PB 0x0000000086700000| Untracked |  0
| 104|0x0000000086800000, 0x0000000086800000, 0x0000000086900000|  0%| F|  |TAMS 0x0000000086800000| PB 0x0000000086800000| Untracked |  0
| 105|0x0000000086900000, 0x0000000086900000, 0x0000000086a00000|  0%| F|  |TAMS 0x0000000086900000| PB 0x0000000086900000| Untracked |  0
| 106|0x0000000086a00000, 0x0000000086a00000, 0x0000000086b00000|  0%| F|  |TAMS 0x0000000086a00000| PB 0x0000000086a00000| Untracked |  0
| 107|0x0000000086b00000, 0x0000000086b00000, 0x0000000086c00000|  0%| F|  |TAMS 0x0000000086b00000| PB 0x0000000086b00000| Untracked |  0
| 108|0x0000000086c00000, 0x0000000086c00000, 0x0000000086d00000|  0%| F|  |TAMS 0x0000000086c00000| PB 0x0000000086c00000| Untracked |  0
| 109|0x0000000086d00000, 0x0000000086d00000, 0x0000000086e00000|  0%| F|  |TAMS 0x0000000086d00000| PB 0x0000000086d00000| Untracked |  0
| 110|0x0000000086e00000, 0x0000000086e00000, 0x0000000086f00000|  0%| F|  |TAMS 0x0000000086e00000| PB 0x0000000086e00000| Untracked |  0
| 111|0x0000000086f00000, 0x0000000087000000, 0x0000000087000000|100%| S|CS|TAMS 0x0000000086f00000| PB 0x0000000086f00000| Complete |  0
| 112|0x0000000087000000, 0x0000000087100000, 0x0000000087100000|100%| S|CS|TAMS 0x0000000087000000| PB 0x0000000087000000| Complete |  0
| 113|0x0000000087100000, 0x0000000087200000, 0x0000000087200000|100%| S|CS|TAMS 0x0000000087100000| PB 0x0000000087100000| Complete |  0
| 114|0x0000000087200000, 0x0000000087300000, 0x0000000087300000|100%| S|CS|TAMS 0x0000000087200000| PB 0x0000000087200000| Complete |  0
| 115|0x0000000087300000, 0x0000000087400000, 0x0000000087400000|100%| S|CS|TAMS 0x0000000087300000| PB 0x0000000087300000| Complete |  0
| 116|0x0000000087400000, 0x0000000087500000, 0x0000000087500000|100%| S|CS|TAMS 0x0000000087400000| PB 0x0000000087400000| Complete |  0
| 117|0x0000000087500000, 0x0000000087600000, 0x0000000087600000|100%| S|CS|TAMS 0x0000000087500000| PB 0x0000000087500000| Complete |  0
| 118|0x0000000087600000, 0x0000000087700000, 0x0000000087700000|100%| S|CS|TAMS 0x0000000087600000| PB 0x0000000087600000| Complete |  0
| 119|0x0000000087700000, 0x0000000087800000, 0x0000000087800000|100%| S|CS|TAMS 0x0000000087700000| PB 0x0000000087700000| Complete |  0
| 120|0x0000000087800000, 0x0000000087900000, 0x0000000087900000|100%| S|CS|TAMS 0x0000000087800000| PB 0x0000000087800000| Complete |  0
| 121|0x0000000087900000, 0x0000000087a00000, 0x0000000087a00000|100%| S|CS|TAMS 0x0000000087900000| PB 0x0000000087900000| Complete |  0
| 122|0x0000000087a00000, 0x0000000087b00000, 0x0000000087b00000|100%| S|CS|TAMS 0x0000000087a00000| PB 0x0000000087a00000| Complete |  0
| 123|0x0000000087b00000, 0x0000000087c00000, 0x0000000087c00000|100%| S|CS|TAMS 0x0000000087b00000| PB 0x0000000087b00000| Complete |  0
| 124|0x0000000087c00000, 0x0000000087c00000, 0x0000000087d00000|  0%| F|  |TAMS 0x0000000087c00000| PB 0x0000000087c00000| Untracked |  0
| 125|0x0000000087d00000, 0x0000000087d00000, 0x0000000087e00000|  0%| F|  |TAMS 0x0000000087d00000| PB 0x0000000087d00000| Untracked |  0
| 126|0x0000000087e00000, 0x0000000087e00000, 0x0000000087f00000|  0%| F|  |TAMS 0x0000000087e00000| PB 0x0000000087e00000| Untracked |  0
| 127|0x0000000087f00000, 0x0000000087f00000, 0x0000000088000000|  0%| F|  |TAMS 0x0000000087f00000| PB 0x0000000087f00000| Untracked |  0
| 128|0x0000000088000000, 0x0000000088000000, 0x0000000088100000|  0%| F|  |TAMS 0x0000000088000000| PB 0x0000000088000000| Untracked |  0
| 129|0x0000000088100000, 0x0000000088100000, 0x0000000088200000|  0%| F|  |TAMS 0x0000000088100000| PB 0x0000000088100000| Untracked |  0
| 130|0x0000000088200000, 0x0000000088200000, 0x0000000088300000|  0%| F|  |TAMS 0x0000000088200000| PB 0x0000000088200000| Untracked |  0
| 131|0x0000000088300000, 0x0000000088300000, 0x0000000088400000|  0%| F|  |TAMS 0x0000000088300000| PB 0x0000000088300000| Untracked |  0
| 132|0x0000000088400000, 0x0000000088400000, 0x0000000088500000|  0%| F|  |TAMS 0x0000000088400000| PB 0x0000000088400000| Untracked |  0
| 133|0x0000000088500000, 0x0000000088500000, 0x0000000088600000|  0%| F|  |TAMS 0x0000000088500000| PB 0x0000000088500000| Untracked |  0
| 134|0x0000000088600000, 0x0000000088600000, 0x0000000088700000|  0%| F|  |TAMS 0x0000000088600000| PB 0x0000000088600000| Untracked |  0
| 135|0x0000000088700000, 0x0000000088700000, 0x0000000088800000|  0%| F|  |TAMS 0x0000000088700000| PB 0x0000000088700000| Untracked |  0
| 136|0x0000000088800000, 0x0000000088800000, 0x0000000088900000|  0%| F|  |TAMS 0x0000000088800000| PB 0x0000000088800000| Untracked |  0
| 137|0x0000000088900000, 0x0000000088900000, 0x0000000088a00000|  0%| F|  |TAMS 0x0000000088900000| PB 0x0000000088900000| Untracked |  0
| 138|0x0000000088a00000, 0x0000000088a00000, 0x0000000088b00000|  0%| F|  |TAMS 0x0000000088a00000| PB 0x0000000088a00000| Untracked |  0
| 139|0x0000000088b00000, 0x0000000088b00000, 0x0000000088c00000|  0%| F|  |TAMS 0x0000000088b00000| PB 0x0000000088b00000| Untracked |  0
| 140|0x0000000088c00000, 0x0000000088c00000, 0x0000000088d00000|  0%| F|  |TAMS 0x0000000088c00000| PB 0x0000000088c00000| Untracked |  0
| 141|0x0000000088d00000, 0x0000000088d00000, 0x0000000088e00000|  0%| F|  |TAMS 0x0000000088d00000| PB 0x0000000088d00000| Untracked |  0
| 142|0x0000000088e00000, 0x0000000088e00000, 0x0000000088f00000|  0%| F|  |TAMS 0x0000000088e00000| PB 0x0000000088e00000| Untracked |  0
| 143|0x0000000088f00000, 0x0000000088f00000, 0x0000000089000000|  0%| F|  |TAMS 0x0000000088f00000| PB 0x0000000088f00000| Untracked |  0
| 144|0x0000000089000000, 0x0000000089000000, 0x0000000089100000|  0%| F|  |TAMS 0x0000000089000000| PB 0x0000000089000000| Untracked |  0
| 145|0x0000000089100000, 0x0000000089100000, 0x0000000089200000|  0%| F|  |TAMS 0x0000000089100000| PB 0x0000000089100000| Untracked |  0
| 146|0x0000000089200000, 0x0000000089200000, 0x0000000089300000|  0%| F|  |TAMS 0x0000000089200000| PB 0x0000000089200000| Untracked |  0
| 147|0x0000000089300000, 0x0000000089300000, 0x0000000089400000|  0%| F|  |TAMS 0x0000000089300000| PB 0x0000000089300000| Untracked |  0
| 148|0x0000000089400000, 0x0000000089400000, 0x0000000089500000|  0%| F|  |TAMS 0x0000000089400000| PB 0x0000000089400000| Untracked |  0
| 149|0x0000000089500000, 0x0000000089500000, 0x0000000089600000|  0%| F|  |TAMS 0x0000000089500000| PB 0x0000000089500000| Untracked |  0
| 150|0x0000000089600000, 0x0000000089600000, 0x0000000089700000|  0%| F|  |TAMS 0x0000000089600000| PB 0x0000000089600000| Untracked |  0
| 151|0x0000000089700000, 0x0000000089700000, 0x0000000089800000|  0%| F|  |TAMS 0x0000000089700000| PB 0x0000000089700000| Untracked |  0
| 152|0x0000000089800000, 0x0000000089800000, 0x0000000089900000|  0%| F|  |TAMS 0x0000000089800000| PB 0x0000000089800000| Untracked |  0
| 153|0x0000000089900000, 0x0000000089900000, 0x0000000089a00000|  0%| F|  |TAMS 0x0000000089900000| PB 0x0000000089900000| Untracked |  0
| 154|0x0000000089a00000, 0x0000000089a00000, 0x0000000089b00000|  0%| F|  |TAMS 0x0000000089a00000| PB 0x0000000089a00000| Untracked |  0
| 155|0x0000000089b00000, 0x0000000089b00000, 0x0000000089c00000|  0%| F|  |TAMS 0x0000000089b00000| PB 0x0000000089b00000| Untracked |  0
| 156|0x0000000089c00000, 0x0000000089c00000, 0x0000000089d00000|  0%| F|  |TAMS 0x0000000089c00000| PB 0x0000000089c00000| Untracked |  0
| 157|0x0000000089d00000, 0x0000000089d00000, 0x0000000089e00000|  0%| F|  |TAMS 0x0000000089d00000| PB 0x0000000089d00000| Untracked |  0
| 158|0x0000000089e00000, 0x0000000089e00000, 0x0000000089f00000|  0%| F|  |TAMS 0x0000000089e00000| PB 0x0000000089e00000| Untracked |  0
| 159|0x0000000089f00000, 0x0000000089f00000, 0x000000008a000000|  0%| F|  |TAMS 0x0000000089f00000| PB 0x0000000089f00000| Untracked |  0
| 160|0x000000008a000000, 0x000000008a000000, 0x000000008a100000|  0%| F|  |TAMS 0x000000008a000000| PB 0x000000008a000000| Untracked |  0
| 161|0x000000008a100000, 0x000000008a100000, 0x000000008a200000|  0%| F|  |TAMS 0x000000008a100000| PB 0x000000008a100000| Untracked |  0
| 162|0x000000008a200000, 0x000000008a200000, 0x000000008a300000|  0%| F|  |TAMS 0x000000008a200000| PB 0x000000008a200000| Untracked |  0
| 163|0x000000008a300000, 0x000000008a300000, 0x000000008a400000|  0%| F|  |TAMS 0x000000008a300000| PB 0x000000008a300000| Untracked |  0
| 164|0x000000008a400000, 0x000000008a400000, 0x000000008a500000|  0%| F|  |TAMS 0x000000008a400000| PB 0x000000008a400000| Untracked |  0
| 165|0x000000008a500000, 0x000000008a500000, 0x000000008a600000|  0%| F|  |TAMS 0x000000008a500000| PB 0x000000008a500000| Untracked |  0
| 166|0x000000008a600000, 0x000000008a600000, 0x000000008a700000|  0%| F|  |TAMS 0x000000008a600000| PB 0x000000008a600000| Untracked |  0
| 167|0x000000008a700000, 0x000000008a700000, 0x000000008a800000|  0%| F|  |TAMS 0x000000008a700000| PB 0x000000008a700000| Untracked |  0
| 168|0x000000008a800000, 0x000000008a800000, 0x000000008a900000|  0%| F|  |TAMS 0x000000008a800000| PB 0x000000008a800000| Untracked |  0
| 169|0x000000008a900000, 0x000000008a900000, 0x000000008aa00000|  0%| F|  |TAMS 0x000000008a900000| PB 0x000000008a900000| Untracked |  0
| 170|0x000000008aa00000, 0x000000008aa00000, 0x000000008ab00000|  0%| F|  |TAMS 0x000000008aa00000| PB 0x000000008aa00000| Untracked |  0
| 171|0x000000008ab00000, 0x000000008ab00000, 0x000000008ac00000|  0%| F|  |TAMS 0x000000008ab00000| PB 0x000000008ab00000| Untracked |  0
| 172|0x000000008ac00000, 0x000000008ac00000, 0x000000008ad00000|  0%| F|  |TAMS 0x000000008ac00000| PB 0x000000008ac00000| Untracked |  0
| 173|0x000000008ad00000, 0x000000008ad00000, 0x000000008ae00000|  0%| F|  |TAMS 0x000000008ad00000| PB 0x000000008ad00000| Untracked |  0
| 174|0x000000008ae00000, 0x000000008ae00000, 0x000000008af00000|  0%| F|  |TAMS 0x000000008ae00000| PB 0x000000008ae00000| Untracked |  0
| 175|0x000000008af00000, 0x000000008af00000, 0x000000008b000000|  0%| F|  |TAMS 0x000000008af00000| PB 0x000000008af00000| Untracked |  0
| 176|0x000000008b000000, 0x000000008b000000, 0x000000008b100000|  0%| F|  |TAMS 0x000000008b000000| PB 0x000000008b000000| Untracked |  0
| 177|0x000000008b100000, 0x000000008b100000, 0x000000008b200000|  0%| F|  |TAMS 0x000000008b100000| PB 0x000000008b100000| Untracked |  0
| 178|0x000000008b200000, 0x000000008b200000, 0x000000008b300000|  0%| F|  |TAMS 0x000000008b200000| PB 0x000000008b200000| Untracked |  0
| 179|0x000000008b300000, 0x000000008b300000, 0x000000008b400000|  0%| F|  |TAMS 0x000000008b300000| PB 0x000000008b300000| Untracked |  0
| 180|0x000000008b400000, 0x000000008b400000, 0x000000008b500000|  0%| F|  |TAMS 0x000000008b400000| PB 0x000000008b400000| Untracked |  0
| 181|0x000000008b500000, 0x000000008b500000, 0x000000008b600000|  0%| F|  |TAMS 0x000000008b500000| PB 0x000000008b500000| Untracked |  0
| 182|0x000000008b600000, 0x000000008b600000, 0x000000008b700000|  0%| F|  |TAMS 0x000000008b600000| PB 0x000000008b600000| Untracked |  0
| 183|0x000000008b700000, 0x000000008b700000, 0x000000008b800000|  0%| F|  |TAMS 0x000000008b700000| PB 0x000000008b700000| Untracked |  0
| 184|0x000000008b800000, 0x000000008b800000, 0x000000008b900000|  0%| F|  |TAMS 0x000000008b800000| PB 0x000000008b800000| Untracked |  0
| 185|0x000000008b900000, 0x000000008b900000, 0x000000008ba00000|  0%| F|  |TAMS 0x000000008b900000| PB 0x000000008b900000| Untracked |  0
| 186|0x000000008ba00000, 0x000000008ba00000, 0x000000008bb00000|  0%| F|  |TAMS 0x000000008ba00000| PB 0x000000008ba00000| Untracked |  0
| 187|0x000000008bb00000, 0x000000008bb00000, 0x000000008bc00000|  0%| F|  |TAMS 0x000000008bb00000| PB 0x000000008bb00000| Untracked |  0
| 188|0x000000008bc00000, 0x000000008bc00000, 0x000000008bd00000|  0%| F|  |TAMS 0x000000008bc00000| PB 0x000000008bc00000| Untracked |  0
| 189|0x000000008bd00000, 0x000000008bd00000, 0x000000008be00000|  0%| F|  |TAMS 0x000000008bd00000| PB 0x000000008bd00000| Untracked |  0
| 190|0x000000008be00000, 0x000000008be00000, 0x000000008bf00000|  0%| F|  |TAMS 0x000000008be00000| PB 0x000000008be00000| Untracked |  0
| 191|0x000000008bf00000, 0x000000008bf00000, 0x000000008c000000|  0%| F|  |TAMS 0x000000008bf00000| PB 0x000000008bf00000| Untracked |  0
| 192|0x000000008c000000, 0x000000008c000000, 0x000000008c100000|  0%| F|  |TAMS 0x000000008c000000| PB 0x000000008c000000| Untracked |  0
| 193|0x000000008c100000, 0x000000008c100000, 0x000000008c200000|  0%| F|  |TAMS 0x000000008c100000| PB 0x000000008c100000| Untracked |  0
| 194|0x000000008c200000, 0x000000008c200000, 0x000000008c300000|  0%| F|  |TAMS 0x000000008c200000| PB 0x000000008c200000| Untracked |  0
| 195|0x000000008c300000, 0x000000008c300000, 0x000000008c400000|  0%| F|  |TAMS 0x000000008c300000| PB 0x000000008c300000| Untracked |  0
| 196|0x000000008c400000, 0x000000008c400000, 0x000000008c500000|  0%| F|  |TAMS 0x000000008c400000| PB 0x000000008c400000| Untracked |  0
| 197|0x000000008c500000, 0x000000008c500000, 0x000000008c600000|  0%| F|  |TAMS 0x000000008c500000| PB 0x000000008c500000| Untracked |  0
| 198|0x000000008c600000, 0x000000008c600000, 0x000000008c700000|  0%| F|  |TAMS 0x000000008c600000| PB 0x000000008c600000| Untracked |  0
| 199|0x000000008c700000, 0x000000008c700000, 0x000000008c800000|  0%| F|  |TAMS 0x000000008c700000| PB 0x000000008c700000| Untracked |  0
| 200|0x000000008c800000, 0x000000008c800000, 0x000000008c900000|  0%| F|  |TAMS 0x000000008c800000| PB 0x000000008c800000| Untracked |  0
| 201|0x000000008c900000, 0x000000008c900000, 0x000000008ca00000|  0%| F|  |TAMS 0x000000008c900000| PB 0x000000008c900000| Untracked |  0
| 202|0x000000008ca00000, 0x000000008ca00000, 0x000000008cb00000|  0%| F|  |TAMS 0x000000008ca00000| PB 0x000000008ca00000| Untracked |  0
| 203|0x000000008cb00000, 0x000000008cb00000, 0x000000008cc00000|  0%| F|  |TAMS 0x000000008cb00000| PB 0x000000008cb00000| Untracked |  0
| 204|0x000000008cc00000, 0x000000008cc00000, 0x000000008cd00000|  0%| F|  |TAMS 0x000000008cc00000| PB 0x000000008cc00000| Untracked |  0
| 205|0x000000008cd00000, 0x000000008cd00000, 0x000000008ce00000|  0%| F|  |TAMS 0x000000008cd00000| PB 0x000000008cd00000| Untracked |  0
| 206|0x000000008ce00000, 0x000000008ce00000, 0x000000008cf00000|  0%| F|  |TAMS 0x000000008ce00000| PB 0x000000008ce00000| Untracked |  0
| 207|0x000000008cf00000, 0x000000008cf00000, 0x000000008d000000|  0%| F|  |TAMS 0x000000008cf00000| PB 0x000000008cf00000| Untracked |  0
| 208|0x000000008d000000, 0x000000008d000000, 0x000000008d100000|  0%| F|  |TAMS 0x000000008d000000| PB 0x000000008d000000| Untracked |  0
| 209|0x000000008d100000, 0x000000008d100000, 0x000000008d200000|  0%| F|  |TAMS 0x000000008d100000| PB 0x000000008d100000| Untracked |  0
| 210|0x000000008d200000, 0x000000008d200000, 0x000000008d300000|  0%| F|  |TAMS 0x000000008d200000| PB 0x000000008d200000| Untracked |  0
| 211|0x000000008d300000, 0x000000008d300000, 0x000000008d400000|  0%| F|  |TAMS 0x000000008d300000| PB 0x000000008d300000| Untracked |  0
| 212|0x000000008d400000, 0x000000008d400000, 0x000000008d500000|  0%| F|  |TAMS 0x000000008d400000| PB 0x000000008d400000| Untracked |  0
| 213|0x000000008d500000, 0x000000008d500000, 0x000000008d600000|  0%| F|  |TAMS 0x000000008d500000| PB 0x000000008d500000| Untracked |  0
| 214|0x000000008d600000, 0x000000008d600000, 0x000000008d700000|  0%| F|  |TAMS 0x000000008d600000| PB 0x000000008d600000| Untracked |  0
| 215|0x000000008d700000, 0x000000008d700000, 0x000000008d800000|  0%| F|  |TAMS 0x000000008d700000| PB 0x000000008d700000| Untracked |  0
| 216|0x000000008d800000, 0x000000008d800000, 0x000000008d900000|  0%| F|  |TAMS 0x000000008d800000| PB 0x000000008d800000| Untracked |  0
| 217|0x000000008d900000, 0x000000008d900000, 0x000000008da00000|  0%| F|  |TAMS 0x000000008d900000| PB 0x000000008d900000| Untracked |  0
| 218|0x000000008da00000, 0x000000008da00000, 0x000000008db00000|  0%| F|  |TAMS 0x000000008da00000| PB 0x000000008da00000| Untracked |  0
| 219|0x000000008db00000, 0x000000008db00000, 0x000000008dc00000|  0%| F|  |TAMS 0x000000008db00000| PB 0x000000008db00000| Untracked |  0
| 220|0x000000008dc00000, 0x000000008dc00000, 0x000000008dd00000|  0%| F|  |TAMS 0x000000008dc00000| PB 0x000000008dc00000| Untracked |  0
| 221|0x000000008dd00000, 0x000000008de00000, 0x000000008de00000|100%| E|  |TAMS 0x000000008dd00000| PB 0x000000008dd00000| Complete |  0
|2046|0x00000000ffe00000, 0x00000000fff00000, 0x00000000fff00000|100%| O|  |TAMS 0x00000000ffe00000| PB 0x00000000ffe00000| Untracked |  0
|2047|0x00000000fff00000, 0x00000000fff257b8, 0x0000000100000000| 14%| O|  |TAMS 0x00000000fff00000| PB 0x00000000fff00000| Untracked |  0

Card table byte_map: [0x000001d398860000,0x000001d398c60000] _byte_map_base: 0x000001d398460000

Marking Bits: (CMBitMap*) 0x000001d3ffe1bba0
 Bits: [0x000001d398c60000, 0x000001d39ac60000)

Polling page: 0x000001d3fe430000

Metaspace:
Metaspace        used 13082K, committed 13440K, reserved 1114112K
 class space     used 1813K, committed 1984K, reserved 1048576K

Usage:
  Non-class:     11.01 MB used.
      Class:      1.77 MB used.
       Both:     12.78 MB used.

Virtual space:
  Non-class space:       64.00 MB reserved,      11.25 MB ( 18%) committed,  1 nodes.
      Class space:        1.00 GB reserved,       1.94 MB ( <1%) committed,  1 nodes.
             Both:        1.06 GB reserved,      13.19 MB (  1%) committed. 

Chunk freelists:
   Non-Class:  4.42 MB
       Class:  14.07 MB
        Both:  18.49 MB

MaxMetaspaceSize: unlimited
CompressedClassSpaceSize: 1.00 GB
Initial GC threshold: 21.00 MB
Current GC threshold: 21.00 MB
CDS: on
 - commit_granule_bytes: 65536.
 - commit_granule_words: 8192.
 - virtual_space_node_default_size: 8388608.
 - enlarge_chunks_in_place: 1.
UseCompressedClassPointers 1, UseCompactObjectHeaders 0
Narrow klass pointer bits 32, Max shift 3
Narrow klass base: 0x0000000036000000, Narrow klass shift: 0
Encoding Range: [0x0000000036000000 - 0x0000000136000000), (4294967296 bytes)
Klass Range:    [0x0000000036010000 - 0x0000000077000000), (1090453504 bytes)
Klass ID Range:  [65536 - 1090519033) (1090453497)
Protection zone: [0x0000000036000000 - 0x0000000036010000), (65536 bytes)


Internal statistics:

num_allocs_failed_limit: 0.
num_arena_births: 396.
num_arena_deaths: 0.
num_vsnodes_births: 2.
num_vsnodes_deaths: 0.
num_space_committed: 211.
num_space_uncommitted: 0.
num_chunks_returned_to_freelist: 0.
num_chunks_taken_from_freelist: 813.
num_chunk_merges: 0.
num_chunk_splits: 530.
num_chunks_enlarged: 371.
num_inconsistent_stats: 0.

CodeHeap 'non-profiled nmethods': size=120064Kb used=994Kb max_used=994Kb free=119069Kb
 bounds [0x000001d390290000, 0x000001d390500000, 0x000001d3977d0000]
CodeHeap 'profiled nmethods': size=120000Kb used=4406Kb max_used=4406Kb free=115593Kb
 bounds [0x000001d3887d0000, 0x000001d388c20000, 0x000001d38fd00000]
CodeHeap 'non-nmethods': size=5696Kb used=1454Kb max_used=1455Kb free=4241Kb
 bounds [0x000001d38fd00000, 0x000001d38ff70000, 0x000001d390290000]
CodeCache: size=245760Kb, used=6854Kb, max_used=6855Kb, free=238903Kb
 total_blobs=3420, nmethods=2838, adapters=484, full_count=0
Compilation: enabled, stopped_count=0, restarted_count=0

Compilation events (20 events):
Event: 10.928 Thread 0x000001d39d9240f0 nmethod 2803 0x000001d388c13b88 code [0x000001d388c13c80, 0x000001d388c13db8]
Event: 10.936 Thread 0x000001d39d9240f0 2804       3       java.util.concurrent.ConcurrentHashMap::get (162 bytes)
Event: 10.936 Thread 0x000001d39d9240f0 nmethod 2804 0x000001d388c13e88 code [0x000001d388c13f80, 0x000001d388c14968]
Event: 10.941 Thread 0x000001d39d9190b0 2805       4       java.util.jar.JarFile::maybeInstantiateVerifier (42 bytes)
Event: 10.942 Thread 0x000001d39d9190b0 nmethod 2805 0x000001d390386688 code [0x000001d390386780, 0x000001d390386860]
Event: 10.976 Thread 0x000001d39d9240f0 2806       3       java.lang.invoke.MethodHandles$Lookup::findBoundCallerLookup (30 bytes)
Event: 10.976 Thread 0x000001d39d9240f0 nmethod 2806 0x000001d388c14988 code [0x000001d388c14a80, 0x000001d388c15228]
Event: 10.976 Thread 0x000001d39d9240f0 2807       3       java.lang.invoke.MethodHandles$Lookup::getDirectMethod (14 bytes)
Event: 10.976 Thread 0x000001d39d9240f0 nmethod 2807 0x000001d388c15288 code [0x000001d388c15380, 0x000001d388c154b8]
Event: 10.976 Thread 0x000001d39d9240f0 2808       3       java.lang.invoke.MethodHandles$Lookup::maybeBindCaller (72 bytes)
Event: 10.977 Thread 0x000001d39d9240f0 nmethod 2808 0x000001d388c15588 code [0x000001d388c15680, 0x000001d388c15f38]
Event: 10.982 Thread 0x000001d39d9240f0 2809       3       java.util.concurrent.locks.ReentrantLock$Sync::tryRelease (51 bytes)
Event: 10.982 Thread 0x000001d39d9240f0 nmethod 2809 0x000001d388c15f88 code [0x000001d388c16080, 0x000001d388c16588]
Event: 10.983 Thread 0x000001d39d9240f0 2810       1       java.lang.invoke.DirectMethodHandle::isCrackable (5 bytes)
Event: 10.983 Thread 0x000001d39d9240f0 nmethod 2810 0x000001d390386988 code [0x000001d390386a80, 0x000001d390386b48]
Event: 10.984 Thread 0x000001d39d9190b0 2812   !   4       java.util.concurrent.ConcurrentHashMap::putVal (432 bytes)
Event: 10.994 Thread 0x000001d39d9240f0 2814       3       jdk.internal.classfile.impl.DirectCodeBuilder::parameterSlot (11 bytes)
Event: 10.994 Thread 0x000001d39d9240f0 nmethod 2814 0x000001d388c16608 code [0x000001d388c16700, 0x000001d388c16890]
Event: 10.994 Thread 0x000001d39d9240f0 2815       3       jdk.internal.classfile.impl.DirectMethodBuilder::parameterSlot (49 bytes)
Event: 10.995 Thread 0x000001d39d9240f0 nmethod 2815 0x000001d388c16908 code [0x000001d388c16a00, 0x000001d388c170a8]

GC Heap Usage History (2 events):
Event: 2.368 {heap Before GC invocations=0 (full 0):
 garbage-first heap   total reserved 2097152K, committed 229376K, used 52373K [0x0000000080000000, 0x0000000100000000)
  region size 1024K, 47 young (48128K), 0 survivors (0K)
}
Event: 2.382 {heap After GC invocations=1 (full 0):
 garbage-first heap   total reserved 2097152K, committed 229376K, used 11282K [0x0000000080000000, 0x0000000100000000)
  region size 1024K, 6 young (6144K), 6 survivors (6144K)
}

Metaspace Usage History (2 events):
Event: 2.368 {metaspace Before GC invocations=0 (full 0):
 Metaspace       used 4487K, committed 4672K, reserved 1114112K
  class space    used 586K, committed 704K, reserved 1048576K
}
Event: 2.382 {metaspace After GC invocations=1 (full 0):
 Metaspace       used 4487K, committed 4672K, reserved 1114112K
  class space    used 586K, committed 704K, reserved 1048576K
}

Dll operation events (14 events):
Event: 0.031 Loaded shared library C:\Program Files\Java\jdk-25.0.2\bin\java.dll
Event: 0.138 Loaded shared library C:\Program Files\Java\jdk-25.0.2\bin\zip.dll
Event: 0.149 Loaded shared library C:\Program Files\Java\jdk-25.0.2\bin\instrument.dll
Event: 0.158 Loaded shared library C:\Program Files\Java\jdk-25.0.2\bin\net.dll
Event: 0.163 Loaded shared library C:\Program Files\Java\jdk-25.0.2\bin\nio.dll
Event: 0.168 Loaded shared library C:\Program Files\Java\jdk-25.0.2\bin\zip.dll
Event: 0.754 Loaded shared library C:\Program Files\Java\jdk-25.0.2\bin\jimage.dll
Event: 1.282 Loaded shared library C:\Program Files\Java\jdk-25.0.2\bin\verify.dll
Event: 1.385 Loaded shared library C:\Users\bac\.gradle\native\1def1411415f61bf3af743bc5b6707747c0891f09f0c88961ee8f79bc544acac\windows-amd64\native-platform.dll
Event: 1.401 Loaded shared library C:\Users\bac\.gradle\native\0.2.8\x86_64-windows-gnu\gradle-fileevents.dll
Event: 5.508 Loaded shared library C:\Program Files\Java\jdk-25.0.2\bin\management.dll
Event: 5.515 Loaded shared library C:\Program Files\Java\jdk-25.0.2\bin\management_ext.dll
Event: 6.420 Loaded shared library C:\Program Files\Java\jdk-25.0.2\bin\extnet.dll
Event: 8.631 Loaded shared library C:\Program Files\Java\jdk-25.0.2\bin\sunmscapi.dll

Deoptimization events (20 events):
Event: 10.208 Thread 0x000001d3a2029220 Uncommon trap: trap_request=0xffffffc6 fr.pc=0x000001d390312ddc relative=0x000000000000045c
Event: 10.208 Thread 0x000001d3a2029220 Uncommon trap: reason=bimorphic_or_optimized_type_check action=maybe_recompile pc=0x000001d390312ddc method=java.util.HashMap.putVal(ILjava/lang/Object;Ljava/lang/Object;ZZ)Ljava/lang/Object; @ 253 c2
Event: 10.208 Thread 0x000001d3a2029220 DEOPT PACKING pc=0x000001d390312ddc sp=0x0000000818cff000
Event: 10.208 Thread 0x000001d3a2029220 DEOPT UNPACKING pc=0x000001d38fe1e982 sp=0x0000000818cfef70 mode 2
Event: 10.209 Thread 0x000001d3a2029220 Uncommon trap: trap_request=0xffffffc6 fr.pc=0x000001d390312ddc relative=0x000000000000045c
Event: 10.209 Thread 0x000001d3a2029220 Uncommon trap: reason=bimorphic_or_optimized_type_check action=maybe_recompile pc=0x000001d390312ddc method=java.util.HashMap.putVal(ILjava/lang/Object;Ljava/lang/Object;ZZ)Ljava/lang/Object; @ 253 c2
Event: 10.209 Thread 0x000001d3a2029220 DEOPT PACKING pc=0x000001d390312ddc sp=0x0000000818cff0f0
Event: 10.209 Thread 0x000001d3a2029220 DEOPT UNPACKING pc=0x000001d38fe1e982 sp=0x0000000818cff060 mode 2
Event: 10.231 Thread 0x000001d3a2029220 Uncommon trap: trap_request=0xffffff66 fr.pc=0x000001d390377c40 relative=0x0000000000000240
Event: 10.231 Thread 0x000001d3a2029220 Uncommon trap: reason=loop_limit_check action=maybe_recompile pc=0x000001d390377c40 method=java.math.BigInteger.implMulAdd([I[IIII)I @ 26 c2
Event: 10.231 Thread 0x000001d3a2029220 DEOPT PACKING pc=0x000001d390377c40 sp=0x0000000818cfdbd0
Event: 10.231 Thread 0x000001d3a2029220 DEOPT UNPACKING pc=0x000001d38fe1e982 sp=0x0000000818cfdb20 mode 2
Event: 10.893 Thread 0x000001d3a2029220 Uncommon trap: trap_request=0xffffff45 fr.pc=0x000001d390360294 relative=0x0000000000000494
Event: 10.893 Thread 0x000001d3a2029220 Uncommon trap: reason=unstable_if action=reinterpret pc=0x000001d390360294 method=java.util.HashMap.getNode(Ljava/lang/Object;)Ljava/util/HashMap$Node; @ 66 c2
Event: 10.893 Thread 0x000001d3a2029220 DEOPT PACKING pc=0x000001d390360294 sp=0x0000000818cfc880
Event: 10.893 Thread 0x000001d3a2029220 DEOPT UNPACKING pc=0x000001d38fe1e982 sp=0x0000000818cfc7a0 mode 2
Event: 10.915 Thread 0x000001d3a2029220 Uncommon trap: trap_request=0xffffff45 fr.pc=0x000001d39030a050 relative=0x0000000000000250
Event: 10.915 Thread 0x000001d3a2029220 Uncommon trap: reason=unstable_if action=reinterpret pc=0x000001d39030a050 method=java.util.concurrent.ConcurrentHashMap.get(Ljava/lang/Object;)Ljava/lang/Object; @ 76 c2
Event: 10.915 Thread 0x000001d3a2029220 DEOPT PACKING pc=0x000001d39030a050 sp=0x0000000818cfbec0
Event: 10.915 Thread 0x000001d3a2029220 DEOPT UNPACKING pc=0x000001d38fe1e982 sp=0x0000000818cfbe38 mode 2

Classes loaded (20 events):
Event: 10.891 Loading class java/beans/Introspector$1
Event: 10.891 Loading class jdk/internal/access/JavaBeansAccess
Event: 10.891 Loading class jdk/internal/access/JavaBeansAccess done
Event: 10.891 Loading class java/beans/Introspector$1 done
Event: 10.893 Loading class java/lang/CloneNotSupportedException
Event: 10.893 Loading class java/lang/CloneNotSupportedException done
Event: 10.894 Loading class java/util/TreeMap$Values
Event: 10.895 Loading class java/util/TreeMap$Values done
Event: 10.895 Loading class java/util/TreeMap$ValueIterator
Event: 10.895 Loading class java/util/TreeMap$ValueIterator done
Event: 10.905 Loading class sun/reflect/generics/tree/BottomSignature
Event: 10.905 Loading class sun/reflect/generics/tree/BottomSignature done
Event: 10.905 Loading class sun/reflect/generics/tree/Wildcard
Event: 10.905 Loading class sun/reflect/generics/tree/Wildcard done
Event: 10.906 Loading class sun/reflect/generics/reflectiveObjects/WildcardTypeImpl
Event: 10.906 Loading class sun/reflect/generics/reflectiveObjects/WildcardTypeImpl done
Event: 10.915 Loading class jdk/internal/vm/annotation/IntrinsicCandidate
Event: 10.915 Loading class jdk/internal/vm/annotation/IntrinsicCandidate done
Event: 10.950 Loading class java/lang/TypeNotPresentException
Event: 10.950 Loading class java/lang/TypeNotPresentException done

Classes unloaded (0 events):
No events

Classes redefined (0 events):
No events

Internal exceptions (20 events):
Event: 5.738 Thread 0x000001d3fe2a8480 Exception <a 'java/lang/NoSuchMethodError'{0x0000000089b4ccb0}: 'java.lang.Object java.lang.invoke.DirectMethodHandle$Holder.invokeStatic(java.lang.Object, java.lang.Object, java.lang.Object, java.lang.Object, java.lang.Object, java.lang.Object, java.lang.Object, java.lang.Object, java.lang.Object, java.lang.Object, java.lang.Object, java.lang.Object, java.lang.Object)'> (0x0000000089b4ccb0) 
thrown [s\open\src\hotspot\share\interpreter\linkResolver.cpp, line 804]
Event: 5.741 Thread 0x000001d3fe2a8480 Exception <a 'java/lang/NoSuchMethodError'{0x0000000089b77720}: 'java.lang.Object java.lang.invoke.DirectMethodHandle$Holder.invokeStatic(java.lang.Object, java.lang.Object, java.lang.Object, java.lang.Object, java.lang.Object, java.lang.Object, java.lang.Object, java.lang.Object, java.lang.Object, java.lang.Object, java.lang.Object, java.lang.Object, java.lang.Object, java.lang.Object)'> (0x0000000089b77720) 
thrown [s\open\src\hotspot\share\interpreter\linkResolver.cpp, line 804]
Event: 5.747 Thread 0x000001d3fe2a8480 Exception <a 'java/lang/NoSuchMethodError'{0x0000000089ba35f0}: 'java.lang.Object java.lang.invoke.DirectMethodHandle$Holder.invokeStatic(java.lang.Object, java.lang.Object, java.lang.Object, java.lang.Object, java.lang.Object, java.lang.Object, java.lang.Object, java.lang.Object, java.lang.Object, java.lang.Object, java.lang.Object, java.lang.Object, java.lang.Object, java.lang.Object, java.lang.Object)'> (0x0000000089ba35f0) 
thrown [s\open\src\hotspot\share\interpreter\linkResolver.cpp, line 804]
Event: 5.751 Thread 0x000001d3fe2a8480 Exception <a 'java/lang/NoSuchMethodError'{0x0000000089bd22c0}: 'java.lang.Object java.lang.invoke.DirectMethodHandle$Holder.invokeStatic(java.lang.Object, java.lang.Object, java.lang.Object, java.lang.Object, java.lang.Object, java.lang.Object, java.lang.Object, java.lang.Object, java.lang.Object, java.lang.Object, java.lang.Object, java.lang.Object, java.lang.Object, java.lang.Object, java.lang.Object, java.lang.Object)'> (0x0000000089bd22c0) 
thrown [s\open\src\hotspot\share\interpreter\linkResolver.cpp
Event: 6.485 Thread 0x000001d3fe2a8480 Exception <a 'java/lang/NoSuchMethodError'{0x00000000898f6650}: 'java.lang.Object java.lang.invoke.DirectMethodHandle$Holder.invokeVirtual(java.lang.Object, java.lang.Object, java.lang.Object, java.lang.Object, java.lang.Object, java.lang.Object, java.lang.Object)'> (0x00000000898f6650) 
thrown [s\open\src\hotspot\share\interpreter\linkResolver.cpp, line 804]
Event: 6.532 Thread 0x000001d3fe2a8480 Exception <a 'java/lang/NoSuchMethodError'{0x00000000897c0988}: 'java.lang.Object java.lang.invoke.DirectMethodHandle$Holder.invokeVirtual(java.lang.Object, java.lang.Object, java.lang.Object, java.lang.Object, java.lang.Object, java.lang.Object, java.lang.Object, java.lang.Object, java.lang.Object)'> (0x00000000897c0988) 
thrown [s\open\src\hotspot\share\interpreter\linkResolver.cpp, line 804]
Event: 6.747 Thread 0x000001d3fe2a8480 Exception <a 'java/lang/NoSuchMethodError'{0x000000008957bd98}: 'java.lang.Object java.lang.invoke.DirectMethodHandle$Holder.invokeStaticInit(java.lang.Object, int, int, int, int)'> (0x000000008957bd98) 
thrown [s\open\src\hotspot\share\interpreter\linkResolver.cpp, line 804]
Event: 7.075 Thread 0x000001d3fe2a8480 Exception <a 'java/lang/NoSuchMethodError'{0x0000000089438b80}: 'java.lang.Object java.lang.invoke.DirectMethodHandle$Holder.invokeStaticInit(java.lang.Object, java.lang.Object, int, int, int, int)'> (0x0000000089438b80) 
thrown [s\open\src\hotspot\share\interpreter\linkResolver.cpp, line 804]
Event: 7.262 Thread 0x000001d3fe2a8480 Exception <a 'java/lang/NoSuchMethodError'{0x0000000089228138}: 'java.lang.Object java.lang.invoke.DirectMethodHandle$Holder.newInvokeSpecial(java.lang.Object, java.lang.Object, java.lang.Object, int)'> (0x0000000089228138) 
thrown [s\open\src\hotspot\share\interpreter\linkResolver.cpp, line 804]
Event: 7.263 Thread 0x000001d3fe2a8480 Exception <a 'java/lang/NoSuchMethodError'{0x0000000089230d70}: 'java.lang.Object java.lang.invoke.Invokers$Holder.linkToTargetMethod(java.lang.Object, java.lang.Object, int, java.lang.Object)'> (0x0000000089230d70) 
thrown [s\open\src\hotspot\share\interpreter\linkResolver.cpp, line 804]
Event: 7.288 Thread 0x000001d3fe2a8480 Exception <a 'java/lang/NoSuchMethodError'{0x000000008925ac48}: 'long java.lang.invoke.DirectMethodHandle$Holder.invokeSpecial(java.lang.Object, java.lang.Object)'> (0x000000008925ac48) 
thrown [s\open\src\hotspot\share\interpreter\linkResolver.cpp, line 804]
Event: 7.377 Thread 0x000001d3fe2a8480 Exception <a 'java/lang/NoSuchMethodError'{0x0000000089151868}: 'int java.lang.invoke.DirectMethodHandle$Holder.invokeStatic(java.lang.Object, int, java.lang.Object)'> (0x0000000089151868) 
thrown [s\open\src\hotspot\share\interpreter\linkResolver.cpp, line 804]
Event: 7.424 Thread 0x000001d3fe2a8480 Exception <a 'java/io/IOException'{0x0000000089192778}> (0x0000000089192778) 
thrown [s\open\src\hotspot\share\prims\jni.cpp, line 516]
Event: 7.435 Thread 0x000001d3fe2a8480 Implicit null exception at 0x000001d3902e98b8 to 0x000001d3902e9f74
Event: 7.492 Thread 0x000001d3fe2a8480 Exception <a 'java/lang/NoSuchMethodError'{0x000000008901a858}: 'java.lang.Object java.lang.invoke.DirectMethodHandle$Holder.newInvokeSpecial(java.lang.Object, java.lang.Object, java.lang.Object, java.lang.Object, java.lang.Object)'> (0x000000008901a858) 
thrown [s\open\src\hotspot\share\interpreter\linkResolver.cpp, line 804]
Event: 10.400 Thread 0x000001d3a2029220 Exception <a 'java/lang/NoSuchMethodError'{0x0000000088400ad0}: 'long java.lang.invoke.DirectMethodHandle$Holder.invokeInterface(java.lang.Object, java.lang.Object)'> (0x0000000088400ad0) 
thrown [s\open\src\hotspot\share\interpreter\linkResolver.cpp, line 804]
Event: 10.726 Thread 0x000001d3a2029220 Exception <a 'java/lang/NoSuchMethodError'{0x00000000881b7f00}: 'void java.lang.invoke.DirectMethodHandle$Holder.invokeStatic(java.lang.Object, java.lang.Object)'> (0x00000000881b7f00) 
thrown [s\open\src\hotspot\share\interpreter\linkResolver.cpp, line 804]
Event: 10.763 Thread 0x000001d3a2029220 Exception <a 'java/lang/NoSuchMethodError'{0x0000000088009bb8}: 'java.lang.Object java.lang.invoke.DirectMethodHandle$Holder.invokeVirtual(java.lang.Object, java.lang.Object, java.lang.Object, java.lang.Object, java.lang.Object, java.lang.Object, java.lang.Object, java.lang.Object, java.lang.Object, java.lang.Object, java.lang.Object, java.lang.Object)'> (0x0000000088009bb8) 
thrown [s\open\src\hotspot\share\interpreter\linkResolver.cpp, line 804]
Event: 10.921 Thread 0x000001d3a2029220 Exception <a 'java/lang/NoSuchMethodError'{0x0000000087e319e8}: 'int java.lang.invoke.DirectMethodHandle$Holder.invokeVirtual(java.lang.Object, java.lang.Object, java.lang.Object)'> (0x0000000087e319e8) 
thrown [s\open\src\hotspot\share\interpreter\linkResolver.cpp, line 804]
Event: 10.995 Thread 0x000001d3a2029220 Exception <a 'java/lang/NoSuchMethodError'{0x0000000087cb6620}: 'java.lang.Object java.lang.invoke.DirectMethodHandle$Holder.newInvokeSpecial(java.lang.Object, java.lang.Object, java.lang.Object, java.lang.Object, java.lang.Object, java.lang.Object)'> (0x0000000087cb6620) 
thrown [s\open\src\hotspot\share\interpreter\linkResolver.cpp, line 804]

VM Operations (20 events):
Event: 1.500 Executing non-safepoint VM operation: HandshakeAllThreads (Deoptimize)
Event: 1.500 Executing non-safepoint VM operation: HandshakeAllThreads (Deoptimize) done
Event: 2.368 Executing safepoint VM operation: G1CollectForAllocation (G1 Evacuation Pause)
Event: 2.382 Executing safepoint VM operation: G1CollectForAllocation (G1 Evacuation Pause) done
Event: 5.066 Executing non-safepoint VM operation: HandshakeAllThreads (Deoptimize)
Event: 5.066 Executing non-safepoint VM operation: HandshakeAllThreads (Deoptimize) done
Event: 5.175 Executing non-safepoint VM operation: HandshakeAllThreads (Deoptimize)
Event: 5.175 Executing non-safepoint VM operation: HandshakeAllThreads (Deoptimize) done
Event: 5.648 Executing non-safepoint VM operation: HandshakeAllThreads (Deoptimize)
Event: 5.648 Executing non-safepoint VM operation: HandshakeAllThreads (Deoptimize) done
Event: 5.931 Executing non-safepoint VM operation: HandshakeAllThreads (Deoptimize)
Event: 5.931 Executing non-safepoint VM operation: HandshakeAllThreads (Deoptimize) done
Event: 6.473 Executing non-safepoint VM operation: HandshakeAllThreads (Deoptimize)
Event: 6.473 Executing non-safepoint VM operation: HandshakeAllThreads (Deoptimize) done
Event: 6.623 Executing non-safepoint VM operation: HandshakeAllThreads (Deoptimize)
Event: 6.623 Executing non-safepoint VM operation: HandshakeAllThreads (Deoptimize) done
Event: 6.946 Executing non-safepoint VM operation: HandshakeAllThreads (Deoptimize)
Event: 6.946 Executing non-safepoint VM operation: HandshakeAllThreads (Deoptimize) done
Event: 8.287 Executing non-safepoint VM operation: HandshakeAllThreads (Deoptimize)
Event: 8.287 Executing non-safepoint VM operation: HandshakeAllThreads (Deoptimize) done

Memory protections (0 events):
No events

Nmethod flushes (0 events):
No events

Events (20 events):
Event: 0.074 Thread 0x000001d3fe2a8480 Thread added: 0x000001d39d90ee70
Event: 0.074 Thread 0x000001d3fe2a8480 Thread added: 0x000001d39d910020
Event: 0.074 Thread 0x000001d3fe2a8480 Thread added: 0x000001d39d912f00
Event: 0.074 Thread 0x000001d3fe2a8480 Thread added: 0x000001d39d916f10
Event: 0.075 Thread 0x000001d3fe2a8480 Thread added: 0x000001d39d9190b0
Event: 0.075 Thread 0x000001d3fe2a8480 Thread added: 0x000001d39d9240f0
Event: 0.122 Thread 0x000001d39d9240f0 Thread added: 0x000001d39da0d9d0
Event: 0.151 Thread 0x000001d3fe2a8480 Thread added: 0x000001d39dba2bd0
Event: 0.200 Thread 0x000001d3fe2a8480 Thread added: 0x000001d39dc15310
Event: 2.103 Thread 0x000001d39da0d9d0 Thread exited: 0x000001d39da0d9d0
Event: 5.655 Thread 0x000001d3fe2a8480 Thread added: 0x000001d3a299dfd0
Event: 7.150 Thread 0x000001d3fe2a8480 Thread added: 0x000001d3a37ecfa0
Event: 7.550 Thread 0x000001d3fe2a8480 Thread added: 0x000001d3a39046b0
Event: 10.071 Thread 0x000001d3a37ecfa0 Thread added: 0x000001d3a21b0d60
Event: 10.080 Thread 0x000001d3a21b0d60 Thread added: 0x000001d3a202b930
Event: 10.170 Thread 0x000001d3a21b0d60 Thread added: 0x000001d3a202a1c0
Event: 10.198 Thread 0x000001d3a21b0d60 Thread added: 0x000001d3a2029220
Event: 10.217 Thread 0x000001d3a2029220 Thread added: 0x000001d3a20299f0
Event: 10.247 Thread 0x000001d3a2029220 Thread added: 0x000001d3a202e040
Event: 10.254 Thread 0x000001d3a2029220 Thread added: 0x000001d3a202a990


Dynamic libraries:
0x00007ff695f90000 - 0x00007ff695fa0000 	C:\Program Files\Java\jdk-25.0.2\bin\java.exe
0x00007ffeca6c0000 - 0x00007ffeca927000 	C:\WINDOWS\SYSTEM32\ntdll.dll
0x00007ffec9870000 - 0x00007ffec9939000 	C:\WINDOWS\System32\KERNEL32.DLL
0x00007ffec7cb0000 - 0x00007ffec80a4000 	C:\WINDOWS\System32\KERNELBASE.dll
0x00007ffec7110000 - 0x00007ffec725b000 	C:\WINDOWS\System32\ucrtbase.dll
0x00007ffea8a40000 - 0x00007ffea8a57000 	C:\Program Files\Java\jdk-25.0.2\bin\jli.dll
0x00007ffea8850000 - 0x00007ffea886e000 	C:\Program Files\Java\jdk-25.0.2\bin\VCRUNTIME140.dll
0x00007ffeca180000 - 0x00007ffeca345000 	C:\WINDOWS\System32\USER32.dll
0x00007ffec8360000 - 0x00007ffec8387000 	C:\WINDOWS\System32\win32u.dll
0x00007ffeb8980000 - 0x00007ffeb8c13000 	C:\WINDOWS\WinSxS\amd64_microsoft.windows.common-controls_6595b64144ccf1df_6.0.26100.8115_none_3e075c82e3354f9c\COMCTL32.dll
0x00007ffec8da0000 - 0x00007ffec8dcb000 	C:\WINDOWS\System32\GDI32.dll
0x00007ffec94b0000 - 0x00007ffec9559000 	C:\WINDOWS\System32\msvcrt.dll
0x00007ffec7310000 - 0x00007ffec743b000 	C:\WINDOWS\System32\gdi32full.dll
0x00007ffec7260000 - 0x00007ffec7303000 	C:\WINDOWS\System32\msvcp_win.dll
0x00007ffec93d0000 - 0x00007ffec9402000 	C:\WINDOWS\System32\IMM32.DLL
0x00007ffea8840000 - 0x00007ffea884c000 	C:\Program Files\Java\jdk-25.0.2\bin\vcruntime140_1.dll
0x00007ffea6190000 - 0x00007ffea621d000 	C:\Program Files\Java\jdk-25.0.2\bin\msvcp140.dll
0x00007ffdcdcc0000 - 0x00007ffdceb1f000 	C:\Program Files\Java\jdk-25.0.2\bin\server\jvm.dll
0x00007ffeca450000 - 0x00007ffeca506000 	C:\WINDOWS\System32\ADVAPI32.dll
0x00007ffec9bf0000 - 0x00007ffec9c97000 	C:\WINDOWS\System32\sechost.dll
0x00007ffeca530000 - 0x00007ffeca648000 	C:\WINDOWS\System32\RPCRT4.dll
0x00007ffec9410000 - 0x00007ffec9490000 	C:\WINDOWS\System32\WS2_32.dll
0x00007ffec6e10000 - 0x00007ffec6e6e000 	C:\WINDOWS\SYSTEM32\POWRPROF.dll
0x00007ffec0200000 - 0x00007ffec0236000 	C:\WINDOWS\SYSTEM32\WINMM.dll
0x00007ffec0240000 - 0x00007ffec024b000 	C:\WINDOWS\SYSTEM32\VERSION.dll
0x00007ffec6df0000 - 0x00007ffec6e04000 	C:\WINDOWS\SYSTEM32\UMPDC.dll
0x00007ffec5d20000 - 0x00007ffec5d3b000 	C:\WINDOWS\SYSTEM32\kernel.appcore.dll
0x00007ffea8830000 - 0x00007ffea883a000 	C:\Program Files\Java\jdk-25.0.2\bin\jimage.dll
0x00007ffebc190000 - 0x00007ffebc3d2000 	C:\WINDOWS\SYSTEM32\DBGHELP.DLL
0x00007ffec9040000 - 0x00007ffec93c2000 	C:\WINDOWS\System32\combase.dll
0x00007ffec9aa0000 - 0x00007ffec9b78000 	C:\WINDOWS\System32\OLEAUT32.dll
0x00007ffeb9b30000 - 0x00007ffeb9b6b000 	C:\WINDOWS\SYSTEM32\dbgcore.DLL
0x00007ffec80b0000 - 0x00007ffec8155000 	C:\WINDOWS\System32\bcryptPrimitives.dll
0x00007ffea8820000 - 0x00007ffea8830000 	C:\Program Files\Java\jdk-25.0.2\bin\instrument.dll
0x00007ffea8800000 - 0x00007ffea881f000 	C:\Program Files\Java\jdk-25.0.2\bin\java.dll
0x00007ffec8dd0000 - 0x00007ffec8f67000 	C:\WINDOWS\System32\ole32.dll
0x00007ffec8630000 - 0x00007ffec8d97000 	C:\WINDOWS\System32\SHELL32.dll
0x00007ffec81f0000 - 0x00007ffec835a000 	C:\WINDOWS\System32\wintypes.dll
0x00007ffec7440000 - 0x00007ffec7ca8000 	C:\WINDOWS\System32\windows.storage.dll
0x00007ffeca350000 - 0x00007ffeca448000 	C:\WINDOWS\System32\SHCORE.dll
0x00007ffec9b80000 - 0x00007ffec9be6000 	C:\WINDOWS\System32\shlwapi.dll
0x00007ffec6eb0000 - 0x00007ffec6ed9000 	C:\WINDOWS\SYSTEM32\profapi.dll
0x00007ffea6170000 - 0x00007ffea6187000 	C:\Program Files\Java\jdk-25.0.2\bin\zip.dll
0x00007ffea6150000 - 0x00007ffea6162000 	C:\Program Files\Java\jdk-25.0.2\bin\net.dll
0x00007ffec6290000 - 0x00007ffec62fc000 	C:\WINDOWS\system32\mswsock.dll
0x00007ffea4090000 - 0x00007ffea40a6000 	C:\Program Files\Java\jdk-25.0.2\bin\nio.dll
0x00007ffea6100000 - 0x00007ffea6110000 	C:\Program Files\Java\jdk-25.0.2\bin\verify.dll
0x00007ffea88b0000 - 0x00007ffea88d7000 	C:\Users\bac\.gradle\native\1def1411415f61bf3af743bc5b6707747c0891f09f0c88961ee8f79bc544acac\windows-amd64\native-platform.dll
0x00007ffe76cb0000 - 0x00007ffe76d27000 	C:\Users\bac\.gradle\native\0.2.8\x86_64-windows-gnu\gradle-fileevents.dll
0x00007ffea4080000 - 0x00007ffea408a000 	C:\Program Files\Java\jdk-25.0.2\bin\management.dll
0x00007ffea18e0000 - 0x00007ffea18ec000 	C:\Program Files\Java\jdk-25.0.2\bin\management_ext.dll
0x00007ffec97d0000 - 0x00007ffec97d8000 	C:\WINDOWS\System32\PSAPI.DLL
0x00007ffec5720000 - 0x00007ffec5752000 	C:\WINDOWS\SYSTEM32\IPHLPAPI.DLL
0x00007ffec9030000 - 0x00007ffec903a000 	C:\WINDOWS\System32\NSI.dll
0x00007ffea18c0000 - 0x00007ffea18c9000 	C:\Program Files\Java\jdk-25.0.2\bin\extnet.dll
0x00007ffec6570000 - 0x00007ffec658b000 	C:\WINDOWS\SYSTEM32\CRYPTSP.dll
0x00007ffec5c80000 - 0x00007ffec5cb9000 	C:\WINDOWS\system32\rsaenh.dll
0x00007ffec6340000 - 0x00007ffec6373000 	C:\WINDOWS\SYSTEM32\USERENV.dll
0x00007ffec6e80000 - 0x00007ffec6eaa000 	C:\WINDOWS\SYSTEM32\bcrypt.dll
0x00007ffec6590000 - 0x00007ffec659c000 	C:\WINDOWS\SYSTEM32\CRYPTBASE.dll
0x00007ffea18b0000 - 0x00007ffea18be000 	C:\Program Files\Java\jdk-25.0.2\bin\sunmscapi.dll
0x00007ffec6f90000 - 0x00007ffec7107000 	C:\WINDOWS\System32\CRYPT32.dll
0x00007ffec6790000 - 0x00007ffec67c0000 	C:\WINDOWS\SYSTEM32\ncrypt.dll
0x00007ffec6740000 - 0x00007ffec677f000 	C:\WINDOWS\SYSTEM32\NTASN1.dll
0x00007ffe90b30000 - 0x00007ffe90b38000 	C:\WINDOWS\system32\wshunix.dll

JVMTI agents:
C:\Users\bac\.gradle\wrapper\dists\gradle-9.1.0-bin\9agqghryom9wkf8r80qlhnts3\gradle-9.1.0\lib\agents\gradle-instrumentation-agent-9.1.0.jar path:C:\Program Files\Java\jdk-25.0.2\bin\instrument.dll, loaded, initialized, instrumentlib options:none

dbghelp: loaded successfully - version: 4.0.5 - missing functions: none
symbol engine: initialized successfully - sym options: 0x614 - pdb path: .;C:\Program Files\Java\jdk-25.0.2\bin;C:\WINDOWS\SYSTEM32;C:\WINDOWS\WinSxS\amd64_microsoft.windows.common-controls_6595b64144ccf1df_6.0.26100.8115_none_3e075c82e3354f9c;C:\Program Files\Java\jdk-25.0.2\bin\server;C:\Users\bac\.gradle\native\1def1411415f61bf3af743bc5b6707747c0891f09f0c88961ee8f79bc544acac\windows-amd64;C:\Users\bac\.gradle\native\0.2.8\x86_64-windows-gnu

VM Arguments:
jvm_args: --add-opens=java.base/java.lang=ALL-UNNAMED --add-opens=java.base/java.lang.invoke=ALL-UNNAMED --add-opens=java.base/java.util=ALL-UNNAMED --add-opens=java.prefs/java.util.prefs=ALL-UNNAMED --add-exports=jdk.compiler/com.sun.tools.javac.api=ALL-UNNAMED --add-exports=jdk.compiler/com.sun.tools.javac.util=ALL-UNNAMED --add-opens=java.base/java.util=ALL-UNNAMED --add-opens=java.prefs/java.util.prefs=ALL-UNNAMED --add-opens=java.base/java.nio.charset=ALL-UNNAMED --add-opens=java.base/java.net=ALL-UNNAMED --add-opens=java.base/java.util.concurrent=ALL-UNNAMED --add-opens=java.base/java.util.concurrent.atomic=ALL-UNNAMED --add-opens=java.xml/javax.xml.namespace=ALL-UNNAMED --add-opens=java.base/java.time=ALL-UNNAMED --enable-native-access=ALL-UNNAMED -Xmx2048m -Dfile.encoding=UTF-8 -Duser.country=US -Duser.language=en -Duser.variant -javaagent:C:\Users\bac\.gradle\wrapper\dists\gradle-9.1.0-bin\9agqghryom9wkf8r80qlhnts3\gradle-9.1.0\lib\agents\gradle-instrumentation-agent-9.1.0.jar 
java_command: org.gradle.launcher.daemon.bootstrap.GradleDaemon 9.1.0
java_class_path (initial): C:\Users\bac\.gradle\wrapper\dists\gradle-9.1.0-bin\9agqghryom9wkf8r80qlhnts3\gradle-9.1.0\lib\gradle-daemon-main-9.1.0.jar
Launcher Type: SUN_STANDARD

[Global flags]
     intx CICompilerCount                          = 4                                         {product} {ergonomic}
     uint ConcGCThreads                            = 3                                         {product} {ergonomic}
     uint G1ConcRefinementThreads                  = 10                                        {product} {ergonomic}
   size_t G1HeapRegionSize                         = 1048576                                   {product} {ergonomic}
   size_t InitialHeapSize                          = 232783872                                 {product} {ergonomic}
   size_t MarkStackSize                            = 4194304                                   {product} {ergonomic}
   size_t MarkStackSizeMax                         = 536870912                                 {product} {ergonomic}
   size_t MaxHeapSize                              = 2147483648                                {product} {command line}
   size_t MaxNewSize                               = 1287651328                                {product} {ergonomic}
   size_t MinHeapDeltaBytes                        = 1048576                                   {product} {ergonomic}
   size_t MinHeapSize                              = 8388608                                   {product} {ergonomic}
    uintx NonNMethodCodeHeapSize                   = 5832704                                {pd product} {ergonomic}
    uintx NonProfiledCodeHeapSize                  = 122945536                              {pd product} {ergonomic}
    uintx ProfiledCodeHeapSize                     = 122880000                              {pd product} {ergonomic}
    uintx ReservedCodeCacheSize                    = 251658240                              {pd product} {ergonomic}
     bool SegmentedCodeCache                       = true                                      {product} {ergonomic}
   size_t SoftMaxHeapSize                          = 2147483648                             {manageable} {ergonomic}
     bool UseCompressedOops                        = true                           {product lp64_product} {ergonomic}
     bool UseG1GC                                  = true                                      {product} {ergonomic}
     bool UseLargePagesIndividualAllocation        = false                                  {pd product} {ergonomic}

Logging:
Log output configuration:
 #0: stdout all=warning uptime,level,tags foldmultilines=false
 #1: stderr all=off uptime,level,tags foldmultilines=false

Release file:
IMPLEMENTOR="Oracle Corporation" 
JAVA_RUNTIME_VERSION="25.0.2+10-LTS-69" 
JAVA_VERSION="25.0.2" 
JAVA_VERSION_DATE="2026-01-20" 
LIBC="default" 
MODULES="java.base java.compiler java.datatransfer java.xml java.prefs java.desktop java.instrument java.logging java.management java.security.sasl java.naming java.rmi java.management.rmi java.net.http java.scripting java.security.jgss java.transaction.xa java.sql java.sql.rowset java.xml.crypto java.se java.smartcardio jdk.accessibility jdk.internal.jvmstat jdk.attach jdk.charsets jdk.internal.opt jdk.zipfs jdk.compiler jdk.crypto.cryptoki jdk.crypto.ec jdk.crypto.mscapi jdk.dynalink jdk.internal.ed jdk.editpad jdk.internal.vm.ci jdk.graal.compiler jdk.graal.compiler.management jdk.hotspot.agent jdk.httpserver jdk.incubator.vector jdk.internal.le jdk.internal.md jdk.jartool jdk.javadoc jdk.jcmd jdk.management jdk.management.agent jdk.jconsole jdk.jdeps jdk.jdwp.agent jdk.jdi jdk.jfr jdk.jlink jdk.jpackage jdk.jshell jdk.jsobject jdk.jstatd jdk.localedata jdk.management.jfr jdk.naming.dns jdk.naming.rmi jdk.net jdk.nio.mapmode jdk.sctp jdk.security.auth jdk.security.jgss jdk.unsupported jdk.unsupported.desktop jdk.xml.dom" 
OS_ARCH="x86_64" 
OS_NAME="Windows" 
SOURCE=".:git:b75efb40c93a open:git:405a5699ebd0" 

Environment Variables:
JAVA_HOME=C:\Program Files\Java\jdk-25.0.2
PATH=C:\Program Files\Common Files\Oracle\Java\javapath;C:\ProgramData\Oracle\Java\javapath;C:\Program Files\Microsoft MPI\Bin\;C:\WINDOWS\system32;C:\WINDOWS;C:\WINDOWS\System32\Wbem;C:\WINDOWS\System32\WindowsPowerShell\v1.0\;C:\WINDOWS\System32\OpenSSH\;C:\Program Files (x86)\Microsoft SQL Server\160\Tools\Binn\;C:\Program Files\Microsoft SQL Server\160\Tools\Binn\;C:\Program Files\Microsoft SQL Server\Client SDK\ODBC\170\Tools\Binn\;C:\Program Files\Microsoft SQL Server\160\DTS\Binn\;C:\Program Files\dotnet\;C:\Program Files\Azure Data Studio\bin;C:\Program Files\Microsoft SQL Server\150\Tools\Binn\;C:\Program Files\apache-maven-3.9.13\bin;C:\Users\bac\AppData\Local\Programs\Python\Python313\;C:\Users\bac\AppData\Local\Programs\Python\Python313\Scripts;D:\Game\download\flutter\bin;C:\Program Files\Git\cmd;D:\;C:\ProgramData\chocolatey\bin;C:\Users\bac\AppData\Local\Pub\Cache\bin;C:\Users\bac\AppData\Local\Programs\Python\Python310\Scripts\;C:\Users\bac\AppData\Local\Programs\Python\Python310\;c:\Users\bac\AppData\Local\Programs\cursor\resources\app\codeBin;C:\Users\bac\AppData\Local\Programs\Python\Launcher\;C:\Users\bac\AppData\Local\Programs\Python\Python313\Scripts\;C:\Users\bac\AppData\Local\Programs\Python\Python313\;C:\Users\bac\AppData\Local\Microsoft\WindowsApps;C:\Users\bac\.dotnet\tools;C:\Users\bac\AppData\Local\Programs\Microsoft VS Code\bin;C:\Program Files\Azure Data Studio\bin;C:\Users\bac\AppData\Roaming\npm;D:\Documents\Antigravity\bin
USERNAME=bac
OS=Windows_NT
PROCESSOR_IDENTIFIER=AMD64 Family 25 Model 80 Stepping 0, AuthenticAMD
TMP=C:\Users\bac\AppData\Local\Temp
TEMP=C:\Users\bac\AppData\Local\Temp




Compilation memory statistics disabled.

Periodic native trim disabled

---------------  S Y S T E M  ---------------

OS:
 Windows 11 , 64 bit Build 26100 (10.0.26100.8246)
OS uptime: 3 days 1:47 hours

CPU: total 12 (initial active 12) (12 cores per cpu, 2 threads per core) family 25 model 80 stepping 0 microcode 0xa50000d, cx8, cmov, fxsr, ht, mmx, 3dnowpref, sse, sse2, sse3, ssse3, sse4a, sse4.1, sse4.2, popcnt, lzcnt, tsc, tscinvbit, avx, avx2, aes, erms, clmul, bmi1, bmi2, adx, sha, fma, vzeroupper, clflush, clflushopt, clwb, rdtscp, rdpid, fsrm, f16c, pku, cet_ss
Processor Information for the first 12 processors :
  Max Mhz: 3301, Current Mhz: 3301, Mhz Limit: 3301

Memory: 4k page, system-wide physical 14188M (502M free)
TotalPageFile size 30903M (AvailPageFile size 31M)
current process WorkingSet (physical memory assigned to process): 199M, peak: 199M
current process commit charge ("private bytes"): 357M, peak: 358M

vm_info: Java HotSpot(TM) 64-Bit Server VM (25.0.2+10-LTS-69) for windows-amd64 JRE (25.0.2+10-LTS-69), built on 2025-12-18T11:36:35Z with MS VC++ 17.13 (VS2022)

END.
